#
# There is insufficient memory for the Java Runtime Environment to continue.
# Native memory allocation (malloc) failed to allocate 1657232 bytes for Chunk::new
# Possible reasons:
#   The system is out of physical RAM or swap space
#   The process is running with CompressedOops enabled, and the Java Heap may be blocking the growth of the native heap
# Possible solutions:
#   Reduce memory load on the system
#   Increase physical memory or swap space
#   Check if swap backing store is full
#   Decrease Java heap size (-Xmx/-Xms)
#   Decrease number of Java threads
#   Decrease Java thread stack sizes (-Xss)
#   Set larger code cache with -XX:ReservedCodeCacheSize=
#   JVM is running with Unscaled Compressed Oops mode in which the Java heap is
#     placed in the first 4GB address space. The Java Heap base address is the
#     maximum limit for the native heap growth. Please use -XX:HeapBaseMinAddress
#     to set the Java Heap base and to place the Java Heap above 4GB virtual address.
# This output file may be truncated or incomplete.
#
#  Out of Memory Error (arena.cpp:189), pid=55904, tid=55036
#
# JRE version: OpenJDK Runtime Environment Temurin-17.0.7+7 (17.0.7+7) (build 17.0.7+7)
# Java VM: OpenJDK 64-Bit Server VM Temurin-17.0.7+7 (17.0.7+7, mixed mode, sharing, tiered, compressed oops, compressed class ptrs, g1 gc, windows-amd64)
# No core dump will be written. Minidumps are not enabled by default on client versions of Windows
#

---------------  S U M M A R Y ------------

Command Line: --add-opens=java.base/java.lang=ALL-UNNAMED --add-opens=java.base/java.lang.invoke=ALL-UNNAMED --add-opens=java.base/java.util=ALL-UNNAMED --add-opens=java.prefs/java.util.prefs=ALL-UNNAMED --add-exports=jdk.compiler/com.sun.tools.javac.api=ALL-UNNAMED --add-exports=jdk.compiler/com.sun.tools.javac.util=ALL-UNNAMED --add-opens=java.base/java.util=ALL-UNNAMED --add-opens=java.prefs/java.util.prefs=ALL-UNNAMED --add-opens=java.base/java.nio.charset=ALL-UNNAMED --add-opens=java.base/java.net=ALL-UNNAMED --add-opens=java.base/java.util.concurrent.atomic=ALL-UNNAMED --add-opens=java.xml/javax.xml.namespace=ALL-UNNAMED -XX:MaxMetaspaceSize=384m -XX:+HeapDumpOnOutOfMemoryError -Xms256m -Xmx512m -Dfile.encoding=UTF-8 -Duser.country=IN -Duser.language=en -Duser.variant -javaagent:C:\Users\justl\.gradle\wrapper\dists\gradle-8.11.1-bin\bpt9gzteqjrbo1mjrsomdt32c\gradle-8.11.1\lib\agents\gradle-instrumentation-agent-8.11.1.jar org.gradle.launcher.daemon.bootstrap.GradleDaemon 8.11.1

Host: AMD Ryzen 5 5600H with Radeon Graphics         , 12 cores, 7G,  Windows 11 , 64 bit Build 22621 (10.0.22621.3958)
Time: Wed Dec  4 17:36:58 2024 India Standard Time elapsed time: 532.709565 seconds (0d 0h 8m 52s)

---------------  T H R E A D  ---------------

Current thread (0x00000190ccd24900):  JavaThread "C2 CompilerThread0" daemon [_thread_in_native, id=55036, stack(0x00000005f2100000,0x00000005f2200000)]


Current CompileTask:
C2: 532709 17154   !   4       java.io.ObjectOutputStream::writeObject0 (620 bytes)

Stack: [0x00000005f2100000,0x00000005f2200000]
Native frames: (J=compiled Java code, j=interpreted, Vv=VM code, C=native code)
V  [jvm.dll+0x67754a]
V  [jvm.dll+0x834304]
V  [jvm.dll+0x835aae]
V  [jvm.dll+0x836113]
V  [jvm.dll+0x24696f]
V  [jvm.dll+0xac0ac]
V  [jvm.dll+0xac67c]
V  [jvm.dll+0x364e37]
V  [jvm.dll+0x1bcde8]
V  [jvm.dll+0x219799]
V  [jvm.dll+0x218a61]
V  [jvm.dll+0x1a4d8d]
V  [jvm.dll+0x2284da]
V  [jvm.dll+0x226615]
V  [jvm.dll+0x7ea90b]
V  [jvm.dll+0x7e4e7a]
V  [jvm.dll+0x676395]
C  [ucrtbase.dll+0x29333]
C  [KERNEL32.DLL+0x1257d]
C  [ntdll.dll+0x5af08]


---------------  P R O C E S S  ---------------

Threads class SMR info:
_java_thread_list=0x00000190d42c0470, length=52, elements={
0x00000190b1d99290, 0x00000190ccd079b0, 0x00000190ccd08820, 0x00000190ccd1e000,
0x00000190ccd20ac0, 0x00000190ccd21470, 0x00000190ccd21e20, 0x00000190ccd24900,
0x00000190ccd27b60, 0x00000190ccd29080, 0x00000190cccf2d80, 0x00000190d1204a60,
0x00000190d2aee200, 0x00000190d2050e00, 0x00000190d2ab5600, 0x00000190d2ab5fa0,
0x00000190d2ab2f80, 0x00000190d2ab42c0, 0x00000190d4da55d0, 0x00000190d4da5aa0,
0x00000190d4da6de0, 0x00000190d4da6910, 0x00000190d4da5f70, 0x00000190d4da72b0,
0x00000190d3a4da20, 0x00000190d3a50a40, 0x00000190d3a4f700, 0x00000190d3a4d550,
0x00000190d3a4e890, 0x00000190d3a4bd40, 0x00000190d3a4aa00, 0x00000190d3a4aed0,
0x00000190d3a4c210, 0x00000190d5e03220, 0x00000190d38211a0, 0x00000190d57d34f0,
0x00000190d57d7380, 0x00000190d57d3e90, 0x00000190d61b2f20, 0x00000190d61af560,
0x00000190d61b5f40, 0x00000190d61b38c0, 0x00000190d61b4730, 0x00000190d61b6410,
0x00000190d61b0d70, 0x00000190d61b5a70, 0x00000190d5e42150, 0x00000190d5e3bc40,
0x00000190d5e3f130, 0x00000190d5e3f600, 0x00000190d5e43490, 0x00000190d5e3d450
}

Java Threads: ( => current thread )
  0x00000190b1d99290 JavaThread "main" [_thread_blocked, id=12936, stack(0x00000005f1400000,0x00000005f1500000)]
  0x00000190ccd079b0 JavaThread "Reference Handler" daemon [_thread_blocked, id=43912, stack(0x00000005f1b00000,0x00000005f1c00000)]
  0x00000190ccd08820 JavaThread "Finalizer" daemon [_thread_blocked, id=57932, stack(0x00000005f1c00000,0x00000005f1d00000)]
  0x00000190ccd1e000 JavaThread "Signal Dispatcher" daemon [_thread_blocked, id=52036, stack(0x00000005f1d00000,0x00000005f1e00000)]
  0x00000190ccd20ac0 JavaThread "Attach Listener" daemon [_thread_blocked, id=58248, stack(0x00000005f1e00000,0x00000005f1f00000)]
  0x00000190ccd21470 JavaThread "Service Thread" daemon [_thread_blocked, id=20964, stack(0x00000005f1f00000,0x00000005f2000000)]
  0x00000190ccd21e20 JavaThread "Monitor Deflation Thread" daemon [_thread_blocked, id=42476, stack(0x00000005f2000000,0x00000005f2100000)]
=>0x00000190ccd24900 JavaThread "C2 CompilerThread0" daemon [_thread_in_native, id=55036, stack(0x00000005f2100000,0x00000005f2200000)]
  0x00000190ccd27b60 JavaThread "C1 CompilerThread0" daemon [_thread_blocked, id=1952, stack(0x00000005f2200000,0x00000005f2300000)]
  0x00000190ccd29080 JavaThread "Sweeper thread" daemon [_thread_blocked, id=47832, stack(0x00000005f2300000,0x00000005f2400000)]
  0x00000190cccf2d80 JavaThread "Common-Cleaner" daemon [_thread_blocked, id=55608, stack(0x00000005f2400000,0x00000005f2500000)]
  0x00000190d1204a60 JavaThread "Notification Thread" daemon [_thread_blocked, id=41520, stack(0x00000005f2600000,0x00000005f2700000)]
  0x00000190d2aee200 JavaThread "Daemon health stats" [_thread_blocked, id=29736, stack(0x00000005f2d00000,0x00000005f2e00000)]
  0x00000190d2050e00 JavaThread "Incoming local TCP Connector on port 6882" [_thread_in_native, id=58060, stack(0x00000005f2e00000,0x00000005f2f00000)]
  0x00000190d2ab5600 JavaThread "Daemon periodic checks" [_thread_blocked, id=57892, stack(0x00000005f2f00000,0x00000005f3000000)]
  0x00000190d2ab5fa0 JavaThread "Cache worker for journal cache (C:\Users\justl\.gradle\caches\journal-1)" [_thread_blocked, id=55124, stack(0x00000005f3700000,0x00000005f3800000)]
  0x00000190d2ab2f80 JavaThread "File lock request listener" [_thread_in_native, id=56896, stack(0x00000005f3800000,0x00000005f3900000)]
  0x00000190d2ab42c0 JavaThread "Cache worker for file hash cache (C:\Users\justl\.gradle\caches\8.11.1\fileHashes)" [_thread_blocked, id=40760, stack(0x00000005f3900000,0x00000005f3a00000)]
  0x00000190d4da55d0 JavaThread "Cache worker for file content cache (C:\Users\justl\.gradle\caches\8.11.1\fileContent)" [_thread_blocked, id=12212, stack(0x00000005f3a00000,0x00000005f3b00000)]
  0x00000190d4da5aa0 JavaThread "File watcher server" daemon [_thread_in_native, id=17304, stack(0x00000005f4300000,0x00000005f4400000)]
  0x00000190d4da6de0 JavaThread "File watcher consumer" daemon [_thread_blocked, id=54168, stack(0x00000005f4400000,0x00000005f4500000)]
  0x00000190d4da6910 JavaThread "jar transforms" [_thread_blocked, id=55956, stack(0x00000005f4500000,0x00000005f4600000)]
  0x00000190d4da5f70 JavaThread "jar transforms Thread 2" [_thread_blocked, id=21084, stack(0x00000005f4600000,0x00000005f4700000)]
  0x00000190d4da72b0 JavaThread "jar transforms Thread 3" [_thread_blocked, id=52496, stack(0x00000005f4700000,0x00000005f4800000)]
  0x00000190d3a4da20 JavaThread "jar transforms Thread 4" [_thread_blocked, id=38192, stack(0x00000005f4b00000,0x00000005f4c00000)]
  0x00000190d3a50a40 JavaThread "jar transforms Thread 5" [_thread_blocked, id=58480, stack(0x00000005f4c00000,0x00000005f4d00000)]
  0x00000190d3a4f700 JavaThread "jar transforms Thread 6" [_thread_blocked, id=58464, stack(0x00000005f4d00000,0x00000005f4e00000)]
  0x00000190d3a4d550 JavaThread "jar transforms Thread 7" [_thread_blocked, id=59548, stack(0x00000005f4e00000,0x00000005f4f00000)]
  0x00000190d3a4e890 JavaThread "jar transforms Thread 8" [_thread_blocked, id=56172, stack(0x00000005f4f00000,0x00000005f5000000)]
  0x00000190d3a4bd40 JavaThread "jar transforms Thread 9" [_thread_blocked, id=56020, stack(0x00000005f5000000,0x00000005f5100000)]
  0x00000190d3a4aa00 JavaThread "jar transforms Thread 10" [_thread_blocked, id=56612, stack(0x00000005f5100000,0x00000005f5200000)]
  0x00000190d3a4aed0 JavaThread "jar transforms Thread 11" [_thread_blocked, id=51040, stack(0x00000005f5200000,0x00000005f5300000)]
  0x00000190d3a4c210 JavaThread "jar transforms Thread 12" [_thread_blocked, id=55828, stack(0x00000005f5500000,0x00000005f5600000)]
  0x00000190d5e03220 JavaThread "Memory manager" [_thread_blocked, id=57284, stack(0x00000005f7700000,0x00000005f7800000)]
  0x00000190d38211a0 JavaThread "ForkJoinPool.commonPool-worker-2" daemon [_thread_blocked, id=51080, stack(0x00000005fd000000,0x00000005fd100000)]
  0x00000190d57d34f0 JavaThread "ForkJoinPool.commonPool-worker-6" daemon [_thread_blocked, id=43876, stack(0x00000005fd400000,0x00000005fd500000)]
  0x00000190d57d7380 JavaThread "ForkJoinPool.commonPool-worker-9" daemon [_thread_blocked, id=52420, stack(0x00000005fd700000,0x00000005fd800000)]
  0x00000190d57d3e90 JavaThread "ForkJoinPool.commonPool-worker-10" daemon [_thread_blocked, id=59208, stack(0x00000005fd800000,0x00000005fd900000)]
  0x00000190d61b2f20 JavaThread "File lock release action executor" [_thread_blocked, id=50820, stack(0x00000005f1100000,0x00000005f1200000)]
  0x00000190d61af560 JavaThread "Daemon Thread 3" [_thread_blocked, id=12352, stack(0x00000005f1200000,0x00000005f1300000)]
  0x00000190d61b5f40 JavaThread "Handler for socket connection from /127.0.0.1:6882 to /127.0.0.1:33713" [_thread_in_native, id=24996, stack(0x00000005f1300000,0x00000005f1400000)]
  0x00000190d61b38c0 JavaThread "Cancel handler" [_thread_blocked, id=11140, stack(0x00000005f2500000,0x00000005f2600000)]
  0x00000190d61b4730 JavaThread "Daemon worker Thread 3" [_thread_blocked, id=55752, stack(0x00000005f3000000,0x00000005f3100000)]
  0x00000190d61b6410 JavaThread "Asynchronous log dispatcher for DefaultDaemonConnection: socket connection from /127.0.0.1:6882 to /127.0.0.1:33713" [_thread_blocked, id=12388, stack(0x00000005f3100000,0x00000005f3200000)]
  0x00000190d61b0d70 JavaThread "Stdin handler" [_thread_blocked, id=47320, stack(0x00000005f3200000,0x00000005f3300000)]
  0x00000190d61b5a70 JavaThread "Daemon client event forwarder" [_thread_blocked, id=58476, stack(0x00000005f3300000,0x00000005f3400000)]
  0x00000190d5e42150 JavaThread "Unconstrained build operations Thread 34" [_thread_blocked, id=57320, stack(0x00000005f7400000,0x00000005f7500000)]
  0x00000190d5e3bc40 JavaThread "Unconstrained build operations Thread 35" [_thread_blocked, id=21704, stack(0x00000005f7500000,0x00000005f7600000)]
  0x00000190d5e3f130 JavaThread "Unconstrained build operations Thread 36" [_thread_blocked, id=57132, stack(0x00000005f7600000,0x00000005f7700000)]
  0x00000190d5e3f600 JavaThread "Unconstrained build operations Thread 37" [_thread_blocked, id=40668, stack(0x00000005f7800000,0x00000005f7900000)]
  0x00000190d5e43490 JavaThread "Unconstrained build operations Thread 38" [_thread_blocked, id=50440, stack(0x00000005f7900000,0x00000005f7a00000)]
  0x00000190d5e3d450 JavaThread "Unconstrained build operations Thread 39" [_thread_blocked, id=53892, stack(0x00000005f7a00000,0x00000005f7b00000)]

Other Threads:
  0x00000190ccd031f0 VMThread "VM Thread" [stack: 0x00000005f1a00000,0x00000005f1b00000] [id=53720]
  0x00000190b1dd49f0 WatcherThread [stack: 0x00000005f2700000,0x00000005f2800000] [id=52432]
  0x00000190b1dc8050 GCTaskThread "GC Thread#0" [stack: 0x00000005f1500000,0x00000005f1600000] [id=40884]
  0x00000190d12bcf80 GCTaskThread "GC Thread#1" [stack: 0x00000005f2800000,0x00000005f2900000] [id=56780]
  0x00000190d12bbcb0 GCTaskThread "GC Thread#2" [stack: 0x00000005f2900000,0x00000005f2a00000] [id=49596]
  0x00000190d12bccd0 GCTaskThread "GC Thread#3" [stack: 0x00000005f2a00000,0x00000005f2b00000] [id=58696]
  0x00000190d12bd230 GCTaskThread "GC Thread#4" [stack: 0x00000005f2b00000,0x00000005f2c00000] [id=54536]
  0x00000190d12bb750 GCTaskThread "GC Thread#5" [stack: 0x00000005f2c00000,0x00000005f2d00000] [id=7800]
  0x00000190d35e5de0 GCTaskThread "GC Thread#6" [stack: 0x00000005f3d00000,0x00000005f3e00000] [id=50660]
  0x00000190d35e5070 GCTaskThread "GC Thread#7" [stack: 0x00000005f3e00000,0x00000005f3f00000] [id=51620]
  0x00000190d35e5320 GCTaskThread "GC Thread#8" [stack: 0x00000005f3f00000,0x00000005f4000000] [id=58708]
  0x00000190d35e55d0 GCTaskThread "GC Thread#9" [stack: 0x00000005f4000000,0x00000005f4100000] [id=55908]
  0x00000190b1dccf90 ConcurrentGCThread "G1 Main Marker" [stack: 0x00000005f1600000,0x00000005f1700000] [id=51832]
  0x00000190b1dcf150 ConcurrentGCThread "G1 Conc#0" [stack: 0x00000005f1700000,0x00000005f1800000] [id=50644]
  0x00000190d35e5880 ConcurrentGCThread "G1 Conc#1" [stack: 0x00000005f4100000,0x00000005f4200000] [id=39268]
  0x00000190d35e6b50 ConcurrentGCThread "G1 Conc#2" [stack: 0x00000005f4200000,0x00000005f4300000] [id=59076]
  0x00000190b1e4d540 ConcurrentGCThread "G1 Refine#0" [stack: 0x00000005f1800000,0x00000005f1900000] [id=1132]
  0x00000190d4b7b870 ConcurrentGCThread "G1 Refine#1" [stack: 0x00000005f5300000,0x00000005f5400000] [id=52808]
  0x00000190d4b7bb50 ConcurrentGCThread "G1 Refine#2" [stack: 0x00000005f5400000,0x00000005f5500000] [id=45744]
  0x00000190b1e4df60 ConcurrentGCThread "G1 Service" [stack: 0x00000005f1900000,0x00000005f1a00000] [id=51044]

Threads with active compile tasks:
C2 CompilerThread0   532742 17154   !   4       java.io.ObjectOutputStream::writeObject0 (620 bytes)

VM state: not at safepoint (normal execution)

VM Mutex/Monitor currently owned by a thread: None

OutOfMemory and StackOverflow Exception counts:
OutOfMemoryError java_heap_errors=1
LinkageErrors=242

Heap address: 0x00000000e0000000, size: 512 MB, Compressed Oops mode: 32-bit

CDS archive(s) mapped at: [0x0000000800000000-0x0000000800bc0000-0x0000000800bc0000), size 12320768, SharedBaseAddress: 0x0000000800000000, ArchiveRelocationMode: 0.
Compressed class space mapped at: 0x0000000801000000-0x0000000815000000, reserved size: 335544320
Narrow klass base: 0x0000000800000000, Narrow klass shift: 0, Narrow klass range: 0x100000000

GC Precious Log:
 CPUs: 12 total, 12 available
 Memory: 7518M
 Large Page Support: Disabled
 NUMA Support: Disabled
 Compressed Oops: Enabled (32-bit)
 Heap Region Size: 1M
 Heap Min Capacity: 256M
 Heap Initial Capacity: 256M
 Heap Max Capacity: 512M
 Pre-touch: Disabled
 Parallel Workers: 10
 Concurrent Workers: 3
 Concurrent Refinement Workers: 10
 Periodic GC: Disabled

Heap:
 garbage-first heap   total 262144K, used 226953K [0x00000000e0000000, 0x0000000100000000)
  region size 1024K, 126 young (129024K), 11 survivors (11264K)
 Metaspace       used 82247K, committed 83328K, reserved 458752K
  class space    used 11286K, committed 11776K, reserved 327680K

Heap Regions: E=young(eden), S=young(survivor), O=old, HS=humongous(starts), HC=humongous(continues), CS=collection set, F=free, OA=open archive, CA=closed archive, TAMS=top-at-mark-start (previous, next)
|   0|0x00000000e0000000, 0x00000000e0100000, 0x00000000e0100000|100%| O|  |TAMS 0x00000000e0100000, 0x00000000e0000000| Untracked 
|   1|0x00000000e0100000, 0x00000000e0200000, 0x00000000e0200000|100%|HS|  |TAMS 0x00000000e0200000, 0x00000000e0100000| Complete 
|   2|0x00000000e0200000, 0x00000000e0300000, 0x00000000e0300000|100%|HC|  |TAMS 0x00000000e0300000, 0x00000000e0200000| Complete 
|   3|0x00000000e0300000, 0x00000000e0400000, 0x00000000e0400000|100%|HC|  |TAMS 0x00000000e0400000, 0x00000000e0300000| Complete 
|   4|0x00000000e0400000, 0x00000000e0500000, 0x00000000e0500000|100%| O|  |TAMS 0x00000000e0500000, 0x00000000e0400000| Untracked 
|   5|0x00000000e0500000, 0x00000000e0600000, 0x00000000e0600000|100%| O|  |TAMS 0x00000000e0600000, 0x00000000e0500000| Untracked 
|   6|0x00000000e0600000, 0x00000000e0700000, 0x00000000e0700000|100%| O|  |TAMS 0x00000000e0700000, 0x00000000e0600000| Untracked 
|   7|0x00000000e0700000, 0x00000000e0800000, 0x00000000e0800000|100%|HS|  |TAMS 0x00000000e0800000, 0x00000000e0700000| Complete 
|   8|0x00000000e0800000, 0x00000000e0900000, 0x00000000e0900000|100%| O|  |TAMS 0x00000000e0900000, 0x00000000e0800000| Untracked 
|   9|0x00000000e0900000, 0x00000000e0a00000, 0x00000000e0a00000|100%| O|  |TAMS 0x00000000e0a00000, 0x00000000e0900000| Untracked 
|  10|0x00000000e0a00000, 0x00000000e0b00000, 0x00000000e0b00000|100%| O|  |TAMS 0x00000000e0b00000, 0x00000000e0a00000| Untracked 
|  11|0x00000000e0b00000, 0x00000000e0c00000, 0x00000000e0c00000|100%| O|  |TAMS 0x00000000e0c00000, 0x00000000e0b00000| Untracked 
|  12|0x00000000e0c00000, 0x00000000e0d00000, 0x00000000e0d00000|100%| O|  |TAMS 0x00000000e0d00000, 0x00000000e0c00000| Untracked 
|  13|0x00000000e0d00000, 0x00000000e0e00000, 0x00000000e0e00000|100%| O|  |TAMS 0x00000000e0e00000, 0x00000000e0d00000| Untracked 
|  14|0x00000000e0e00000, 0x00000000e0f00000, 0x00000000e0f00000|100%| O|  |TAMS 0x00000000e0f00000, 0x00000000e0e00000| Untracked 
|  15|0x00000000e0f00000, 0x00000000e1000000, 0x00000000e1000000|100%| O|  |TAMS 0x00000000e1000000, 0x00000000e0f00000| Untracked 
|  16|0x00000000e1000000, 0x00000000e1100000, 0x00000000e1100000|100%| O|  |TAMS 0x00000000e1100000, 0x00000000e1000000| Untracked 
|  17|0x00000000e1100000, 0x00000000e1200000, 0x00000000e1200000|100%| O|  |TAMS 0x00000000e1200000, 0x00000000e1100000| Untracked 
|  18|0x00000000e1200000, 0x00000000e1300000, 0x00000000e1300000|100%| O|  |TAMS 0x00000000e1300000, 0x00000000e1200000| Untracked 
|  19|0x00000000e1300000, 0x00000000e1400000, 0x00000000e1400000|100%| O|  |TAMS 0x00000000e1400000, 0x00000000e1300000| Untracked 
|  20|0x00000000e1400000, 0x00000000e1500000, 0x00000000e1500000|100%| O|  |TAMS 0x00000000e1500000, 0x00000000e1400000| Untracked 
|  21|0x00000000e1500000, 0x00000000e1600000, 0x00000000e1600000|100%| O|  |TAMS 0x00000000e1600000, 0x00000000e1500000| Untracked 
|  22|0x00000000e1600000, 0x00000000e1700000, 0x00000000e1700000|100%| O|  |TAMS 0x00000000e1700000, 0x00000000e1600000| Untracked 
|  23|0x00000000e1700000, 0x00000000e1800000, 0x00000000e1800000|100%| O|  |TAMS 0x00000000e1800000, 0x00000000e1700000| Untracked 
|  24|0x00000000e1800000, 0x00000000e1900000, 0x00000000e1900000|100%| O|  |TAMS 0x00000000e1900000, 0x00000000e1800000| Untracked 
|  25|0x00000000e1900000, 0x00000000e1a00000, 0x00000000e1a00000|100%| O|  |TAMS 0x00000000e1a00000, 0x00000000e1900000| Untracked 
|  26|0x00000000e1a00000, 0x00000000e1b00000, 0x00000000e1b00000|100%| O|  |TAMS 0x00000000e1b00000, 0x00000000e1a00000| Untracked 
|  27|0x00000000e1b00000, 0x00000000e1c00000, 0x00000000e1c00000|100%| O|  |TAMS 0x00000000e1c00000, 0x00000000e1b00000| Untracked 
|  28|0x00000000e1c00000, 0x00000000e1d00000, 0x00000000e1d00000|100%| O|  |TAMS 0x00000000e1d00000, 0x00000000e1c00000| Untracked 
|  29|0x00000000e1d00000, 0x00000000e1e00000, 0x00000000e1e00000|100%| O|  |TAMS 0x00000000e1e00000, 0x00000000e1d00000| Untracked 
|  30|0x00000000e1e00000, 0x00000000e1f00000, 0x00000000e1f00000|100%| O|  |TAMS 0x00000000e1f00000, 0x00000000e1e00000| Untracked 
|  31|0x00000000e1f00000, 0x00000000e2000000, 0x00000000e2000000|100%| O|  |TAMS 0x00000000e1f76a00, 0x00000000e1f00000| Untracked 
|  32|0x00000000e2000000, 0x00000000e2100000, 0x00000000e2100000|100%| O|  |TAMS 0x00000000e2000000, 0x00000000e2000000| Untracked 
|  33|0x00000000e2100000, 0x00000000e2200000, 0x00000000e2200000|100%| O|  |TAMS 0x00000000e2100000, 0x00000000e2100000| Untracked 
|  34|0x00000000e2200000, 0x00000000e2300000, 0x00000000e2300000|100%| O|  |TAMS 0x00000000e2200000, 0x00000000e2200000| Untracked 
|  35|0x00000000e2300000, 0x00000000e2400000, 0x00000000e2400000|100%| O|  |TAMS 0x00000000e2300000, 0x00000000e2300000| Untracked 
|  36|0x00000000e2400000, 0x00000000e2500000, 0x00000000e2500000|100%| O|  |TAMS 0x00000000e2400000, 0x00000000e2400000| Untracked 
|  37|0x00000000e2500000, 0x00000000e2600000, 0x00000000e2600000|100%| O|  |TAMS 0x00000000e2500000, 0x00000000e2500000| Untracked 
|  38|0x00000000e2600000, 0x00000000e2700000, 0x00000000e2700000|100%| O|  |TAMS 0x00000000e2600000, 0x00000000e2600000| Untracked 
|  39|0x00000000e2700000, 0x00000000e2800000, 0x00000000e2800000|100%| O|  |TAMS 0x00000000e2700000, 0x00000000e2700000| Untracked 
|  40|0x00000000e2800000, 0x00000000e2900000, 0x00000000e2900000|100%| O|  |TAMS 0x00000000e2800000, 0x00000000e2800000| Untracked 
|  41|0x00000000e2900000, 0x00000000e2a00000, 0x00000000e2a00000|100%| O|  |TAMS 0x00000000e2900000, 0x00000000e2900000| Untracked 
|  42|0x00000000e2a00000, 0x00000000e2b00000, 0x00000000e2b00000|100%| O|  |TAMS 0x00000000e2a00000, 0x00000000e2a00000| Untracked 
|  43|0x00000000e2b00000, 0x00000000e2c00000, 0x00000000e2c00000|100%| O|  |TAMS 0x00000000e2b00000, 0x00000000e2b00000| Untracked 
|  44|0x00000000e2c00000, 0x00000000e2d00000, 0x00000000e2d00000|100%| O|  |TAMS 0x00000000e2c00000, 0x00000000e2c00000| Untracked 
|  45|0x00000000e2d00000, 0x00000000e2e00000, 0x00000000e2e00000|100%| O|  |TAMS 0x00000000e2d00000, 0x00000000e2d00000| Untracked 
|  46|0x00000000e2e00000, 0x00000000e2f00000, 0x00000000e2f00000|100%| O|  |TAMS 0x00000000e2e00000, 0x00000000e2e00000| Untracked 
|  47|0x00000000e2f00000, 0x00000000e3000000, 0x00000000e3000000|100%| O|  |TAMS 0x00000000e2f00000, 0x00000000e2f00000| Untracked 
|  48|0x00000000e3000000, 0x00000000e3100000, 0x00000000e3100000|100%| O|  |TAMS 0x00000000e3000000, 0x00000000e3000000| Untracked 
|  49|0x00000000e3100000, 0x00000000e3200000, 0x00000000e3200000|100%| O|  |TAMS 0x00000000e3100000, 0x00000000e3100000| Untracked 
|  50|0x00000000e3200000, 0x00000000e3300000, 0x00000000e3300000|100%| O|  |TAMS 0x00000000e3200000, 0x00000000e3200000| Untracked 
|  51|0x00000000e3300000, 0x00000000e3400000, 0x00000000e3400000|100%| O|  |TAMS 0x00000000e3300000, 0x00000000e3300000| Untracked 
|  52|0x00000000e3400000, 0x00000000e3500000, 0x00000000e3500000|100%| O|  |TAMS 0x00000000e3400000, 0x00000000e3400000| Untracked 
|  53|0x00000000e3500000, 0x00000000e3600000, 0x00000000e3600000|100%| O|  |TAMS 0x00000000e3500000, 0x00000000e3500000| Untracked 
|  54|0x00000000e3600000, 0x00000000e3700000, 0x00000000e3700000|100%| O|  |TAMS 0x00000000e3600000, 0x00000000e3600000| Untracked 
|  55|0x00000000e3700000, 0x00000000e3800000, 0x00000000e3800000|100%| O|  |TAMS 0x00000000e3700000, 0x00000000e3700000| Untracked 
|  56|0x00000000e3800000, 0x00000000e3900000, 0x00000000e3900000|100%| O|  |TAMS 0x00000000e3800000, 0x00000000e3800000| Untracked 
|  57|0x00000000e3900000, 0x00000000e3a00000, 0x00000000e3a00000|100%| O|  |TAMS 0x00000000e3900000, 0x00000000e3900000| Untracked 
|  58|0x00000000e3a00000, 0x00000000e3b00000, 0x00000000e3b00000|100%| O|  |TAMS 0x00000000e3a00000, 0x00000000e3a00000| Untracked 
|  59|0x00000000e3b00000, 0x00000000e3c00000, 0x00000000e3c00000|100%| O|  |TAMS 0x00000000e3b00000, 0x00000000e3b00000| Untracked 
|  60|0x00000000e3c00000, 0x00000000e3d00000, 0x00000000e3d00000|100%| O|  |TAMS 0x00000000e3c00000, 0x00000000e3c00000| Untracked 
|  61|0x00000000e3d00000, 0x00000000e3e00000, 0x00000000e3e00000|100%| O|  |TAMS 0x00000000e3d00000, 0x00000000e3d00000| Untracked 
|  62|0x00000000e3e00000, 0x00000000e3f00000, 0x00000000e3f00000|100%| O|  |TAMS 0x00000000e3e00000, 0x00000000e3e00000| Untracked 
|  63|0x00000000e3f00000, 0x00000000e4000000, 0x00000000e4000000|100%| O|  |TAMS 0x00000000e3f00000, 0x00000000e3f00000| Untracked 
|  64|0x00000000e4000000, 0x00000000e4100000, 0x00000000e4100000|100%| O|  |TAMS 0x00000000e4000000, 0x00000000e4000000| Untracked 
|  65|0x00000000e4100000, 0x00000000e4200000, 0x00000000e4200000|100%| O|  |TAMS 0x00000000e4100000, 0x00000000e4100000| Untracked 
|  66|0x00000000e4200000, 0x00000000e4300000, 0x00000000e4300000|100%| O|  |TAMS 0x00000000e4200000, 0x00000000e4200000| Untracked 
|  67|0x00000000e4300000, 0x00000000e4400000, 0x00000000e4400000|100%| O|  |TAMS 0x00000000e4300000, 0x00000000e4300000| Untracked 
|  68|0x00000000e4400000, 0x00000000e4500000, 0x00000000e4500000|100%| O|  |TAMS 0x00000000e4400000, 0x00000000e4400000| Untracked 
|  69|0x00000000e4500000, 0x00000000e4600000, 0x00000000e4600000|100%|HS|  |TAMS 0x00000000e4500000, 0x00000000e4500000| Complete 
|  70|0x00000000e4600000, 0x00000000e4700000, 0x00000000e4700000|100%|HC|  |TAMS 0x00000000e4600000, 0x00000000e4600000| Complete 
|  71|0x00000000e4700000, 0x00000000e4800000, 0x00000000e4800000|100%|HC|  |TAMS 0x00000000e4700000, 0x00000000e4700000| Complete 
|  72|0x00000000e4800000, 0x00000000e4900000, 0x00000000e4900000|100%|HC|  |TAMS 0x00000000e4800000, 0x00000000e4800000| Complete 
|  73|0x00000000e4900000, 0x00000000e4a00000, 0x00000000e4a00000|100%|HC|  |TAMS 0x00000000e4900000, 0x00000000e4900000| Complete 
|  74|0x00000000e4a00000, 0x00000000e4b00000, 0x00000000e4b00000|100%|HS|  |TAMS 0x00000000e4a00000, 0x00000000e4a00000| Complete 
|  75|0x00000000e4b00000, 0x00000000e4c00000, 0x00000000e4c00000|100%|HC|  |TAMS 0x00000000e4b00000, 0x00000000e4b00000| Complete 
|  76|0x00000000e4c00000, 0x00000000e4d00000, 0x00000000e4d00000|100%|HC|  |TAMS 0x00000000e4c00000, 0x00000000e4c00000| Complete 
|  77|0x00000000e4d00000, 0x00000000e4e00000, 0x00000000e4e00000|100%|HS|  |TAMS 0x00000000e4d00000, 0x00000000e4d00000| Complete 
|  78|0x00000000e4e00000, 0x00000000e4f00000, 0x00000000e4f00000|100%|HC|  |TAMS 0x00000000e4e00000, 0x00000000e4e00000| Complete 
|  79|0x00000000e4f00000, 0x00000000e5000000, 0x00000000e5000000|100%|HS|  |TAMS 0x00000000e4f00000, 0x00000000e4f00000| Complete 
|  80|0x00000000e5000000, 0x00000000e5100000, 0x00000000e5100000|100%| O|  |TAMS 0x00000000e5000000, 0x00000000e5000000| Untracked 
|  81|0x00000000e5100000, 0x00000000e5200000, 0x00000000e5200000|100%| O|  |TAMS 0x00000000e5100000, 0x00000000e5100000| Untracked 
|  82|0x00000000e5200000, 0x00000000e5300000, 0x00000000e5300000|100%| O|  |TAMS 0x00000000e5200000, 0x00000000e5200000| Untracked 
|  83|0x00000000e5300000, 0x00000000e5400000, 0x00000000e5400000|100%| O|  |TAMS 0x00000000e5300000, 0x00000000e5300000| Untracked 
|  84|0x00000000e5400000, 0x00000000e54abc00, 0x00000000e5500000| 67%| O|  |TAMS 0x00000000e5400000, 0x00000000e5400000| Untracked 
|  85|0x00000000e5500000, 0x00000000e5600000, 0x00000000e5600000|100%|HS|  |TAMS 0x00000000e5500000, 0x00000000e5500000| Complete 
|  86|0x00000000e5600000, 0x00000000e5700000, 0x00000000e5700000|100%|HC|  |TAMS 0x00000000e5600000, 0x00000000e5600000| Complete 
|  87|0x00000000e5700000, 0x00000000e5800000, 0x00000000e5800000|100%|HC|  |TAMS 0x00000000e5700000, 0x00000000e5700000| Complete 
|  88|0x00000000e5800000, 0x00000000e5900000, 0x00000000e5900000|100%|HC|  |TAMS 0x00000000e5800000, 0x00000000e5800000| Complete 
|  89|0x00000000e5900000, 0x00000000e5a00000, 0x00000000e5a00000|100%|HC|  |TAMS 0x00000000e5900000, 0x00000000e5900000| Complete 
|  90|0x00000000e5a00000, 0x00000000e5b00000, 0x00000000e5b00000|100%|HS|  |TAMS 0x00000000e5a00000, 0x00000000e5a00000| Complete 
|  91|0x00000000e5b00000, 0x00000000e5c00000, 0x00000000e5c00000|100%|HC|  |TAMS 0x00000000e5b00000, 0x00000000e5b00000| Complete 
|  92|0x00000000e5c00000, 0x00000000e5d00000, 0x00000000e5d00000|100%|HS|  |TAMS 0x00000000e5c00000, 0x00000000e5c00000| Complete 
|  93|0x00000000e5d00000, 0x00000000e5e00000, 0x00000000e5e00000|100%|HC|  |TAMS 0x00000000e5d00000, 0x00000000e5d00000| Complete 
|  94|0x00000000e5e00000, 0x00000000e5f00000, 0x00000000e5f00000|100%|HC|  |TAMS 0x00000000e5e00000, 0x00000000e5e00000| Complete 
|  95|0x00000000e5f00000, 0x00000000e6000000, 0x00000000e6000000|100%|HC|  |TAMS 0x00000000e5f00000, 0x00000000e5f00000| Complete 
|  96|0x00000000e6000000, 0x00000000e6100000, 0x00000000e6100000|100%|HC|  |TAMS 0x00000000e6000000, 0x00000000e6000000| Complete 
|  97|0x00000000e6100000, 0x00000000e6100000, 0x00000000e6200000|  0%| F|  |TAMS 0x00000000e6100000, 0x00000000e6100000| Untracked 
|  98|0x00000000e6200000, 0x00000000e6200000, 0x00000000e6300000|  0%| F|  |TAMS 0x00000000e6200000, 0x00000000e6200000| Untracked 
|  99|0x00000000e6300000, 0x00000000e6300000, 0x00000000e6400000|  0%| F|  |TAMS 0x00000000e6300000, 0x00000000e6300000| Untracked 
| 100|0x00000000e6400000, 0x00000000e6400000, 0x00000000e6500000|  0%| F|  |TAMS 0x00000000e6400000, 0x00000000e6400000| Untracked 
| 101|0x00000000e6500000, 0x00000000e6500000, 0x00000000e6600000|  0%| F|  |TAMS 0x00000000e6500000, 0x00000000e6500000| Untracked 
| 102|0x00000000e6600000, 0x00000000e6600000, 0x00000000e6700000|  0%| F|  |TAMS 0x00000000e6600000, 0x00000000e6600000| Untracked 
| 103|0x00000000e6700000, 0x00000000e6700000, 0x00000000e6800000|  0%| F|  |TAMS 0x00000000e6700000, 0x00000000e6700000| Untracked 
| 104|0x00000000e6800000, 0x00000000e6800000, 0x00000000e6900000|  0%| F|  |TAMS 0x00000000e6800000, 0x00000000e6800000| Untracked 
| 105|0x00000000e6900000, 0x00000000e6900000, 0x00000000e6a00000|  0%| F|  |TAMS 0x00000000e6900000, 0x00000000e6900000| Untracked 
| 106|0x00000000e6a00000, 0x00000000e6a00000, 0x00000000e6b00000|  0%| F|  |TAMS 0x00000000e6a00000, 0x00000000e6a00000| Untracked 
| 107|0x00000000e6b00000, 0x00000000e6b00000, 0x00000000e6c00000|  0%| F|  |TAMS 0x00000000e6b00000, 0x00000000e6b00000| Untracked 
| 108|0x00000000e6c00000, 0x00000000e6c00000, 0x00000000e6d00000|  0%| F|  |TAMS 0x00000000e6c00000, 0x00000000e6c00000| Untracked 
| 109|0x00000000e6d00000, 0x00000000e6d00000, 0x00000000e6e00000|  0%| F|  |TAMS 0x00000000e6d00000, 0x00000000e6d00000| Untracked 
| 110|0x00000000e6e00000, 0x00000000e6e00000, 0x00000000e6f00000|  0%| F|  |TAMS 0x00000000e6e00000, 0x00000000e6e00000| Untracked 
| 111|0x00000000e6f00000, 0x00000000e6f00000, 0x00000000e7000000|  0%| F|  |TAMS 0x00000000e6f00000, 0x00000000e6f00000| Untracked 
| 112|0x00000000e7000000, 0x00000000e7000000, 0x00000000e7100000|  0%| F|  |TAMS 0x00000000e7000000, 0x00000000e7000000| Untracked 
| 113|0x00000000e7100000, 0x00000000e7100000, 0x00000000e7200000|  0%| F|  |TAMS 0x00000000e7100000, 0x00000000e7100000| Untracked 
| 114|0x00000000e7200000, 0x00000000e7200000, 0x00000000e7300000|  0%| F|  |TAMS 0x00000000e7200000, 0x00000000e7200000| Untracked 
| 115|0x00000000e7300000, 0x00000000e7300000, 0x00000000e7400000|  0%| F|  |TAMS 0x00000000e7300000, 0x00000000e7300000| Untracked 
| 116|0x00000000e7400000, 0x00000000e7400000, 0x00000000e7500000|  0%| F|  |TAMS 0x00000000e7400000, 0x00000000e7400000| Untracked 
| 117|0x00000000e7500000, 0x00000000e7500000, 0x00000000e7600000|  0%| F|  |TAMS 0x00000000e7500000, 0x00000000e7500000| Untracked 
| 118|0x00000000e7600000, 0x00000000e7600000, 0x00000000e7700000|  0%| F|  |TAMS 0x00000000e7600000, 0x00000000e7600000| Untracked 
| 119|0x00000000e7700000, 0x00000000e7700000, 0x00000000e7800000|  0%| F|  |TAMS 0x00000000e7700000, 0x00000000e7700000| Untracked 
| 120|0x00000000e7800000, 0x00000000e78f6b58, 0x00000000e7900000| 96%| S|CS|TAMS 0x00000000e7800000, 0x00000000e7800000| Complete 
| 121|0x00000000e7900000, 0x00000000e7a00000, 0x00000000e7a00000|100%| S|CS|TAMS 0x00000000e7900000, 0x00000000e7900000| Complete 
| 122|0x00000000e7a00000, 0x00000000e7b00000, 0x00000000e7b00000|100%| S|CS|TAMS 0x00000000e7a00000, 0x00000000e7a00000| Complete 
| 123|0x00000000e7b00000, 0x00000000e7b00000, 0x00000000e7c00000|  0%| F|  |TAMS 0x00000000e7b00000, 0x00000000e7b00000| Untracked 
| 124|0x00000000e7c00000, 0x00000000e7c00000, 0x00000000e7d00000|  0%| F|  |TAMS 0x00000000e7c00000, 0x00000000e7c00000| Untracked 
| 125|0x00000000e7d00000, 0x00000000e7d00000, 0x00000000e7e00000|  0%| F|  |TAMS 0x00000000e7d00000, 0x00000000e7d00000| Untracked 
| 126|0x00000000e7e00000, 0x00000000e7e00000, 0x00000000e7f00000|  0%| F|  |TAMS 0x00000000e7e00000, 0x00000000e7e00000| Untracked 
| 127|0x00000000e7f00000, 0x00000000e7f00000, 0x00000000e8000000|  0%| F|  |TAMS 0x00000000e7f00000, 0x00000000e7f00000| Untracked 
| 128|0x00000000e8000000, 0x00000000e8000000, 0x00000000e8100000|  0%| F|  |TAMS 0x00000000e8000000, 0x00000000e8000000| Untracked 
| 129|0x00000000e8100000, 0x00000000e8100000, 0x00000000e8200000|  0%| F|  |TAMS 0x00000000e8100000, 0x00000000e8100000| Untracked 
| 130|0x00000000e8200000, 0x00000000e8200000, 0x00000000e8300000|  0%| F|  |TAMS 0x00000000e8200000, 0x00000000e8200000| Untracked 
| 131|0x00000000e8300000, 0x00000000e8400000, 0x00000000e8400000|100%| S|CS|TAMS 0x00000000e8300000, 0x00000000e8300000| Complete 
| 132|0x00000000e8400000, 0x00000000e8500000, 0x00000000e8500000|100%| S|CS|TAMS 0x00000000e8400000, 0x00000000e8400000| Complete 
| 133|0x00000000e8500000, 0x00000000e8600000, 0x00000000e8600000|100%| S|CS|TAMS 0x00000000e8500000, 0x00000000e8500000| Complete 
| 134|0x00000000e8600000, 0x00000000e8700000, 0x00000000e8700000|100%| S|CS|TAMS 0x00000000e8600000, 0x00000000e8600000| Complete 
| 135|0x00000000e8700000, 0x00000000e8800000, 0x00000000e8800000|100%| S|CS|TAMS 0x00000000e8700000, 0x00000000e8700000| Complete 
| 136|0x00000000e8800000, 0x00000000e8900000, 0x00000000e8900000|100%| S|CS|TAMS 0x00000000e8800000, 0x00000000e8800000| Complete 
| 137|0x00000000e8900000, 0x00000000e8a00000, 0x00000000e8a00000|100%| S|CS|TAMS 0x00000000e8900000, 0x00000000e8900000| Complete 
| 138|0x00000000e8a00000, 0x00000000e8b00000, 0x00000000e8b00000|100%| S|CS|TAMS 0x00000000e8a00000, 0x00000000e8a00000| Complete 
| 139|0x00000000e8b00000, 0x00000000e8b00000, 0x00000000e8c00000|  0%| F|  |TAMS 0x00000000e8b00000, 0x00000000e8b00000| Untracked 
| 140|0x00000000e8c00000, 0x00000000e8c00000, 0x00000000e8d00000|  0%| F|  |TAMS 0x00000000e8c00000, 0x00000000e8c00000| Untracked 
| 141|0x00000000e8d00000, 0x00000000e8d3bf68, 0x00000000e8e00000| 23%| E|  |TAMS 0x00000000e8d00000, 0x00000000e8d00000| Complete 
| 142|0x00000000e8e00000, 0x00000000e8f00000, 0x00000000e8f00000|100%| E|CS|TAMS 0x00000000e8e00000, 0x00000000e8e00000| Complete 
| 143|0x00000000e8f00000, 0x00000000e9000000, 0x00000000e9000000|100%| E|CS|TAMS 0x00000000e8f00000, 0x00000000e8f00000| Complete 
| 144|0x00000000e9000000, 0x00000000e9100000, 0x00000000e9100000|100%| E|CS|TAMS 0x00000000e9000000, 0x00000000e9000000| Complete 
| 145|0x00000000e9100000, 0x00000000e9200000, 0x00000000e9200000|100%| E|CS|TAMS 0x00000000e9100000, 0x00000000e9100000| Complete 
| 146|0x00000000e9200000, 0x00000000e9300000, 0x00000000e9300000|100%| E|CS|TAMS 0x00000000e9200000, 0x00000000e9200000| Complete 
| 147|0x00000000e9300000, 0x00000000e9400000, 0x00000000e9400000|100%| E|CS|TAMS 0x00000000e9300000, 0x00000000e9300000| Complete 
| 148|0x00000000e9400000, 0x00000000e9500000, 0x00000000e9500000|100%| E|CS|TAMS 0x00000000e9400000, 0x00000000e9400000| Complete 
| 149|0x00000000e9500000, 0x00000000e9600000, 0x00000000e9600000|100%| E|CS|TAMS 0x00000000e9500000, 0x00000000e9500000| Complete 
| 150|0x00000000e9600000, 0x00000000e9700000, 0x00000000e9700000|100%| E|CS|TAMS 0x00000000e9600000, 0x00000000e9600000| Complete 
| 151|0x00000000e9700000, 0x00000000e9800000, 0x00000000e9800000|100%| E|CS|TAMS 0x00000000e9700000, 0x00000000e9700000| Complete 
| 152|0x00000000e9800000, 0x00000000e9900000, 0x00000000e9900000|100%| E|CS|TAMS 0x00000000e9800000, 0x00000000e9800000| Complete 
| 153|0x00000000e9900000, 0x00000000e9a00000, 0x00000000e9a00000|100%| E|CS|TAMS 0x00000000e9900000, 0x00000000e9900000| Complete 
| 154|0x00000000e9a00000, 0x00000000e9b00000, 0x00000000e9b00000|100%| E|CS|TAMS 0x00000000e9a00000, 0x00000000e9a00000| Complete 
| 155|0x00000000e9b00000, 0x00000000e9c00000, 0x00000000e9c00000|100%| E|CS|TAMS 0x00000000e9b00000, 0x00000000e9b00000| Complete 
| 156|0x00000000e9c00000, 0x00000000e9d00000, 0x00000000e9d00000|100%| E|CS|TAMS 0x00000000e9c00000, 0x00000000e9c00000| Complete 
| 157|0x00000000e9d00000, 0x00000000e9e00000, 0x00000000e9e00000|100%| E|CS|TAMS 0x00000000e9d00000, 0x00000000e9d00000| Complete 
| 158|0x00000000e9e00000, 0x00000000e9f00000, 0x00000000e9f00000|100%| E|CS|TAMS 0x00000000e9e00000, 0x00000000e9e00000| Complete 
| 159|0x00000000e9f00000, 0x00000000ea000000, 0x00000000ea000000|100%| E|CS|TAMS 0x00000000e9f00000, 0x00000000e9f00000| Complete 
| 160|0x00000000ea000000, 0x00000000ea100000, 0x00000000ea100000|100%| E|CS|TAMS 0x00000000ea000000, 0x00000000ea000000| Complete 
| 161|0x00000000ea100000, 0x00000000ea200000, 0x00000000ea200000|100%| E|CS|TAMS 0x00000000ea100000, 0x00000000ea100000| Complete 
| 162|0x00000000ea200000, 0x00000000ea300000, 0x00000000ea300000|100%| E|CS|TAMS 0x00000000ea200000, 0x00000000ea200000| Complete 
| 163|0x00000000ea300000, 0x00000000ea400000, 0x00000000ea400000|100%| E|CS|TAMS 0x00000000ea300000, 0x00000000ea300000| Complete 
| 164|0x00000000ea400000, 0x00000000ea500000, 0x00000000ea500000|100%| E|CS|TAMS 0x00000000ea400000, 0x00000000ea400000| Complete 
| 165|0x00000000ea500000, 0x00000000ea600000, 0x00000000ea600000|100%| E|CS|TAMS 0x00000000ea500000, 0x00000000ea500000| Complete 
| 166|0x00000000ea600000, 0x00000000ea700000, 0x00000000ea700000|100%| E|CS|TAMS 0x00000000ea600000, 0x00000000ea600000| Complete 
| 167|0x00000000ea700000, 0x00000000ea800000, 0x00000000ea800000|100%| E|CS|TAMS 0x00000000ea700000, 0x00000000ea700000| Complete 
| 168|0x00000000ea800000, 0x00000000ea900000, 0x00000000ea900000|100%| E|CS|TAMS 0x00000000ea800000, 0x00000000ea800000| Complete 
| 169|0x00000000ea900000, 0x00000000eaa00000, 0x00000000eaa00000|100%| E|CS|TAMS 0x00000000ea900000, 0x00000000ea900000| Complete 
| 170|0x00000000eaa00000, 0x00000000eab00000, 0x00000000eab00000|100%| E|CS|TAMS 0x00000000eaa00000, 0x00000000eaa00000| Complete 
| 171|0x00000000eab00000, 0x00000000eac00000, 0x00000000eac00000|100%| E|CS|TAMS 0x00000000eab00000, 0x00000000eab00000| Complete 
| 172|0x00000000eac00000, 0x00000000ead00000, 0x00000000ead00000|100%| E|CS|TAMS 0x00000000eac00000, 0x00000000eac00000| Complete 
| 173|0x00000000ead00000, 0x00000000eae00000, 0x00000000eae00000|100%| E|CS|TAMS 0x00000000ead00000, 0x00000000ead00000| Complete 
| 174|0x00000000eae00000, 0x00000000eaf00000, 0x00000000eaf00000|100%| E|CS|TAMS 0x00000000eae00000, 0x00000000eae00000| Complete 
| 175|0x00000000eaf00000, 0x00000000eb000000, 0x00000000eb000000|100%| E|CS|TAMS 0x00000000eaf00000, 0x00000000eaf00000| Complete 
| 176|0x00000000eb000000, 0x00000000eb100000, 0x00000000eb100000|100%| E|CS|TAMS 0x00000000eb000000, 0x00000000eb000000| Complete 
| 177|0x00000000eb100000, 0x00000000eb200000, 0x00000000eb200000|100%| E|CS|TAMS 0x00000000eb100000, 0x00000000eb100000| Complete 
| 178|0x00000000eb200000, 0x00000000eb300000, 0x00000000eb300000|100%| E|CS|TAMS 0x00000000eb200000, 0x00000000eb200000| Complete 
| 179|0x00000000eb300000, 0x00000000eb400000, 0x00000000eb400000|100%| E|CS|TAMS 0x00000000eb300000, 0x00000000eb300000| Complete 
| 180|0x00000000eb400000, 0x00000000eb500000, 0x00000000eb500000|100%| E|CS|TAMS 0x00000000eb400000, 0x00000000eb400000| Complete 
| 181|0x00000000eb500000, 0x00000000eb600000, 0x00000000eb600000|100%| E|CS|TAMS 0x00000000eb500000, 0x00000000eb500000| Complete 
| 182|0x00000000eb600000, 0x00000000eb700000, 0x00000000eb700000|100%| E|CS|TAMS 0x00000000eb600000, 0x00000000eb600000| Complete 
| 183|0x00000000eb700000, 0x00000000eb800000, 0x00000000eb800000|100%| E|CS|TAMS 0x00000000eb700000, 0x00000000eb700000| Complete 
| 184|0x00000000eb800000, 0x00000000eb900000, 0x00000000eb900000|100%| E|CS|TAMS 0x00000000eb800000, 0x00000000eb800000| Complete 
| 185|0x00000000eb900000, 0x00000000eba00000, 0x00000000eba00000|100%| E|CS|TAMS 0x00000000eb900000, 0x00000000eb900000| Complete 
| 186|0x00000000eba00000, 0x00000000ebb00000, 0x00000000ebb00000|100%| E|CS|TAMS 0x00000000eba00000, 0x00000000eba00000| Complete 
| 187|0x00000000ebb00000, 0x00000000ebc00000, 0x00000000ebc00000|100%| E|CS|TAMS 0x00000000ebb00000, 0x00000000ebb00000| Complete 
| 188|0x00000000ebc00000, 0x00000000ebd00000, 0x00000000ebd00000|100%| E|CS|TAMS 0x00000000ebc00000, 0x00000000ebc00000| Complete 
| 189|0x00000000ebd00000, 0x00000000ebe00000, 0x00000000ebe00000|100%| E|CS|TAMS 0x00000000ebd00000, 0x00000000ebd00000| Complete 
| 190|0x00000000ebe00000, 0x00000000ebf00000, 0x00000000ebf00000|100%| E|CS|TAMS 0x00000000ebe00000, 0x00000000ebe00000| Complete 
| 191|0x00000000ebf00000, 0x00000000ec000000, 0x00000000ec000000|100%| E|CS|TAMS 0x00000000ebf00000, 0x00000000ebf00000| Complete 
| 192|0x00000000ec000000, 0x00000000ec100000, 0x00000000ec100000|100%| E|CS|TAMS 0x00000000ec000000, 0x00000000ec000000| Complete 
| 193|0x00000000ec100000, 0x00000000ec200000, 0x00000000ec200000|100%| E|CS|TAMS 0x00000000ec100000, 0x00000000ec100000| Complete 
| 194|0x00000000ec200000, 0x00000000ec300000, 0x00000000ec300000|100%| E|CS|TAMS 0x00000000ec200000, 0x00000000ec200000| Complete 
| 195|0x00000000ec300000, 0x00000000ec400000, 0x00000000ec400000|100%| E|CS|TAMS 0x00000000ec300000, 0x00000000ec300000| Complete 
| 196|0x00000000ec400000, 0x00000000ec500000, 0x00000000ec500000|100%| E|CS|TAMS 0x00000000ec400000, 0x00000000ec400000| Complete 
| 197|0x00000000ec500000, 0x00000000ec600000, 0x00000000ec600000|100%| E|CS|TAMS 0x00000000ec500000, 0x00000000ec500000| Complete 
| 198|0x00000000ec600000, 0x00000000ec700000, 0x00000000ec700000|100%| E|CS|TAMS 0x00000000ec600000, 0x00000000ec600000| Complete 
| 199|0x00000000ec700000, 0x00000000ec800000, 0x00000000ec800000|100%| E|CS|TAMS 0x00000000ec700000, 0x00000000ec700000| Complete 
| 200|0x00000000ec800000, 0x00000000ec900000, 0x00000000ec900000|100%| E|CS|TAMS 0x00000000ec800000, 0x00000000ec800000| Complete 
| 201|0x00000000ec900000, 0x00000000eca00000, 0x00000000eca00000|100%| E|CS|TAMS 0x00000000ec900000, 0x00000000ec900000| Complete 
| 202|0x00000000eca00000, 0x00000000ecb00000, 0x00000000ecb00000|100%| E|CS|TAMS 0x00000000eca00000, 0x00000000eca00000| Complete 
| 203|0x00000000ecb00000, 0x00000000ecc00000, 0x00000000ecc00000|100%| E|CS|TAMS 0x00000000ecb00000, 0x00000000ecb00000| Complete 
| 204|0x00000000ecc00000, 0x00000000ecd00000, 0x00000000ecd00000|100%| E|CS|TAMS 0x00000000ecc00000, 0x00000000ecc00000| Complete 
| 205|0x00000000ecd00000, 0x00000000ece00000, 0x00000000ece00000|100%| E|CS|TAMS 0x00000000ecd00000, 0x00000000ecd00000| Complete 
| 206|0x00000000ece00000, 0x00000000ecf00000, 0x00000000ecf00000|100%| E|CS|TAMS 0x00000000ece00000, 0x00000000ece00000| Complete 
| 207|0x00000000ecf00000, 0x00000000ed000000, 0x00000000ed000000|100%| E|CS|TAMS 0x00000000ecf00000, 0x00000000ecf00000| Complete 
| 208|0x00000000ed000000, 0x00000000ed100000, 0x00000000ed100000|100%| E|CS|TAMS 0x00000000ed000000, 0x00000000ed000000| Complete 
| 209|0x00000000ed100000, 0x00000000ed200000, 0x00000000ed200000|100%| E|CS|TAMS 0x00000000ed100000, 0x00000000ed100000| Complete 
| 210|0x00000000ed200000, 0x00000000ed300000, 0x00000000ed300000|100%| E|CS|TAMS 0x00000000ed200000, 0x00000000ed200000| Complete 
| 211|0x00000000ed300000, 0x00000000ed400000, 0x00000000ed400000|100%| E|CS|TAMS 0x00000000ed300000, 0x00000000ed300000| Complete 
| 212|0x00000000ed400000, 0x00000000ed500000, 0x00000000ed500000|100%| E|CS|TAMS 0x00000000ed400000, 0x00000000ed400000| Complete 
| 213|0x00000000ed500000, 0x00000000ed600000, 0x00000000ed600000|100%| E|CS|TAMS 0x00000000ed500000, 0x00000000ed500000| Complete 
| 214|0x00000000ed600000, 0x00000000ed700000, 0x00000000ed700000|100%| E|CS|TAMS 0x00000000ed600000, 0x00000000ed600000| Complete 
| 215|0x00000000ed700000, 0x00000000ed800000, 0x00000000ed800000|100%| E|CS|TAMS 0x00000000ed700000, 0x00000000ed700000| Complete 
| 216|0x00000000ed800000, 0x00000000ed900000, 0x00000000ed900000|100%| E|CS|TAMS 0x00000000ed800000, 0x00000000ed800000| Complete 
| 217|0x00000000ed900000, 0x00000000eda00000, 0x00000000eda00000|100%| E|CS|TAMS 0x00000000ed900000, 0x00000000ed900000| Complete 
| 218|0x00000000eda00000, 0x00000000edb00000, 0x00000000edb00000|100%| E|CS|TAMS 0x00000000eda00000, 0x00000000eda00000| Complete 
| 219|0x00000000edb00000, 0x00000000edc00000, 0x00000000edc00000|100%| E|CS|TAMS 0x00000000edb00000, 0x00000000edb00000| Complete 
| 220|0x00000000edc00000, 0x00000000edd00000, 0x00000000edd00000|100%| E|CS|TAMS 0x00000000edc00000, 0x00000000edc00000| Complete 
| 221|0x00000000edd00000, 0x00000000ede00000, 0x00000000ede00000|100%| E|CS|TAMS 0x00000000edd00000, 0x00000000edd00000| Complete 
| 222|0x00000000ede00000, 0x00000000edf00000, 0x00000000edf00000|100%| E|CS|TAMS 0x00000000ede00000, 0x00000000ede00000| Complete 
| 223|0x00000000edf00000, 0x00000000ee000000, 0x00000000ee000000|100%| E|CS|TAMS 0x00000000edf00000, 0x00000000edf00000| Complete 
| 224|0x00000000ee000000, 0x00000000ee100000, 0x00000000ee100000|100%| E|CS|TAMS 0x00000000ee000000, 0x00000000ee000000| Complete 
| 225|0x00000000ee100000, 0x00000000ee200000, 0x00000000ee200000|100%| E|CS|TAMS 0x00000000ee100000, 0x00000000ee100000| Complete 
| 226|0x00000000ee200000, 0x00000000ee300000, 0x00000000ee300000|100%| E|CS|TAMS 0x00000000ee200000, 0x00000000ee200000| Complete 
| 227|0x00000000ee300000, 0x00000000ee400000, 0x00000000ee400000|100%| E|CS|TAMS 0x00000000ee300000, 0x00000000ee300000| Complete 
| 228|0x00000000ee400000, 0x00000000ee500000, 0x00000000ee500000|100%| E|CS|TAMS 0x00000000ee400000, 0x00000000ee400000| Complete 
| 229|0x00000000ee500000, 0x00000000ee600000, 0x00000000ee600000|100%| E|CS|TAMS 0x00000000ee500000, 0x00000000ee500000| Complete 
| 230|0x00000000ee600000, 0x00000000ee700000, 0x00000000ee700000|100%| E|CS|TAMS 0x00000000ee600000, 0x00000000ee600000| Complete 
| 231|0x00000000ee700000, 0x00000000ee800000, 0x00000000ee800000|100%| E|CS|TAMS 0x00000000ee700000, 0x00000000ee700000| Complete 
| 232|0x00000000ee800000, 0x00000000ee900000, 0x00000000ee900000|100%| E|CS|TAMS 0x00000000ee800000, 0x00000000ee800000| Complete 
| 233|0x00000000ee900000, 0x00000000eea00000, 0x00000000eea00000|100%| E|CS|TAMS 0x00000000ee900000, 0x00000000ee900000| Complete 
| 234|0x00000000eea00000, 0x00000000eeb00000, 0x00000000eeb00000|100%| E|CS|TAMS 0x00000000eea00000, 0x00000000eea00000| Complete 
| 235|0x00000000eeb00000, 0x00000000eec00000, 0x00000000eec00000|100%| E|CS|TAMS 0x00000000eeb00000, 0x00000000eeb00000| Complete 
| 236|0x00000000eec00000, 0x00000000eed00000, 0x00000000eed00000|100%| E|CS|TAMS 0x00000000eec00000, 0x00000000eec00000| Complete 
| 237|0x00000000eed00000, 0x00000000eee00000, 0x00000000eee00000|100%| E|CS|TAMS 0x00000000eed00000, 0x00000000eed00000| Complete 
| 238|0x00000000eee00000, 0x00000000eef00000, 0x00000000eef00000|100%| E|CS|TAMS 0x00000000eee00000, 0x00000000eee00000| Complete 
| 239|0x00000000eef00000, 0x00000000ef000000, 0x00000000ef000000|100%| E|CS|TAMS 0x00000000eef00000, 0x00000000eef00000| Complete 
| 240|0x00000000ef000000, 0x00000000ef100000, 0x00000000ef100000|100%| E|CS|TAMS 0x00000000ef000000, 0x00000000ef000000| Complete 
| 241|0x00000000ef100000, 0x00000000ef200000, 0x00000000ef200000|100%| E|CS|TAMS 0x00000000ef100000, 0x00000000ef100000| Complete 
| 242|0x00000000ef200000, 0x00000000ef300000, 0x00000000ef300000|100%| E|CS|TAMS 0x00000000ef200000, 0x00000000ef200000| Complete 
| 243|0x00000000ef300000, 0x00000000ef400000, 0x00000000ef400000|100%| E|CS|TAMS 0x00000000ef300000, 0x00000000ef300000| Complete 
| 244|0x00000000ef400000, 0x00000000ef500000, 0x00000000ef500000|100%| E|CS|TAMS 0x00000000ef400000, 0x00000000ef400000| Complete 
| 245|0x00000000ef500000, 0x00000000ef600000, 0x00000000ef600000|100%| E|CS|TAMS 0x00000000ef500000, 0x00000000ef500000| Complete 
| 246|0x00000000ef600000, 0x00000000ef700000, 0x00000000ef700000|100%| E|CS|TAMS 0x00000000ef600000, 0x00000000ef600000| Complete 
| 247|0x00000000ef700000, 0x00000000ef800000, 0x00000000ef800000|100%| E|CS|TAMS 0x00000000ef700000, 0x00000000ef700000| Complete 
| 248|0x00000000ef800000, 0x00000000ef900000, 0x00000000ef900000|100%| E|CS|TAMS 0x00000000ef800000, 0x00000000ef800000| Complete 
| 249|0x00000000ef900000, 0x00000000efa00000, 0x00000000efa00000|100%| E|CS|TAMS 0x00000000ef900000, 0x00000000ef900000| Complete 
| 250|0x00000000efa00000, 0x00000000efb00000, 0x00000000efb00000|100%| E|CS|TAMS 0x00000000efa00000, 0x00000000efa00000| Complete 
| 251|0x00000000efb00000, 0x00000000efc00000, 0x00000000efc00000|100%| E|CS|TAMS 0x00000000efb00000, 0x00000000efb00000| Complete 
| 252|0x00000000efc00000, 0x00000000efd00000, 0x00000000efd00000|100%| E|CS|TAMS 0x00000000efc00000, 0x00000000efc00000| Complete 
| 253|0x00000000efd00000, 0x00000000efe00000, 0x00000000efe00000|100%| E|CS|TAMS 0x00000000efd00000, 0x00000000efd00000| Complete 
| 254|0x00000000efe00000, 0x00000000eff00000, 0x00000000eff00000|100%| E|CS|TAMS 0x00000000efe00000, 0x00000000efe00000| Complete 
| 255|0x00000000eff00000, 0x00000000f0000000, 0x00000000f0000000|100%| E|CS|TAMS 0x00000000eff00000, 0x00000000eff00000| Complete 

Card table byte_map: [0x00000190c8ec0000,0x00000190c8fc0000] _byte_map_base: 0x00000190c87c0000

Marking Bits (Prev, Next): (CMBitMap*) 0x00000190b1dc86a0, (CMBitMap*) 0x00000190b1dc8660
 Prev Bits: [0x00000190c98c0000, 0x00000190ca0c0000)
 Next Bits: [0x00000190c90c0000, 0x00000190c98c0000)

Polling page: 0x00000190afd70000

Metaspace:

Usage:
  Non-class:     69.30 MB used.
      Class:     11.02 MB used.
       Both:     80.32 MB used.

Virtual space:
  Non-class space:      128.00 MB reserved,      69.88 MB ( 55%) committed,  2 nodes.
      Class space:      320.00 MB reserved,      11.50 MB (  4%) committed,  1 nodes.
             Both:      448.00 MB reserved,      81.38 MB ( 18%) committed. 

Chunk freelists:
   Non-Class:  9.55 MB
       Class:  4.40 MB
        Both:  13.96 MB

MaxMetaspaceSize: 384.00 MB
CompressedClassSpaceSize: 320.00 MB
Initial GC threshold: 21.00 MB
Current GC threshold: 98.12 MB
CDS: on
MetaspaceReclaimPolicy: balanced
 - commit_granule_bytes: 65536.
 - commit_granule_words: 8192.
 - virtual_space_node_default_size: 8388608.
 - enlarge_chunks_in_place: 1.
 - new_chunks_are_fully_committed: 0.
 - uncommit_free_chunks: 1.
 - use_allocation_guard: 0.
 - handle_deallocations: 1.


Internal statistics:

num_allocs_failed_limit: 9.
num_arena_births: 1348.
num_arena_deaths: 0.
num_vsnodes_births: 3.
num_vsnodes_deaths: 0.
num_space_committed: 1302.
num_space_uncommitted: 0.
num_chunks_returned_to_freelist: 9.
num_chunks_taken_from_freelist: 4983.
num_chunk_merges: 9.
num_chunk_splits: 3057.
num_chunks_enlarged: 1764.
num_inconsistent_stats: 0.

CodeHeap 'non-profiled nmethods': size=120000Kb used=8017Kb max_used=8017Kb free=111982Kb
 bounds [0x00000190c1340000, 0x00000190c1b20000, 0x00000190c8870000]
CodeHeap 'profiled nmethods': size=120000Kb used=26755Kb max_used=26755Kb free=93244Kb
 bounds [0x00000190b9870000, 0x00000190bb2a0000, 0x00000190c0da0000]
CodeHeap 'non-nmethods': size=5760Kb used=2416Kb max_used=2476Kb free=3343Kb
 bounds [0x00000190c0da0000, 0x00000190c1010000, 0x00000190c1340000]
 total_blobs=15375 nmethods=14432 adapters=854
 compilation: enabled
              stopped_count=0, restarted_count=0
 full_count=0

Compilation events (20 events):
Event: 532.469 Thread 0x00000190ccd27b60 17157       3       org.gradle.api.JavaVersion::isCompatibleWith (14 bytes)
Event: 532.469 Thread 0x00000190ccd27b60 nmethod 17157 0x00000190ba027610 code [0x00000190ba0277c0, 0x00000190ba027968]
Event: 532.469 Thread 0x00000190ccd27b60 17158       3       org.gradle.api.JavaVersion::isJava9Compatible (8 bytes)
Event: 532.469 Thread 0x00000190ccd27b60 nmethod 17158 0x00000190bb28c710 code [0x00000190bb28c8c0, 0x00000190bb28cac8]
Event: 532.469 Thread 0x00000190ccd27b60 17159       3       org.gradle.api.JavaVersion::current (21 bytes)
Event: 532.470 Thread 0x00000190ccd27b60 nmethod 17159 0x00000190bb28cb90 code [0x00000190bb28cda0, 0x00000190bb28d2d8]
Event: 532.470 Thread 0x00000190ccd27b60 17161       3       java.util.AbstractList::indexOf (65 bytes)
Event: 532.470 Thread 0x00000190ccd27b60 nmethod 17161 0x00000190bb28d490 code [0x00000190bb28d6e0, 0x00000190bb28e098]
Event: 532.470 Thread 0x00000190ccd27b60 17160       3       org.gradle.internal.serialize.StackTraceElementPlaceholder::<init> (88 bytes)
Event: 532.471 Thread 0x00000190ccd27b60 nmethod 17160 0x00000190bb28e290 code [0x00000190bb28e500, 0x00000190bb28f068]
Event: 532.472 Thread 0x00000190ccd27b60 17162       3       java.util.Collections$EmptyList::listIterator (4 bytes)
Event: 532.472 Thread 0x00000190ccd27b60 nmethod 17162 0x00000190ba114d90 code [0x00000190ba114f20, 0x00000190ba115098]
Event: 532.472 Thread 0x00000190ccd27b60 17163       3       java.util.Collections::emptyListIterator (4 bytes)
Event: 532.472 Thread 0x00000190ccd27b60 nmethod 17163 0x00000190b9cf0710 code [0x00000190b9cf08a0, 0x00000190b9cf0998]
Event: 532.473 Thread 0x00000190ccd27b60 17164       3       java.lang.NoSuchFieldException::<init> (6 bytes)
Event: 532.473 Thread 0x00000190ccd27b60 nmethod 17164 0x00000190bb28f390 code [0x00000190bb28f540, 0x00000190bb28f748]
Event: 532.482 Thread 0x00000190ccd27b60 17166   !   3       java.util.concurrent.ThreadPoolExecutor::processWorkerExit (138 bytes)
Event: 532.483 Thread 0x00000190ccd27b60 nmethod 17166 0x00000190bb28f810 code [0x00000190bb28fae0, 0x00000190bb290bc8]
Event: 532.484 Thread 0x00000190ccd27b60 17167   !   3       java.util.concurrent.ThreadPoolExecutor::interruptIdleWorkers (120 bytes)
Event: 532.485 Thread 0x00000190ccd27b60 nmethod 17167 0x00000190bb291190 code [0x00000190bb291500, 0x00000190bb292de8]

GC Heap History (20 events):
Event: 4.822 GC heap before
{Heap before GC invocations=5 (full 0):
 garbage-first heap   total 262144K, used 163389K [0x00000000e0000000, 0x0000000100000000)
  region size 1024K, 150 young (153600K), 12 survivors (12288K)
 Metaspace       used 35552K, committed 35968K, reserved 393216K
  class space    used 5156K, committed 5376K, reserved 327680K
}
Event: 4.843 GC heap after
{Heap after GC invocations=6 (full 0):
 garbage-first heap   total 262144K, used 33169K [0x00000000e0000000, 0x0000000100000000)
  region size 1024K, 16 young (16384K), 16 survivors (16384K)
 Metaspace       used 35552K, committed 35968K, reserved 393216K
  class space    used 5156K, committed 5376K, reserved 327680K
}
Event: 6.200 GC heap before
{Heap before GC invocations=7 (full 0):
 garbage-first heap   total 262144K, used 177553K [0x00000000e0000000, 0x0000000100000000)
  region size 1024K, 153 young (156672K), 16 survivors (16384K)
 Metaspace       used 43816K, committed 44288K, reserved 393216K
  class space    used 6096K, committed 6272K, reserved 327680K
}
Event: 6.223 GC heap after
{Heap after GC invocations=8 (full 0):
 garbage-first heap   total 262144K, used 43506K [0x00000000e0000000, 0x0000000100000000)
  region size 1024K, 20 young (20480K), 20 survivors (20480K)
 Metaspace       used 43816K, committed 44288K, reserved 393216K
  class space    used 6096K, committed 6272K, reserved 327680K
}
Event: 7.319 GC heap before
{Heap before GC invocations=8 (full 0):
 garbage-first heap   total 262144K, used 178674K [0x00000000e0000000, 0x0000000100000000)
  region size 1024K, 153 young (156672K), 20 survivors (20480K)
 Metaspace       used 48544K, committed 49152K, reserved 393216K
  class space    used 6771K, committed 7040K, reserved 327680K
}
Event: 7.336 GC heap after
{Heap after GC invocations=9 (full 0):
 garbage-first heap   total 262144K, used 49585K [0x00000000e0000000, 0x0000000100000000)
  region size 1024K, 17 young (17408K), 17 survivors (17408K)
 Metaspace       used 48544K, committed 49152K, reserved 393216K
  class space    used 6771K, committed 7040K, reserved 327680K
}
Event: 9.058 GC heap before
{Heap before GC invocations=9 (full 0):
 garbage-first heap   total 262144K, used 128433K [0x00000000e0000000, 0x0000000100000000)
  region size 1024K, 93 young (95232K), 17 survivors (17408K)
 Metaspace       used 59547K, committed 60096K, reserved 393216K
  class space    used 8251K, committed 8512K, reserved 327680K
}
Event: 9.075 GC heap after
{Heap after GC invocations=10 (full 0):
 garbage-first heap   total 262144K, used 54635K [0x00000000e0000000, 0x0000000100000000)
  region size 1024K, 13 young (13312K), 13 survivors (13312K)
 Metaspace       used 59547K, committed 60096K, reserved 393216K
  class space    used 8251K, committed 8512K, reserved 327680K
}
Event: 10.703 GC heap before
{Heap before GC invocations=11 (full 0):
 garbage-first heap   total 262144K, used 197995K [0x00000000e0000000, 0x0000000100000000)
  region size 1024K, 153 young (156672K), 13 survivors (13312K)
 Metaspace       used 67346K, committed 68096K, reserved 393216K
  class space    used 9427K, committed 9792K, reserved 327680K
}
Event: 10.720 GC heap after
{Heap after GC invocations=12 (full 0):
 garbage-first heap   total 262144K, used 65867K [0x00000000e0000000, 0x0000000100000000)
  region size 1024K, 16 young (16384K), 16 survivors (16384K)
 Metaspace       used 67346K, committed 68096K, reserved 393216K
  class space    used 9427K, committed 9792K, reserved 327680K
}
Event: 12.758 GC heap before
{Heap before GC invocations=12 (full 0):
 garbage-first heap   total 262144K, used 206155K [0x00000000e0000000, 0x0000000100000000)
  region size 1024K, 153 young (156672K), 16 survivors (16384K)
 Metaspace       used 69450K, committed 70208K, reserved 393216K
  class space    used 9585K, committed 9920K, reserved 327680K
}
Event: 12.773 GC heap after
{Heap after GC invocations=13 (full 0):
 garbage-first heap   total 262144K, used 70182K [0x00000000e0000000, 0x0000000100000000)
  region size 1024K, 15 young (15360K), 15 survivors (15360K)
 Metaspace       used 69450K, committed 70208K, reserved 393216K
  class space    used 9585K, committed 9920K, reserved 327680K
}
Event: 63.900 GC heap before
{Heap before GC invocations=13 (full 0):
 garbage-first heap   total 262144K, used 207398K [0x00000000e0000000, 0x0000000100000000)
  region size 1024K, 150 young (153600K), 15 survivors (15360K)
 Metaspace       used 75107K, committed 75840K, reserved 393216K
  class space    used 10415K, committed 10752K, reserved 327680K
}
Event: 63.916 GC heap after
{Heap after GC invocations=14 (full 0):
 garbage-first heap   total 262144K, used 75521K [0x00000000e0000000, 0x0000000100000000)
  region size 1024K, 11 young (11264K), 11 survivors (11264K)
 Metaspace       used 75107K, committed 75840K, reserved 393216K
  class space    used 10415K, committed 10752K, reserved 327680K
}
Event: 219.296 GC heap before
{Heap before GC invocations=14 (full 0):
 garbage-first heap   total 262144K, used 210689K [0x00000000e0000000, 0x0000000100000000)
  region size 1024K, 144 young (147456K), 11 survivors (11264K)
 Metaspace       used 76635K, committed 77440K, reserved 458752K
  class space    used 10563K, committed 10944K, reserved 327680K
}
Event: 219.312 GC heap after
{Heap after GC invocations=15 (full 0):
 garbage-first heap   total 262144K, used 83161K [0x00000000e0000000, 0x0000000100000000)
  region size 1024K, 13 young (13312K), 13 survivors (13312K)
 Metaspace       used 76635K, committed 77440K, reserved 458752K
  class space    used 10563K, committed 10944K, reserved 327680K
}
Event: 529.879 GC heap before
{Heap before GC invocations=15 (full 0):
 garbage-first heap   total 262144K, used 221401K [0x00000000e0000000, 0x0000000100000000)
  region size 1024K, 138 young (141312K), 13 survivors (13312K)
 Metaspace       used 77828K, committed 78720K, reserved 458752K
  class space    used 10686K, committed 11136K, reserved 327680K
}
Event: 529.971 GC heap after
{Heap after GC invocations=16 (full 0):
 garbage-first heap   total 262144K, used 94796K [0x00000000e0000000, 0x0000000100000000)
  region size 1024K, 8 young (8192K), 8 survivors (8192K)
 Metaspace       used 77828K, committed 78720K, reserved 458752K
  class space    used 10686K, committed 11136K, reserved 327680K
}
Event: 531.242 GC heap before
{Heap before GC invocations=16 (full 0):
 garbage-first heap   total 262144K, used 214604K [0x00000000e0000000, 0x0000000100000000)
  region size 1024K, 125 young (128000K), 8 survivors (8192K)
 Metaspace       used 78689K, committed 79616K, reserved 458752K
  class space    used 10810K, committed 11264K, reserved 327680K
}
Event: 531.259 GC heap after
{Heap after GC invocations=17 (full 0):
 garbage-first heap   total 262144K, used 97929K [0x00000000e0000000, 0x0000000100000000)
  region size 1024K, 11 young (11264K), 11 survivors (11264K)
 Metaspace       used 78689K, committed 79616K, reserved 458752K
  class space    used 10810K, committed 11264K, reserved 327680K
}

Dll operation events (14 events):
Event: 0.010 Loaded shared library C:\Program Files\Eclipse Adoptium\jdk-17.0.7.7-hotspot\bin\java.dll
Event: 0.018 Loaded shared library C:\Program Files\Eclipse Adoptium\jdk-17.0.7.7-hotspot\bin\jsvml.dll
Event: 0.064 Loaded shared library C:\Program Files\Eclipse Adoptium\jdk-17.0.7.7-hotspot\bin\zip.dll
Event: 0.067 Loaded shared library C:\Program Files\Eclipse Adoptium\jdk-17.0.7.7-hotspot\bin\instrument.dll
Event: 0.072 Loaded shared library C:\Program Files\Eclipse Adoptium\jdk-17.0.7.7-hotspot\bin\net.dll
Event: 0.074 Loaded shared library C:\Program Files\Eclipse Adoptium\jdk-17.0.7.7-hotspot\bin\nio.dll
Event: 0.075 Loaded shared library C:\Program Files\Eclipse Adoptium\jdk-17.0.7.7-hotspot\bin\zip.dll
Event: 0.244 Loaded shared library C:\Program Files\Eclipse Adoptium\jdk-17.0.7.7-hotspot\bin\jimage.dll
Event: 0.343 Loaded shared library C:\Program Files\Eclipse Adoptium\jdk-17.0.7.7-hotspot\bin\verify.dll
Event: 0.459 Loaded shared library C:\Users\justl\.gradle\native\c067742578af261105cb4f569cf0c3c89f3d7b1fecec35dd04571415982c5e48\windows-amd64\native-platform.dll
Event: 0.464 Loaded shared library C:\Users\justl\.gradle\native\100fb08df4bc3b14c8652ba06237920a3bd2aa13389f12d3474272988ae205f9\windows-amd64\native-platform-file-events.dll
Event: 1.361 Loaded shared library C:\Program Files\Eclipse Adoptium\jdk-17.0.7.7-hotspot\bin\management.dll
Event: 1.363 Loaded shared library C:\Program Files\Eclipse Adoptium\jdk-17.0.7.7-hotspot\bin\management_ext.dll
Event: 1.797 Loaded shared library C:\Program Files\Eclipse Adoptium\jdk-17.0.7.7-hotspot\bin\sunmscapi.dll

Deoptimization events (20 events):
Event: 532.426 Thread 0x00000190d61b4730 Uncommon trap: trap_request=0xffffff45 fr.pc=0x00000190c18aaf80 relative=0x0000000000003380
Event: 532.427 Thread 0x00000190d61b4730 Uncommon trap: reason=unstable_if action=reinterpret pc=0x00000190c18aaf80 method=java.util.regex.Matcher.search(I)Z @ 76 c2
Event: 532.427 Thread 0x00000190d61b4730 DEOPT PACKING pc=0x00000190c18aaf80 sp=0x00000005f30fb900
Event: 532.427 Thread 0x00000190d61b4730 DEOPT UNPACKING pc=0x00000190c0df69a3 sp=0x00000005f30fb830 mode 2
Event: 532.427 Thread 0x00000190d61b4730 Uncommon trap: trap_request=0xffffff45 fr.pc=0x00000190c174f7bc relative=0x000000000000065c
Event: 532.427 Thread 0x00000190d61b4730 Uncommon trap: reason=unstable_if action=reinterpret pc=0x00000190c174f7bc method=java.util.regex.Matcher.search(I)Z @ 76 c2
Event: 532.427 Thread 0x00000190d61b4730 DEOPT PACKING pc=0x00000190c174f7bc sp=0x00000005f30fb8c0
Event: 532.427 Thread 0x00000190d61b4730 DEOPT UNPACKING pc=0x00000190c0df69a3 sp=0x00000005f30fb828 mode 2
Event: 532.438 Thread 0x00000190d61b4730 Uncommon trap: trap_request=0xffffff45 fr.pc=0x00000190c19c38bc relative=0x0000000000001dbc
Event: 532.438 Thread 0x00000190d61b4730 Uncommon trap: reason=unstable_if action=reinterpret pc=0x00000190c19c38bc method=org.gradle.internal.logging.sink.LogEventDispatcher.onOutput(Lorg/gradle/internal/logging/events/OutputEvent;)V @ 35 c2
Event: 532.438 Thread 0x00000190d61b4730 DEOPT PACKING pc=0x00000190c19c38bc sp=0x00000005f30fcb40
Event: 532.438 Thread 0x00000190d61b4730 DEOPT UNPACKING pc=0x00000190c0df69a3 sp=0x00000005f30fcad0 mode 2
Event: 532.452 Thread 0x00000190d61b4730 Uncommon trap: trap_request=0xffffff45 fr.pc=0x00000190c1943a18 relative=0x00000000000003b8
Event: 532.452 Thread 0x00000190d61b4730 Uncommon trap: reason=unstable_if action=reinterpret pc=0x00000190c1943a18 method=java.io.ClassCache.processQueue()V @ 9 c2
Event: 532.452 Thread 0x00000190d61b4730 DEOPT PACKING pc=0x00000190c1943a18 sp=0x00000005f30fe140
Event: 532.452 Thread 0x00000190d61b4730 DEOPT UNPACKING pc=0x00000190c0df69a3 sp=0x00000005f30fe098 mode 2
Event: 532.472 Thread 0x00000190d61b4730 Uncommon trap: trap_request=0xffffff45 fr.pc=0x00000190c1731860 relative=0x00000000000000e0
Event: 532.472 Thread 0x00000190d61b4730 Uncommon trap: reason=unstable_if action=reinterpret pc=0x00000190c1731860 method=java.io.ObjectOutputStream$BlockDataOutputStream.writeShort(I)V @ 9 c2
Event: 532.472 Thread 0x00000190d61b4730 DEOPT PACKING pc=0x00000190c1731860 sp=0x00000005f30fd3d0
Event: 532.472 Thread 0x00000190d61b4730 DEOPT UNPACKING pc=0x00000190c0df69a3 sp=0x00000005f30fd368 mode 2

Classes unloaded (0 events):
No events

Classes redefined (0 events):
No events

Internal exceptions (20 events):
Event: 531.708 Thread 0x00000190d61b4730 Exception <a 'java/lang/ClassNotFoundException'{0x00000000eb30cc98}: org/gradle/internal/extensibility/DefaultConventionBeanInfo> (0x00000000eb30cc98) 
thrown [s\src\hotspot\share\classfile\systemDictionary.cpp, line 256]
Event: 531.709 Thread 0x00000190d61b4730 Exception <a 'java/lang/ClassNotFoundException'{0x00000000eb322d50}: org/gradle/internal/extensibility/DefaultConventionCustomizer> (0x00000000eb322d50) 
thrown [s\src\hotspot\share\classfile\systemDictionary.cpp, line 256]
Event: 531.722 Thread 0x00000190d61b4730 Exception <a 'java/lang/ClassNotFoundException'{0x00000000eb3a8d60}: com/intellij/gradle/toolingExtension/impl/modelBuilder/ExtraModelBuilderBeanInfo> (0x00000000eb3a8d60) 
thrown [s\src\hotspot\share\classfile\systemDictionary.cpp, line 256]
Event: 531.723 Thread 0x00000190d61b4730 Exception <a 'java/lang/ClassNotFoundException'{0x00000000eb3b4aa8}: com/intellij/gradle/toolingExtension/impl/modelBuilder/ExtraModelBuilderCustomizer> (0x00000000eb3b4aa8) 
thrown [s\src\hotspot\share\classfile\systemDictionary.cpp, line 256]
Event: 531.928 Thread 0x00000190d61b4730 Exception <a 'sun/nio/fs/WindowsException'{0x00000000eace9708}> (0x00000000eace9708) 
thrown [s\src\hotspot\share\prims\jni.cpp, line 516]
Event: 531.929 Thread 0x00000190d61b4730 Exception <a 'sun/nio/fs/WindowsException'{0x00000000eaceaf38}> (0x00000000eaceaf38) 
thrown [s\src\hotspot\share\prims\jni.cpp, line 516]
Event: 531.930 Thread 0x00000190d61b4730 Exception <a 'sun/nio/fs/WindowsException'{0x00000000eacec768}> (0x00000000eacec768) 
thrown [s\src\hotspot\share\prims\jni.cpp, line 516]
Event: 531.930 Thread 0x00000190d61b4730 Exception <a 'sun/nio/fs/WindowsException'{0x00000000eacedb88}> (0x00000000eacedb88) 
thrown [s\src\hotspot\share\prims\jni.cpp, line 516]
Event: 532.280 Thread 0x00000190d61b4730 Exception <a 'java/lang/ClassNotFoundException'{0x00000000e98e7348}: org/gradle/internal/serialize/codecs/core/ClosureCodec$BrokenScriptBeanInfo> (0x00000000e98e7348) 
thrown [s\src\hotspot\share\classfile\systemDictionary.cpp, line 256]
Event: 532.280 Thread 0x00000190d61b4730 Exception <a 'java/lang/ClassNotFoundException'{0x00000000e98f6468}: org/gradle/internal/serialize/codecs/core/ClosureCodec$BrokenScriptCustomizer> (0x00000000e98f6468) 
thrown [s\src\hotspot\share\classfile\systemDictionary.cpp, line 256]
Event: 532.281 Thread 0x00000190d61b4730 Exception <a 'java/lang/ClassNotFoundException'{0x00000000e9710d20}: org/gradle/api/invocation/GradleBeanInfo> (0x00000000e9710d20) 
thrown [s\src\hotspot\share\classfile\systemDictionary.cpp, line 256]
Event: 532.282 Thread 0x00000190d61b4730 Exception <a 'java/lang/ClassNotFoundException'{0x00000000e971ccb0}: org/gradle/api/invocation/GradleCustomizer> (0x00000000e971ccb0) 
thrown [s\src\hotspot\share\classfile\systemDictionary.cpp, line 256]
Event: 532.295 Thread 0x00000190d61b4730 Exception <a 'java/lang/ClassNotFoundException'{0x00000000e9611730}: IdeaPluginConfiguratorBeanInfo> (0x00000000e9611730) 
thrown [s\src\hotspot\share\classfile\systemDictionary.cpp, line 256]
Event: 532.296 Thread 0x00000190d61b4730 Exception <a 'java/lang/ClassNotFoundException'{0x00000000e961c310}: IdeaPluginConfiguratorCustomizer> (0x00000000e961c310) 
thrown [s\src\hotspot\share\classfile\systemDictionary.cpp, line 256]
Event: 532.332 Thread 0x00000190d61b4730 Exception <a 'java/lang/ClassNotFoundException'{0x00000000e947b7b0}: build_dr4iw6elib2amh36cid6xywqmBeanInfo> (0x00000000e947b7b0) 
thrown [s\src\hotspot\share\classfile\systemDictionary.cpp, line 256]
Event: 532.333 Thread 0x00000190d61b4730 Exception <a 'java/lang/ClassNotFoundException'{0x00000000e9483788}: build_dr4iw6elib2amh36cid6xywqmCustomizer> (0x00000000e9483788) 
thrown [s\src\hotspot\share\classfile\systemDictionary.cpp, line 256]
Event: 532.412 Thread 0x00000190d61b4730 Exception <a 'java/lang/OutOfMemoryError'{0x00000000e900a168}: unable to create native thread: possibly out of memory or process/resource limits reached> (0x00000000e900a168) 
thrown [s\src\hotspot\share\prims\jvm.cpp, line 2923]
Event: 532.437 Thread 0x00000190d61b4730 Exception <a 'java/lang/NoSuchMethodError'{0x00000000e90f6170}: 'void java.lang.invoke.DirectMethodHandle$Holder.invokeStatic(java.lang.Object, int, java.lang.Object)'> (0x00000000e90f6170) 
thrown [s\src\hotspot\share\interpreter\linkResolver.cpp, line 759]
Event: 532.477 Thread 0x00000190d61b4730 Exception <a 'sun/nio/fs/WindowsException'{0x00000000e8ebc360}> (0x00000000e8ebc360) 
thrown [s\src\hotspot\share\prims\jni.cpp, line 516]
Event: 532.477 Thread 0x00000190d61b4730 Exception <a 'sun/nio/fs/WindowsException'{0x00000000e8ebc620}> (0x00000000e8ebc620) 
thrown [s\src\hotspot\share\prims\jni.cpp, line 516]

VM Operations (20 events):
Event: 531.167 Executing VM operation: HandshakeAllThreads
Event: 531.168 Executing VM operation: HandshakeAllThreads done
Event: 531.185 Executing VM operation: HandshakeAllThreads
Event: 531.185 Executing VM operation: HandshakeAllThreads done
Event: 531.191 Executing VM operation: HandshakeAllThreads
Event: 531.191 Executing VM operation: HandshakeAllThreads done
Event: 531.242 Executing VM operation: G1CollectForAllocation
Event: 531.261 Executing VM operation: G1CollectForAllocation done
Event: 531.579 Executing VM operation: ICBufferFull
Event: 531.579 Executing VM operation: ICBufferFull done
Event: 531.980 Executing VM operation: HandshakeAllThreads
Event: 531.980 Executing VM operation: HandshakeAllThreads done
Event: 532.083 Executing VM operation: HandshakeAllThreads
Event: 532.083 Executing VM operation: HandshakeAllThreads done
Event: 532.363 Executing VM operation: ICBufferFull
Event: 532.363 Executing VM operation: ICBufferFull done
Event: 532.417 Executing VM operation: HandshakeAllThreads
Event: 532.417 Executing VM operation: HandshakeAllThreads done
Event: 532.429 Executing VM operation: HandshakeAllThreads
Event: 532.431 Executing VM operation: HandshakeAllThreads done

Events (20 events):
Event: 532.482 Thread 0x00000190d6691000 Thread exited: 0x00000190d6691000
Event: 532.482 Thread 0x00000190d6692810 Thread exited: 0x00000190d6692810
Event: 532.482 Thread 0x00000190d61b55a0 Thread exited: 0x00000190d61b55a0
Event: 532.482 Thread 0x00000190d6694e90 Thread exited: 0x00000190d6694e90
Event: 532.482 Thread 0x00000190d6693680 Thread exited: 0x00000190d6693680
Event: 532.482 Thread 0x00000190d66979e0 Thread exited: 0x00000190d66979e0
Event: 532.483 Thread 0x00000190d6695d00 Thread exited: 0x00000190d6695d00
Event: 532.483 Thread 0x00000190d6697510 Thread exited: 0x00000190d6697510
Event: 532.483 Thread 0x00000190d6696b70 Thread exited: 0x00000190d6696b70
Event: 532.483 Thread 0x00000190d61b08a0 Thread exited: 0x00000190d61b08a0
Event: 532.483 Thread 0x00000190d6692340 Thread exited: 0x00000190d6692340
Event: 532.483 Thread 0x00000190d66966a0 Thread exited: 0x00000190d66966a0
Event: 532.483 Thread 0x00000190d6698850 Thread exited: 0x00000190d6698850
Event: 532.483 Thread 0x00000190d6694020 Thread exited: 0x00000190d6694020
Event: 532.483 Thread 0x00000190d6698380 Thread exited: 0x00000190d6698380
Event: 532.483 Thread 0x00000190d6697eb0 Thread exited: 0x00000190d6697eb0
Event: 532.483 Thread 0x00000190d61b2a50 Thread exited: 0x00000190d61b2a50
Event: 532.483 Thread 0x00000190d6692ce0 Thread exited: 0x00000190d6692ce0
Event: 532.483 Thread 0x00000190d66931b0 Thread exited: 0x00000190d66931b0
Event: 532.483 Thread 0x00000190d66914d0 Thread exited: 0x00000190d66914d0


Dynamic libraries:
0x00007ff658ec0000 - 0x00007ff658ece000 	C:\Program Files\Eclipse Adoptium\jdk-17.0.7.7-hotspot\bin\java.exe
0x00007ffc4c250000 - 0x00007ffc4c467000 	C:\windows\SYSTEM32\ntdll.dll
0x00007ffc4b470000 - 0x00007ffc4b534000 	C:\windows\System32\KERNEL32.DLL
0x00007ffc49900000 - 0x00007ffc49cb7000 	C:\windows\System32\KERNELBASE.dll
0x00007ffc49610000 - 0x00007ffc49721000 	C:\windows\System32\ucrtbase.dll
0x00007ffc2bba0000 - 0x00007ffc2bbb9000 	C:\Program Files\Eclipse Adoptium\jdk-17.0.7.7-hotspot\bin\VCRUNTIME140.dll
0x00007ffc144f0000 - 0x00007ffc14507000 	C:\Program Files\Eclipse Adoptium\jdk-17.0.7.7-hotspot\bin\jli.dll
0x00007ffc4b2a0000 - 0x00007ffc4b44f000 	C:\windows\System32\USER32.dll
0x00007ffc319f0000 - 0x00007ffc31c83000 	C:\windows\WinSxS\amd64_microsoft.windows.common-controls_6595b64144ccf1df_6.0.22621.3672_none_2713b9d173822955\COMCTL32.dll
0x00007ffc49560000 - 0x00007ffc49586000 	C:\windows\System32\win32u.dll
0x00007ffc4ba80000 - 0x00007ffc4bb27000 	C:\windows\System32\msvcrt.dll
0x00007ffc4c090000 - 0x00007ffc4c0b9000 	C:\windows\System32\GDI32.dll
0x00007ffc49e60000 - 0x00007ffc49f78000 	C:\windows\System32\gdi32full.dll
0x00007ffc49860000 - 0x00007ffc498fa000 	C:\windows\System32\msvcp_win.dll
0x00007ffc4c1d0000 - 0x00007ffc4c201000 	C:\windows\System32\IMM32.DLL
0x00007ffc30ae0000 - 0x00007ffc30aec000 	C:\Program Files\Eclipse Adoptium\jdk-17.0.7.7-hotspot\bin\vcruntime140_1.dll
0x00007ffbe8470000 - 0x00007ffbe8501000 	C:\Program Files\Eclipse Adoptium\jdk-17.0.7.7-hotspot\bin\msvcp140.dll
0x00007ffba6340000 - 0x00007ffba6f88000 	C:\Program Files\Eclipse Adoptium\jdk-17.0.7.7-hotspot\bin\server\jvm.dll
0x00007ffc4a3c0000 - 0x00007ffc4a472000 	C:\windows\System32\ADVAPI32.dll
0x00007ffc4b9d0000 - 0x00007ffc4ba78000 	C:\windows\System32\sechost.dll
0x00007ffc49cc0000 - 0x00007ffc49ce8000 	C:\windows\System32\bcrypt.dll
0x00007ffc4a090000 - 0x00007ffc4a1a4000 	C:\windows\System32\RPCRT4.dll
0x00007ffc437a0000 - 0x00007ffc437d4000 	C:\windows\SYSTEM32\WINMM.dll
0x00007ffc2ee10000 - 0x00007ffc2ee19000 	C:\windows\SYSTEM32\WSOCK32.dll
0x00007ffc40a40000 - 0x00007ffc40a4a000 	C:\windows\SYSTEM32\VERSION.dll
0x00007ffc4c150000 - 0x00007ffc4c1c1000 	C:\windows\System32\WS2_32.dll
0x00007ffc48580000 - 0x00007ffc48598000 	C:\windows\SYSTEM32\kernel.appcore.dll
0x00007ffc2edb0000 - 0x00007ffc2edba000 	C:\Program Files\Eclipse Adoptium\jdk-17.0.7.7-hotspot\bin\jimage.dll
0x00007ffc3fac0000 - 0x00007ffc3fcf2000 	C:\windows\SYSTEM32\DBGHELP.DLL
0x00007ffc4a540000 - 0x00007ffc4a8ce000 	C:\windows\System32\combase.dll
0x00007ffc4b8b0000 - 0x00007ffc4b987000 	C:\windows\System32\OLEAUT32.dll
0x00007ffc3c460000 - 0x00007ffc3c492000 	C:\windows\SYSTEM32\dbgcore.DLL
0x00007ffc49590000 - 0x00007ffc4960b000 	C:\windows\System32\bcryptPrimitives.dll
0x00007ffc2c7e0000 - 0x00007ffc2c7ee000 	C:\Program Files\Eclipse Adoptium\jdk-17.0.7.7-hotspot\bin\instrument.dll
0x00007ffc144c0000 - 0x00007ffc144e5000 	C:\Program Files\Eclipse Adoptium\jdk-17.0.7.7-hotspot\bin\java.dll
0x00007ffbe8390000 - 0x00007ffbe8466000 	C:\Program Files\Eclipse Adoptium\jdk-17.0.7.7-hotspot\bin\jsvml.dll
0x00007ffc4aa30000 - 0x00007ffc4b299000 	C:\windows\System32\SHELL32.dll
0x00007ffc47480000 - 0x00007ffc47d7f000 	C:\windows\SYSTEM32\windows.storage.dll
0x00007ffc47340000 - 0x00007ffc4747f000 	C:\windows\SYSTEM32\wintypes.dll
0x00007ffc4a2c0000 - 0x00007ffc4a3b9000 	C:\windows\System32\SHCORE.dll
0x00007ffc4a4e0000 - 0x00007ffc4a53e000 	C:\windows\System32\shlwapi.dll
0x00007ffc49490000 - 0x00007ffc494b7000 	C:\windows\SYSTEM32\profapi.dll
0x00007ffc14450000 - 0x00007ffc14468000 	C:\Program Files\Eclipse Adoptium\jdk-17.0.7.7-hotspot\bin\zip.dll
0x00007ffc136b0000 - 0x00007ffc136c9000 	C:\Program Files\Eclipse Adoptium\jdk-17.0.7.7-hotspot\bin\net.dll
0x00007ffc45420000 - 0x00007ffc45556000 	C:\windows\SYSTEM32\WINHTTP.dll
0x00007ffc48a20000 - 0x00007ffc48a89000 	C:\windows\system32\mswsock.dll
0x00007ffc13690000 - 0x00007ffc136a5000 	C:\Program Files\Eclipse Adoptium\jdk-17.0.7.7-hotspot\bin\nio.dll
0x00007ffc2bb40000 - 0x00007ffc2bb50000 	C:\Program Files\Eclipse Adoptium\jdk-17.0.7.7-hotspot\bin\verify.dll
0x00007ffc14f10000 - 0x00007ffc14f37000 	C:\Users\justl\.gradle\native\c067742578af261105cb4f569cf0c3c89f3d7b1fecec35dd04571415982c5e48\windows-amd64\native-platform.dll
0x00007ffbe2ca0000 - 0x00007ffbe2de4000 	C:\Users\justl\.gradle\native\100fb08df4bc3b14c8652ba06237920a3bd2aa13389f12d3474272988ae205f9\windows-amd64\native-platform-file-events.dll
0x00007ffc2b800000 - 0x00007ffc2b809000 	C:\Program Files\Eclipse Adoptium\jdk-17.0.7.7-hotspot\bin\management.dll
0x00007ffc2b500000 - 0x00007ffc2b50b000 	C:\Program Files\Eclipse Adoptium\jdk-17.0.7.7-hotspot\bin\management_ext.dll
0x00007ffc4bb30000 - 0x00007ffc4bb38000 	C:\windows\System32\PSAPI.DLL
0x00007ffc48c70000 - 0x00007ffc48c8b000 	C:\windows\SYSTEM32\CRYPTSP.dll
0x00007ffc484e0000 - 0x00007ffc48515000 	C:\windows\system32\rsaenh.dll
0x00007ffc48b10000 - 0x00007ffc48b38000 	C:\windows\SYSTEM32\USERENV.dll
0x00007ffc48c90000 - 0x00007ffc48c9c000 	C:\windows\SYSTEM32\CRYPTBASE.dll
0x00007ffc47fe0000 - 0x00007ffc4800d000 	C:\windows\SYSTEM32\IPHLPAPI.DLL
0x00007ffc4b450000 - 0x00007ffc4b459000 	C:\windows\System32\NSI.dll
0x00007ffc45030000 - 0x00007ffc45049000 	C:\windows\SYSTEM32\dhcpcsvc6.DLL
0x00007ffc45010000 - 0x00007ffc4502f000 	C:\windows\SYSTEM32\dhcpcsvc.DLL
0x00007ffc48010000 - 0x00007ffc48112000 	C:\windows\SYSTEM32\DNSAPI.dll
0x00007ffc2b180000 - 0x00007ffc2b18e000 	C:\Program Files\Eclipse Adoptium\jdk-17.0.7.7-hotspot\bin\sunmscapi.dll
0x00007ffc49cf0000 - 0x00007ffc49e56000 	C:\windows\System32\CRYPT32.dll
0x00007ffc48e10000 - 0x00007ffc48e3d000 	C:\windows\SYSTEM32\ncrypt.dll
0x00007ffc48dd0000 - 0x00007ffc48e07000 	C:\windows\SYSTEM32\NTASN1.dll
0x00007ffc2f300000 - 0x00007ffc2f308000 	C:\windows\system32\wshunix.dll
0x00007ffc486a0000 - 0x00007ffc486d4000 	C:\windows\SYSTEM32\ntmarta.dll
0x00007ffc440d0000 - 0x00007ffc440da000 	C:\Windows\System32\rasadhlp.dll
0x00007ffc43a80000 - 0x00007ffc43b03000 	C:\windows\System32\fwpuclnt.dll

dbghelp: loaded successfully - version: 4.0.5 - missing functions: none
symbol engine: initialized successfully - sym options: 0x614 - pdb path: .;C:\Program Files\Eclipse Adoptium\jdk-17.0.7.7-hotspot\bin;C:\windows\SYSTEM32;C:\windows\WinSxS\amd64_microsoft.windows.common-controls_6595b64144ccf1df_6.0.22621.3672_none_2713b9d173822955;C:\Program Files\Eclipse Adoptium\jdk-17.0.7.7-hotspot\bin\server;C:\Users\justl\.gradle\native\c067742578af261105cb4f569cf0c3c89f3d7b1fecec35dd04571415982c5e48\windows-amd64;C:\Users\justl\.gradle\native\100fb08df4bc3b14c8652ba06237920a3bd2aa13389f12d3474272988ae205f9\windows-amd64

VM Arguments:
jvm_args: --add-opens=java.base/java.lang=ALL-UNNAMED --add-opens=java.base/java.lang.invoke=ALL-UNNAMED --add-opens=java.base/java.util=ALL-UNNAMED --add-opens=java.prefs/java.util.prefs=ALL-UNNAMED --add-exports=jdk.compiler/com.sun.tools.javac.api=ALL-UNNAMED --add-exports=jdk.compiler/com.sun.tools.javac.util=ALL-UNNAMED --add-opens=java.base/java.util=ALL-UNNAMED --add-opens=java.prefs/java.util.prefs=ALL-UNNAMED --add-opens=java.base/java.nio.charset=ALL-UNNAMED --add-opens=java.base/java.net=ALL-UNNAMED --add-opens=java.base/java.util.concurrent.atomic=ALL-UNNAMED --add-opens=java.xml/javax.xml.namespace=ALL-UNNAMED -XX:MaxMetaspaceSize=384m -XX:+HeapDumpOnOutOfMemoryError -Xms256m -Xmx512m -Dfile.encoding=UTF-8 -Duser.country=IN -Duser.language=en -Duser.variant -javaagent:C:\Users\justl\.gradle\wrapper\dists\gradle-8.11.1-bin\bpt9gzteqjrbo1mjrsomdt32c\gradle-8.11.1\lib\agents\gradle-instrumentation-agent-8.11.1.jar 
java_command: org.gradle.launcher.daemon.bootstrap.GradleDaemon 8.11.1
java_class_path (initial): C:\Users\justl\.gradle\wrapper\dists\gradle-8.11.1-bin\bpt9gzteqjrbo1mjrsomdt32c\gradle-8.11.1\lib\gradle-daemon-main-8.11.1.jar
Launcher Type: SUN_STANDARD

[Global flags]
     intx CICompilerCount                          = 4                                         {product} {ergonomic}
   size_t CompressedClassSpaceSize                 = 335544320                                 {product} {ergonomic}
     uint ConcGCThreads                            = 3                                         {product} {ergonomic}
     uint G1ConcRefinementThreads                  = 10                                        {product} {ergonomic}
   size_t G1HeapRegionSize                         = 1048576                                   {product} {ergonomic}
    uintx GCDrainStackTargetSize                   = 64                                        {product} {ergonomic}
     bool HeapDumpOnOutOfMemoryError               = true                                   {manageable} {command line}
   size_t InitialHeapSize                          = 268435456                                 {product} {command line}
   size_t MarkStackSize                            = 4194304                                   {product} {ergonomic}
   size_t MaxHeapSize                              = 536870912                                 {product} {command line}
   size_t MaxMetaspaceSize                         = 402653184                                 {product} {command line}
   size_t MaxNewSize                               = 321912832                                 {product} {ergonomic}
   size_t MinHeapDeltaBytes                        = 1048576                                   {product} {ergonomic}
   size_t MinHeapSize                              = 268435456                                 {product} {command line}
    uintx NonNMethodCodeHeapSize                   = 5839372                                {pd product} {ergonomic}
    uintx NonProfiledCodeHeapSize                  = 122909434                              {pd product} {ergonomic}
    uintx ProfiledCodeHeapSize                     = 122909434                              {pd product} {ergonomic}
    uintx ReservedCodeCacheSize                    = 251658240                              {pd product} {ergonomic}
     bool SegmentedCodeCache                       = true                                      {product} {ergonomic}
   size_t SoftMaxHeapSize                          = 536870912                              {manageable} {ergonomic}
     bool UseCompressedClassPointers               = true                           {product lp64_product} {ergonomic}
     bool UseCompressedOops                        = true                           {product lp64_product} {ergonomic}
     bool UseG1GC                                  = true                                      {product} {ergonomic}
     bool UseLargePagesIndividualAllocation        = false                                  {pd product} {ergonomic}

Logging:
Log output configuration:
 #0: stdout all=warning uptime,level,tags
 #1: stderr all=off uptime,level,tags

Environment Variables:
JAVA_HOME=C:\Program Files\Eclipse Adoptium\jdk-17.0.7.7-hotspot\
PATH=C:\Program Files\Eclipse Adoptium\jdk-21.0.3.9-hotspot\bin;C:\Program Files (x86)\VMware\VMware Player\bin\;C:\Program Files (x86)\Common Files\Intel\Shared Libraries\redist\intel64\compiler;C:\Program Files\Eclipse Adoptium\jdk-17.0.7.7-hotspot\bin;C:\windows\system32;C:\windows;C:\windows\System32\Wbem;C:\windows\System32\WindowsPowerShell\v1.0\;C:\windows\System32\OpenSSH\;C:\Program Files (x86)\NVIDIA Corporation\PhysX\Common;C:\Program Files\NVIDIA Corporation\NVIDIA NvDLISR;C:\msys64\mingw64\bin;C:\Users\justl\Downloads\python-3.11.1-amd64.exe;C:\Program Files\PuTTY\;C:\Program Files\dotnet\;C:\ProgramData\chocolatey\bin;C:\Program Files\nodejs\;C:\Program Files\HP\HP One Agent;C:\Program Files\Git\cmd;C:\Program Files (x86)\Windows Kits\10\Windows Performance Toolkit\;C:\Program Files\Cloudflare\Cloudflare WARP\;C:\Users\justl\AppData\Local\Programs\Python\Python313\Scripts\;C:\Users\justl\AppData\Local\Programs\Python\Python313\;C:\Users\justl\AppData\Local\Programs\Python\Python39\Scripts\;C:\Users\justl\AppData\Local\Programs\Python\Python39\;C:\Users\justl\.pyenv\pyenv-win\bin;C:\Users\justl\.pyenv\pyenv-win\shims;C:\Users\justl\AppData\Local\Programs\Python\Launcher\;C:\Users\justl\anaconda3;C:\Users\justl\anaconda3\Library\mingw-w64\bin;C:\Users\justl\anaconda3\Library\usr\bin;C:\Users\justl\anaconda3\Library\bin;C:\Users\justl\anaconda3\Scripts;C:\Users\justl\AppData\Local\Programs\Python\Python312\Scripts\;C:\Users\justl\AppData\Local\Programs\Python\Python312\;C:\Users\justl\AppData\Local\Microsoft\WindowsApps;C:\Users\justl\AppData\Local\Programs\Microsoft VS Code\bin;C:\Users\justl\.dotnet\tools;C:\Users\justl\AppData\Roaming\npm;C:\xampp\php;C:\Program Files\JetBrains\IntelliJ IDEA 2024.2.0.1\bin;C:\Users\justl\AppData\Local\GitHubDesktop\bin
USERNAME=justl
OS=Windows_NT
PROCESSOR_IDENTIFIER=AMD64 Family 25 Model 80 Stepping 0, AuthenticAMD
TMP=C:\Users\justl\AppData\Local\Temp
TEMP=C:\Users\justl\AppData\Local\Temp



---------------  S Y S T E M  ---------------

OS:
 Windows 11 , 64 bit Build 22621 (10.0.22621.3958)
OS uptime: 1 days 0:05 hours
Hyper-V role detected

CPU: total 12 (initial active 12) (12 cores per cpu, 2 threads per core) family 25 model 80 stepping 0 microcode 0x0, cx8, cmov, fxsr, ht, mmx, 3dnowpref, sse, sse2, sse3, ssse3, sse4a, sse4.1, sse4.2, popcnt, lzcnt, tsc, tscinvbit, avx, avx2, aes, erms, clmul, bmi1, bmi2, adx, sha, fma, vzeroupper, clflush, clflushopt, hv

Memory: 4k page, system-wide physical 7518M (219M free)
TotalPageFile size 15682M (AvailPageFile size 11M)
current process WorkingSet (physical memory assigned to process): 390M, peak: 473M
current process commit charge ("private bytes"): 553M, peak: 556M

vm_info: OpenJDK 64-Bit Server VM (17.0.7+7) for windows-amd64 JRE (17.0.7+7), built on Apr 18 2023 22:10:42 by "temurin" with MS VC++ 16.7 (VS2019)

END.
