#
# There is insufficient memory for the Java Runtime Environment to continue.
# Native memory allocation (mmap) failed to map 65536 bytes for Failed to commit metaspace.
# Possible reasons:
#   The system is out of physical RAM or swap space
#   The process is running with CompressedOops enabled, and the Java Heap may be blocking the growth of the native heap
# Possible solutions:
#   Reduce memory load on the system
#   Increase physical memory or swap space
#   Check if swap backing store is full
#   Decrease Java heap size (-Xmx/-Xms)
#   Decrease number of Java threads
#   Decrease Java thread stack sizes (-Xss)
#   Set larger code cache with -XX:ReservedCodeCacheSize=
#   JVM is running with Unscaled Compressed Oops mode in which the Java heap is
#     placed in the first 4GB address space. The Java Heap base address is the
#     maximum limit for the native heap growth. Please use -XX:HeapBaseMinAddress
#     to set the Java Heap base and to place the Java Heap above 4GB virtual address.
# This output file may be truncated or incomplete.
#
#  Out of Memory Error (virtualSpaceNode.cpp:110), pid=57504, tid=58620
#
# JRE version: OpenJDK Runtime Environment Temurin-17.0.7+7 (17.0.7+7) (build 17.0.7+7)
# Java VM: OpenJDK 64-Bit Server VM Temurin-17.0.7+7 (17.0.7+7, mixed mode, sharing, tiered, compressed oops, compressed class ptrs, g1 gc, windows-amd64)
# No core dump will be written. Minidumps are not enabled by default on client versions of Windows
#

---------------  S U M M A R Y ------------

Command Line: --add-opens=java.base/java.lang=ALL-UNNAMED --add-opens=java.base/java.lang.invoke=ALL-UNNAMED --add-opens=java.base/java.util=ALL-UNNAMED --add-opens=java.prefs/java.util.prefs=ALL-UNNAMED --add-exports=jdk.compiler/com.sun.tools.javac.api=ALL-UNNAMED --add-exports=jdk.compiler/com.sun.tools.javac.util=ALL-UNNAMED --add-opens=java.base/java.util=ALL-UNNAMED --add-opens=java.prefs/java.util.prefs=ALL-UNNAMED --add-opens=java.base/java.nio.charset=ALL-UNNAMED --add-opens=java.base/java.net=ALL-UNNAMED --add-opens=java.base/java.util.concurrent.atomic=ALL-UNNAMED --add-opens=java.xml/javax.xml.namespace=ALL-UNNAMED -XX:MaxMetaspaceSize=384m -XX:+HeapDumpOnOutOfMemoryError -Xms256m -Xmx512m -Dfile.encoding=windows-1252 -Duser.country=IN -Duser.language=en -Duser.variant -javaagent:C:\Users\justl\.gradle\wrapper\dists\gradle-8.11.1-bin\bpt9gzteqjrbo1mjrsomdt32c\gradle-8.11.1\lib\agents\gradle-instrumentation-agent-8.11.1.jar org.gradle.launcher.daemon.bootstrap.GradleDaemon 8.11.1

Host: AMD Ryzen 5 5600H with Radeon Graphics         , 12 cores, 7G,  Windows 11 , 64 bit Build 22621 (10.0.22621.3958)
Time: Wed Dec  4 17:54:28 2024 India Standard Time elapsed time: 3.879506 seconds (0d 0h 0m 3s)

---------------  T H R E A D  ---------------

Current thread (0x00000204d9459180):  JavaThread "C1 CompilerThread0" daemon [_thread_in_vm, id=58620, stack(0x0000005b47600000,0x0000005b47700000)]


Current CompileTask:
C1:   3879 3935  s!   3       java.beans.PropertyDescriptor::getReadMethod (149 bytes)

Stack: [0x0000005b47600000,0x0000005b47700000]
Native frames: (J=compiled Java code, j=interpreted, Vv=VM code, C=native code)
V  [jvm.dll+0x67754a]
V  [jvm.dll+0x834304]
V  [jvm.dll+0x835aae]
V  [jvm.dll+0x836113]
V  [jvm.dll+0x24696f]
V  [jvm.dll+0x83039b]
V  [jvm.dll+0x61c006]
V  [jvm.dll+0x61c06a]
V  [jvm.dll+0x61e89a]
V  [jvm.dll+0x61c9a6]
V  [jvm.dll+0x62dc3a]
V  [jvm.dll+0x626aaa]
V  [jvm.dll+0x1cd7a0]
V  [jvm.dll+0x1cd98f]
V  [jvm.dll+0x147a21]
V  [jvm.dll+0x147865]
V  [jvm.dll+0x13f0ce]
V  [jvm.dll+0x141685]
V  [jvm.dll+0x13f964]
V  [jvm.dll+0x1398df]
V  [jvm.dll+0x149456]
V  [jvm.dll+0x134ff0]
V  [jvm.dll+0x135350]
V  [jvm.dll+0x135616]
V  [jvm.dll+0x134aaa]
V  [jvm.dll+0x136771]
V  [jvm.dll+0x2284da]
V  [jvm.dll+0x226615]
V  [jvm.dll+0x7ea90b]
V  [jvm.dll+0x7e4e7a]
V  [jvm.dll+0x676395]
C  [ucrtbase.dll+0x29333]
C  [KERNEL32.DLL+0x1257d]
C  [ntdll.dll+0x5af08]


---------------  P R O C E S S  ---------------

Threads class SMR info:
_java_thread_list=0x00000204df825ff0, length=36, elements={
0x00000204be4bddc0, 0x00000204d9426510, 0x00000204d9427380, 0x00000204d943de90,
0x00000204d9440860, 0x00000204d9441210, 0x00000204d9441bc0, 0x00000204d9445970,
0x00000204d9459180, 0x00000204d95a0870, 0x00000204d9411e10, 0x00000204d97cb3a0,
0x00000204df60adb0, 0x00000204df6eb2a0, 0x00000204de87ab00, 0x00000204dee62ee0,
0x00000204d98ca540, 0x00000204de093e40, 0x00000204de095320, 0x00000204df7599c0,
0x00000204df69d8c0, 0x00000204df69dd90, 0x00000204df69f5a0, 0x00000204df69ca50,
0x00000204df69e260, 0x00000204df69ec00, 0x00000204df69e730, 0x00000204df69fa70,
0x00000204df69c580, 0x00000204df69cf20, 0x00000204e19f5950, 0x00000204e19f32d0,
0x00000204e19f2e00, 0x00000204e19f4140, 0x00000204e19f37a0, 0x00000204e19f2930
}

Java Threads: ( => current thread )
  0x00000204be4bddc0 JavaThread "main" [_thread_blocked, id=50672, stack(0x0000005b46800000,0x0000005b46900000)]
  0x00000204d9426510 JavaThread "Reference Handler" daemon [_thread_blocked, id=51820, stack(0x0000005b46f00000,0x0000005b47000000)]
  0x00000204d9427380 JavaThread "Finalizer" daemon [_thread_blocked, id=55036, stack(0x0000005b47000000,0x0000005b47100000)]
  0x00000204d943de90 JavaThread "Signal Dispatcher" daemon [_thread_blocked, id=19048, stack(0x0000005b47100000,0x0000005b47200000)]
  0x00000204d9440860 JavaThread "Attach Listener" daemon [_thread_blocked, id=60224, stack(0x0000005b47200000,0x0000005b47300000)]
  0x00000204d9441210 JavaThread "Service Thread" daemon [_thread_blocked, id=37408, stack(0x0000005b47300000,0x0000005b47400000)]
  0x00000204d9441bc0 JavaThread "Monitor Deflation Thread" daemon [_thread_blocked, id=18220, stack(0x0000005b47400000,0x0000005b47500000)]
  0x00000204d9445970 JavaThread "C2 CompilerThread0" daemon [_thread_in_native, id=51532, stack(0x0000005b47500000,0x0000005b47600000)]
=>0x00000204d9459180 JavaThread "C1 CompilerThread0" daemon [_thread_in_vm, id=58620, stack(0x0000005b47600000,0x0000005b47700000)]
  0x00000204d95a0870 JavaThread "Sweeper thread" daemon [_thread_blocked, id=12468, stack(0x0000005b47700000,0x0000005b47800000)]
  0x00000204d9411e10 JavaThread "Common-Cleaner" daemon [_thread_blocked, id=60132, stack(0x0000005b47800000,0x0000005b47900000)]
  0x00000204d97cb3a0 JavaThread "Notification Thread" daemon [_thread_blocked, id=48012, stack(0x0000005b47900000,0x0000005b47a00000)]
  0x00000204df60adb0 JavaThread "Daemon health stats" [_thread_blocked, id=56956, stack(0x0000005b47b00000,0x0000005b47c00000)]
  0x00000204df6eb2a0 JavaThread "C2 CompilerThread1" daemon [_thread_blocked, id=16420, stack(0x0000005b48100000,0x0000005b48200000)]
  0x00000204de87ab00 JavaThread "Incoming local TCP Connector on port 35042" [_thread_in_native, id=41400, stack(0x0000005b48200000,0x0000005b48300000)]
  0x00000204dee62ee0 JavaThread "Daemon periodic checks" [_thread_blocked, id=54940, stack(0x0000005b48300000,0x0000005b48400000)]
  0x00000204d98ca540 JavaThread "Daemon" [_thread_blocked, id=52564, stack(0x0000005b48400000,0x0000005b48500000)]
  0x00000204de093e40 JavaThread "Handler for socket connection from /127.0.0.1:35042 to /127.0.0.1:35043" [_thread_in_native, id=48816, stack(0x0000005b48500000,0x0000005b48600000)]
  0x00000204de095320 JavaThread "Cancel handler" [_thread_blocked, id=41880, stack(0x0000005b48600000,0x0000005b48700000)]
  0x00000204df7599c0 JavaThread "Daemon worker" [_thread_blocked, id=56360, stack(0x0000005b48700000,0x0000005b48800000)]
  0x00000204df69d8c0 JavaThread "Asynchronous log dispatcher for DefaultDaemonConnection: socket connection from /127.0.0.1:35042 to /127.0.0.1:35043" [_thread_blocked, id=55300, stack(0x0000005b48800000,0x0000005b48900000)]
  0x00000204df69dd90 JavaThread "Stdin handler" [_thread_blocked, id=52372, stack(0x0000005b48900000,0x0000005b48a00000)]
  0x00000204df69f5a0 JavaThread "Daemon client event forwarder" [_thread_blocked, id=43688, stack(0x0000005b48a00000,0x0000005b48b00000)]
  0x00000204df69ca50 JavaThread "Cache worker for journal cache (C:\Users\justl\.gradle\caches\journal-1)" [_thread_blocked, id=47540, stack(0x0000005b48b00000,0x0000005b48c00000)]
  0x00000204df69e260 JavaThread "File lock request listener" [_thread_in_native, id=49556, stack(0x0000005b48c00000,0x0000005b48d00000)]
  0x00000204df69ec00 JavaThread "Cache worker for file hash cache (C:\Users\justl\.gradle\caches\8.11.1\fileHashes)" [_thread_blocked, id=51032, stack(0x0000005b48d00000,0x0000005b48e00000)]
  0x00000204df69e730 JavaThread "Cache worker for file content cache (C:\Users\justl\.gradle\caches\8.11.1\fileContent)" [_thread_blocked, id=10072, stack(0x0000005b48e00000,0x0000005b48f00000)]
  0x00000204df69fa70 JavaThread "Cache worker for file hash cache (C:\Lucky\Github\springboot_boilerplate\.gradle\8.11.1\fileHashes)" [_thread_blocked, id=58944, stack(0x0000005b48f00000,0x0000005b49000000)]
  0x00000204df69c580 JavaThread "Cache worker for Build Output Cleanup Cache (C:\Lucky\Github\springboot_boilerplate\.gradle\buildOutputCleanup)" [_thread_blocked, id=56940, stack(0x0000005b49000000,0x0000005b49100000)]
  0x00000204df69cf20 JavaThread "File watcher server" daemon [_thread_in_native, id=48972, stack(0x0000005b49700000,0x0000005b49800000)]
  0x00000204e19f5950 JavaThread "File watcher consumer" daemon [_thread_blocked, id=9312, stack(0x0000005b49800000,0x0000005b49900000)]
  0x00000204e19f32d0 JavaThread "Cache worker for checksums cache (C:\Lucky\Github\springboot_boilerplate\.gradle\8.11.1\checksums)" [_thread_blocked, id=50800, stack(0x0000005b49900000,0x0000005b49a00000)]
  0x00000204e19f2e00 JavaThread "Cache worker for cache directory md-rule (C:\Users\justl\.gradle\caches\8.11.1\md-rule)" [_thread_blocked, id=57852, stack(0x0000005b49a00000,0x0000005b49b00000)]
  0x00000204e19f4140 JavaThread "Cache worker for cache directory md-supplier (C:\Users\justl\.gradle\caches\8.11.1\md-supplier)" [_thread_blocked, id=37940, stack(0x0000005b49b00000,0x0000005b49c00000)]
  0x00000204e19f37a0 JavaThread "jar transforms" [_thread_blocked, id=50788, stack(0x0000005b49c00000,0x0000005b49d00000)]
  0x00000204e19f2930 JavaThread "jar transforms Thread 2" [_thread_blocked, id=57364, stack(0x0000005b49d00000,0x0000005b49e00000)]

Other Threads:
  0x00000204d9422e60 VMThread "VM Thread" [stack: 0x0000005b46e00000,0x0000005b46f00000] [id=20196]
  0x00000204be4bfe50 WatcherThread [stack: 0x0000005b47a00000,0x0000005b47b00000] [id=17188]
  0x00000204be4eb880 GCTaskThread "GC Thread#0" [stack: 0x0000005b46900000,0x0000005b46a00000] [id=50384]
  0x00000204de075ba0 GCTaskThread "GC Thread#1" [stack: 0x0000005b47c00000,0x0000005b47d00000] [id=45304]
  0x00000204de3a1540 GCTaskThread "GC Thread#2" [stack: 0x0000005b47d00000,0x0000005b47e00000] [id=39912]
  0x00000204de15efb0 GCTaskThread "GC Thread#3" [stack: 0x0000005b47e00000,0x0000005b47f00000] [id=19028]
  0x00000204de432410 GCTaskThread "GC Thread#4" [stack: 0x0000005b47f00000,0x0000005b48000000] [id=52488]
  0x00000204de4326c0 GCTaskThread "GC Thread#5" [stack: 0x0000005b48000000,0x0000005b48100000] [id=59396]
  0x00000204df705390 GCTaskThread "GC Thread#6" [stack: 0x0000005b49100000,0x0000005b49200000] [id=58716]
  0x00000204df704b80 GCTaskThread "GC Thread#7" [stack: 0x0000005b49200000,0x0000005b49300000] [id=11916]
  0x00000204df704e30 GCTaskThread "GC Thread#8" [stack: 0x0000005b49300000,0x0000005b49400000] [id=54692]
  0x00000204df7050e0 GCTaskThread "GC Thread#9" [stack: 0x0000005b49400000,0x0000005b49500000] [id=20016]
  0x00000204be4f17d0 ConcurrentGCThread "G1 Main Marker" [stack: 0x0000005b46a00000,0x0000005b46b00000] [id=43568]
  0x00000204be4f21e0 ConcurrentGCThread "G1 Conc#0" [stack: 0x0000005b46b00000,0x0000005b46c00000] [id=60092]
  0x00000204df7040c0 ConcurrentGCThread "G1 Conc#1" [stack: 0x0000005b49500000,0x0000005b49600000] [id=50172]
  0x00000204df705640 ConcurrentGCThread "G1 Conc#2" [stack: 0x0000005b49600000,0x0000005b49700000] [id=46000]
  0x00000204d92e6170 ConcurrentGCThread "G1 Refine#0" [stack: 0x0000005b46c00000,0x0000005b46d00000] [id=11332]
  0x00000204d92e69a0 ConcurrentGCThread "G1 Service" [stack: 0x0000005b46d00000,0x0000005b46e00000] [id=51544]

Threads with active compile tasks:
C2 CompilerThread0     3902 3799       4       java.net.URLClassLoader$1::run (5 bytes)
C1 CompilerThread0     3902 3935  s!   3       java.beans.PropertyDescriptor::getReadMethod (149 bytes)

VM state: not at safepoint (normal execution)

VM Mutex/Monitor currently owned by a thread:  ([mutex/lock_event])
[0x00000204bc30b7a0] Metaspace_lock - owner thread: 0x00000204d9459180
[0x00000204be4b8b70] MethodData_lock - owner thread: 0x00000204d9459180

Heap address: 0x00000000e0000000, size: 512 MB, Compressed Oops mode: 32-bit

CDS archive(s) mapped at: [0x0000000800000000-0x0000000800bc0000-0x0000000800bc0000), size 12320768, SharedBaseAddress: 0x0000000800000000, ArchiveRelocationMode: 0.
Compressed class space mapped at: 0x0000000801000000-0x0000000815000000, reserved size: 335544320
Narrow klass base: 0x0000000800000000, Narrow klass shift: 0, Narrow klass range: 0x100000000

GC Precious Log:
 CPUs: 12 total, 12 available
 Memory: 7518M
 Large Page Support: Disabled
 NUMA Support: Disabled
 Compressed Oops: Enabled (32-bit)
 Heap Region Size: 1M
 Heap Min Capacity: 256M
 Heap Initial Capacity: 256M
 Heap Max Capacity: 512M
 Pre-touch: Disabled
 Parallel Workers: 10
 Concurrent Workers: 3
 Concurrent Refinement Workers: 10
 Periodic GC: Disabled

Heap:
 garbage-first heap   total 262144K, used 125221K [0x00000000e0000000, 0x0000000100000000)
  region size 1024K, 113 young (115712K), 12 survivors (12288K)
 Metaspace       used 33859K, committed 34240K, reserved 393216K
  class space    used 4810K, committed 4992K, reserved 327680K

Heap Regions: E=young(eden), S=young(survivor), O=old, HS=humongous(starts), HC=humongous(continues), CS=collection set, F=free, OA=open archive, CA=closed archive, TAMS=top-at-mark-start (previous, next)
|   0|0x00000000e0000000, 0x00000000e0100000, 0x00000000e0100000|100%| O|  |TAMS 0x00000000e0100000, 0x00000000e0000000| Untracked 
|   1|0x00000000e0100000, 0x00000000e0200000, 0x00000000e0200000|100%|HS|  |TAMS 0x00000000e0200000, 0x00000000e0100000| Complete 
|   2|0x00000000e0200000, 0x00000000e0300000, 0x00000000e0300000|100%|HC|  |TAMS 0x00000000e0300000, 0x00000000e0200000| Complete 
|   3|0x00000000e0300000, 0x00000000e0400000, 0x00000000e0400000|100%|HC|  |TAMS 0x00000000e0400000, 0x00000000e0300000| Complete 
|   4|0x00000000e0400000, 0x00000000e0500000, 0x00000000e0500000|100%| O|  |TAMS 0x00000000e0500000, 0x00000000e0400000| Untracked 
|   5|0x00000000e0500000, 0x00000000e0600000, 0x00000000e0600000|100%| O|  |TAMS 0x00000000e0600000, 0x00000000e0500000| Untracked 
|   6|0x00000000e0600000, 0x00000000e0700000, 0x00000000e0700000|100%| O|  |TAMS 0x00000000e0700000, 0x00000000e0600000| Untracked 
|   7|0x00000000e0700000, 0x00000000e0800000, 0x00000000e0800000|100%|HS|  |TAMS 0x00000000e0800000, 0x00000000e0700000| Complete 
|   8|0x00000000e0800000, 0x00000000e0800000, 0x00000000e0900000|  0%| F|  |TAMS 0x00000000e0800000, 0x00000000e0800000| Untracked 
|   9|0x00000000e0900000, 0x00000000e0a00000, 0x00000000e0a00000|100%| O|  |TAMS 0x00000000e0a00000, 0x00000000e0900000| Untracked 
|  10|0x00000000e0a00000, 0x00000000e0b00000, 0x00000000e0b00000|100%| O|  |TAMS 0x00000000e0b00000, 0x00000000e0a00000| Untracked 
|  11|0x00000000e0b00000, 0x00000000e0c00000, 0x00000000e0c00000|100%| O|  |TAMS 0x00000000e0c00000, 0x00000000e0b00000| Untracked 
|  12|0x00000000e0c00000, 0x00000000e0ccdc00, 0x00000000e0d00000| 80%| O|  |TAMS 0x00000000e0ccdc00, 0x00000000e0c00000| Untracked 
|  13|0x00000000e0d00000, 0x00000000e0d00000, 0x00000000e0e00000|  0%| F|  |TAMS 0x00000000e0d00000, 0x00000000e0d00000| Untracked 
|  14|0x00000000e0e00000, 0x00000000e0e00000, 0x00000000e0f00000|  0%| F|  |TAMS 0x00000000e0e00000, 0x00000000e0e00000| Untracked 
|  15|0x00000000e0f00000, 0x00000000e0f00000, 0x00000000e1000000|  0%| F|  |TAMS 0x00000000e0f00000, 0x00000000e0f00000| Untracked 
|  16|0x00000000e1000000, 0x00000000e1000000, 0x00000000e1100000|  0%| F|  |TAMS 0x00000000e1000000, 0x00000000e1000000| Untracked 
|  17|0x00000000e1100000, 0x00000000e1100000, 0x00000000e1200000|  0%| F|  |TAMS 0x00000000e1100000, 0x00000000e1100000| Untracked 
|  18|0x00000000e1200000, 0x00000000e1200000, 0x00000000e1300000|  0%| F|  |TAMS 0x00000000e1200000, 0x00000000e1200000| Untracked 
|  19|0x00000000e1300000, 0x00000000e1300000, 0x00000000e1400000|  0%| F|  |TAMS 0x00000000e1300000, 0x00000000e1300000| Untracked 
|  20|0x00000000e1400000, 0x00000000e1400000, 0x00000000e1500000|  0%| F|  |TAMS 0x00000000e1400000, 0x00000000e1400000| Untracked 
|  21|0x00000000e1500000, 0x00000000e1500000, 0x00000000e1600000|  0%| F|  |TAMS 0x00000000e1500000, 0x00000000e1500000| Untracked 
|  22|0x00000000e1600000, 0x00000000e1600000, 0x00000000e1700000|  0%| F|  |TAMS 0x00000000e1600000, 0x00000000e1600000| Untracked 
|  23|0x00000000e1700000, 0x00000000e1700000, 0x00000000e1800000|  0%| F|  |TAMS 0x00000000e1700000, 0x00000000e1700000| Untracked 
|  24|0x00000000e1800000, 0x00000000e1800000, 0x00000000e1900000|  0%| F|  |TAMS 0x00000000e1800000, 0x00000000e1800000| Untracked 
|  25|0x00000000e1900000, 0x00000000e1900000, 0x00000000e1a00000|  0%| F|  |TAMS 0x00000000e1900000, 0x00000000e1900000| Untracked 
|  26|0x00000000e1a00000, 0x00000000e1a00000, 0x00000000e1b00000|  0%| F|  |TAMS 0x00000000e1a00000, 0x00000000e1a00000| Untracked 
|  27|0x00000000e1b00000, 0x00000000e1b00000, 0x00000000e1c00000|  0%| F|  |TAMS 0x00000000e1b00000, 0x00000000e1b00000| Untracked 
|  28|0x00000000e1c00000, 0x00000000e1c00000, 0x00000000e1d00000|  0%| F|  |TAMS 0x00000000e1c00000, 0x00000000e1c00000| Untracked 
|  29|0x00000000e1d00000, 0x00000000e1d00000, 0x00000000e1e00000|  0%| F|  |TAMS 0x00000000e1d00000, 0x00000000e1d00000| Untracked 
|  30|0x00000000e1e00000, 0x00000000e1e00000, 0x00000000e1f00000|  0%| F|  |TAMS 0x00000000e1e00000, 0x00000000e1e00000| Untracked 
|  31|0x00000000e1f00000, 0x00000000e1f00000, 0x00000000e2000000|  0%| F|  |TAMS 0x00000000e1f00000, 0x00000000e1f00000| Untracked 
|  32|0x00000000e2000000, 0x00000000e2000000, 0x00000000e2100000|  0%| F|  |TAMS 0x00000000e2000000, 0x00000000e2000000| Untracked 
|  33|0x00000000e2100000, 0x00000000e2100000, 0x00000000e2200000|  0%| F|  |TAMS 0x00000000e2100000, 0x00000000e2100000| Untracked 
|  34|0x00000000e2200000, 0x00000000e2200000, 0x00000000e2300000|  0%| F|  |TAMS 0x00000000e2200000, 0x00000000e2200000| Untracked 
|  35|0x00000000e2300000, 0x00000000e2300000, 0x00000000e2400000|  0%| F|  |TAMS 0x00000000e2300000, 0x00000000e2300000| Untracked 
|  36|0x00000000e2400000, 0x00000000e2400000, 0x00000000e2500000|  0%| F|  |TAMS 0x00000000e2400000, 0x00000000e2400000| Untracked 
|  37|0x00000000e2500000, 0x00000000e2500000, 0x00000000e2600000|  0%| F|  |TAMS 0x00000000e2500000, 0x00000000e2500000| Untracked 
|  38|0x00000000e2600000, 0x00000000e2600000, 0x00000000e2700000|  0%| F|  |TAMS 0x00000000e2600000, 0x00000000e2600000| Untracked 
|  39|0x00000000e2700000, 0x00000000e2700000, 0x00000000e2800000|  0%| F|  |TAMS 0x00000000e2700000, 0x00000000e2700000| Untracked 
|  40|0x00000000e2800000, 0x00000000e2800000, 0x00000000e2900000|  0%| F|  |TAMS 0x00000000e2800000, 0x00000000e2800000| Untracked 
|  41|0x00000000e2900000, 0x00000000e2900000, 0x00000000e2a00000|  0%| F|  |TAMS 0x00000000e2900000, 0x00000000e2900000| Untracked 
|  42|0x00000000e2a00000, 0x00000000e2a00000, 0x00000000e2b00000|  0%| F|  |TAMS 0x00000000e2a00000, 0x00000000e2a00000| Untracked 
|  43|0x00000000e2b00000, 0x00000000e2b00000, 0x00000000e2c00000|  0%| F|  |TAMS 0x00000000e2b00000, 0x00000000e2b00000| Untracked 
|  44|0x00000000e2c00000, 0x00000000e2c00000, 0x00000000e2d00000|  0%| F|  |TAMS 0x00000000e2c00000, 0x00000000e2c00000| Untracked 
|  45|0x00000000e2d00000, 0x00000000e2d00000, 0x00000000e2e00000|  0%| F|  |TAMS 0x00000000e2d00000, 0x00000000e2d00000| Untracked 
|  46|0x00000000e2e00000, 0x00000000e2e00000, 0x00000000e2f00000|  0%| F|  |TAMS 0x00000000e2e00000, 0x00000000e2e00000| Untracked 
|  47|0x00000000e2f00000, 0x00000000e2f00000, 0x00000000e3000000|  0%| F|  |TAMS 0x00000000e2f00000, 0x00000000e2f00000| Untracked 
|  48|0x00000000e3000000, 0x00000000e3000000, 0x00000000e3100000|  0%| F|  |TAMS 0x00000000e3000000, 0x00000000e3000000| Untracked 
|  49|0x00000000e3100000, 0x00000000e3100000, 0x00000000e3200000|  0%| F|  |TAMS 0x00000000e3100000, 0x00000000e3100000| Untracked 
|  50|0x00000000e3200000, 0x00000000e3200000, 0x00000000e3300000|  0%| F|  |TAMS 0x00000000e3200000, 0x00000000e3200000| Untracked 
|  51|0x00000000e3300000, 0x00000000e3300000, 0x00000000e3400000|  0%| F|  |TAMS 0x00000000e3300000, 0x00000000e3300000| Untracked 
|  52|0x00000000e3400000, 0x00000000e3400000, 0x00000000e3500000|  0%| F|  |TAMS 0x00000000e3400000, 0x00000000e3400000| Untracked 
|  53|0x00000000e3500000, 0x00000000e3500000, 0x00000000e3600000|  0%| F|  |TAMS 0x00000000e3500000, 0x00000000e3500000| Untracked 
|  54|0x00000000e3600000, 0x00000000e3600000, 0x00000000e3700000|  0%| F|  |TAMS 0x00000000e3600000, 0x00000000e3600000| Untracked 
|  55|0x00000000e3700000, 0x00000000e3700000, 0x00000000e3800000|  0%| F|  |TAMS 0x00000000e3700000, 0x00000000e3700000| Untracked 
|  56|0x00000000e3800000, 0x00000000e3800000, 0x00000000e3900000|  0%| F|  |TAMS 0x00000000e3800000, 0x00000000e3800000| Untracked 
|  57|0x00000000e3900000, 0x00000000e3900000, 0x00000000e3a00000|  0%| F|  |TAMS 0x00000000e3900000, 0x00000000e3900000| Untracked 
|  58|0x00000000e3a00000, 0x00000000e3a00000, 0x00000000e3b00000|  0%| F|  |TAMS 0x00000000e3a00000, 0x00000000e3a00000| Untracked 
|  59|0x00000000e3b00000, 0x00000000e3b00000, 0x00000000e3c00000|  0%| F|  |TAMS 0x00000000e3b00000, 0x00000000e3b00000| Untracked 
|  60|0x00000000e3c00000, 0x00000000e3c00000, 0x00000000e3d00000|  0%| F|  |TAMS 0x00000000e3c00000, 0x00000000e3c00000| Untracked 
|  61|0x00000000e3d00000, 0x00000000e3d00000, 0x00000000e3e00000|  0%| F|  |TAMS 0x00000000e3d00000, 0x00000000e3d00000| Untracked 
|  62|0x00000000e3e00000, 0x00000000e3e00000, 0x00000000e3f00000|  0%| F|  |TAMS 0x00000000e3e00000, 0x00000000e3e00000| Untracked 
|  63|0x00000000e3f00000, 0x00000000e3f00000, 0x00000000e4000000|  0%| F|  |TAMS 0x00000000e3f00000, 0x00000000e3f00000| Untracked 
|  64|0x00000000e4000000, 0x00000000e4000000, 0x00000000e4100000|  0%| F|  |TAMS 0x00000000e4000000, 0x00000000e4000000| Untracked 
|  65|0x00000000e4100000, 0x00000000e4100000, 0x00000000e4200000|  0%| F|  |TAMS 0x00000000e4100000, 0x00000000e4100000| Untracked 
|  66|0x00000000e4200000, 0x00000000e4200000, 0x00000000e4300000|  0%| F|  |TAMS 0x00000000e4200000, 0x00000000e4200000| Untracked 
|  67|0x00000000e4300000, 0x00000000e4300000, 0x00000000e4400000|  0%| F|  |TAMS 0x00000000e4300000, 0x00000000e4300000| Untracked 
|  68|0x00000000e4400000, 0x00000000e4400000, 0x00000000e4500000|  0%| F|  |TAMS 0x00000000e4400000, 0x00000000e4400000| Untracked 
|  69|0x00000000e4500000, 0x00000000e4500000, 0x00000000e4600000|  0%| F|  |TAMS 0x00000000e4500000, 0x00000000e4500000| Untracked 
|  70|0x00000000e4600000, 0x00000000e4600000, 0x00000000e4700000|  0%| F|  |TAMS 0x00000000e4600000, 0x00000000e4600000| Untracked 
|  71|0x00000000e4700000, 0x00000000e4700000, 0x00000000e4800000|  0%| F|  |TAMS 0x00000000e4700000, 0x00000000e4700000| Untracked 
|  72|0x00000000e4800000, 0x00000000e4800000, 0x00000000e4900000|  0%| F|  |TAMS 0x00000000e4800000, 0x00000000e4800000| Untracked 
|  73|0x00000000e4900000, 0x00000000e4900000, 0x00000000e4a00000|  0%| F|  |TAMS 0x00000000e4900000, 0x00000000e4900000| Untracked 
|  74|0x00000000e4a00000, 0x00000000e4a00000, 0x00000000e4b00000|  0%| F|  |TAMS 0x00000000e4a00000, 0x00000000e4a00000| Untracked 
|  75|0x00000000e4b00000, 0x00000000e4b00000, 0x00000000e4c00000|  0%| F|  |TAMS 0x00000000e4b00000, 0x00000000e4b00000| Untracked 
|  76|0x00000000e4c00000, 0x00000000e4c00000, 0x00000000e4d00000|  0%| F|  |TAMS 0x00000000e4c00000, 0x00000000e4c00000| Untracked 
|  77|0x00000000e4d00000, 0x00000000e4d00000, 0x00000000e4e00000|  0%| F|  |TAMS 0x00000000e4d00000, 0x00000000e4d00000| Untracked 
|  78|0x00000000e4e00000, 0x00000000e4e00000, 0x00000000e4f00000|  0%| F|  |TAMS 0x00000000e4e00000, 0x00000000e4e00000| Untracked 
|  79|0x00000000e4f00000, 0x00000000e4f00000, 0x00000000e5000000|  0%| F|  |TAMS 0x00000000e4f00000, 0x00000000e4f00000| Untracked 
|  80|0x00000000e5000000, 0x00000000e5000000, 0x00000000e5100000|  0%| F|  |TAMS 0x00000000e5000000, 0x00000000e5000000| Untracked 
|  81|0x00000000e5100000, 0x00000000e5100000, 0x00000000e5200000|  0%| F|  |TAMS 0x00000000e5100000, 0x00000000e5100000| Untracked 
|  82|0x00000000e5200000, 0x00000000e5200000, 0x00000000e5300000|  0%| F|  |TAMS 0x00000000e5200000, 0x00000000e5200000| Untracked 
|  83|0x00000000e5300000, 0x00000000e5300000, 0x00000000e5400000|  0%| F|  |TAMS 0x00000000e5300000, 0x00000000e5300000| Untracked 
|  84|0x00000000e5400000, 0x00000000e5400000, 0x00000000e5500000|  0%| F|  |TAMS 0x00000000e5400000, 0x00000000e5400000| Untracked 
|  85|0x00000000e5500000, 0x00000000e5500000, 0x00000000e5600000|  0%| F|  |TAMS 0x00000000e5500000, 0x00000000e5500000| Untracked 
|  86|0x00000000e5600000, 0x00000000e5600000, 0x00000000e5700000|  0%| F|  |TAMS 0x00000000e5600000, 0x00000000e5600000| Untracked 
|  87|0x00000000e5700000, 0x00000000e5700000, 0x00000000e5800000|  0%| F|  |TAMS 0x00000000e5700000, 0x00000000e5700000| Untracked 
|  88|0x00000000e5800000, 0x00000000e5800000, 0x00000000e5900000|  0%| F|  |TAMS 0x00000000e5800000, 0x00000000e5800000| Untracked 
|  89|0x00000000e5900000, 0x00000000e5900000, 0x00000000e5a00000|  0%| F|  |TAMS 0x00000000e5900000, 0x00000000e5900000| Untracked 
|  90|0x00000000e5a00000, 0x00000000e5a00000, 0x00000000e5b00000|  0%| F|  |TAMS 0x00000000e5a00000, 0x00000000e5a00000| Untracked 
|  91|0x00000000e5b00000, 0x00000000e5b00000, 0x00000000e5c00000|  0%| F|  |TAMS 0x00000000e5b00000, 0x00000000e5b00000| Untracked 
|  92|0x00000000e5c00000, 0x00000000e5c00000, 0x00000000e5d00000|  0%| F|  |TAMS 0x00000000e5c00000, 0x00000000e5c00000| Untracked 
|  93|0x00000000e5d00000, 0x00000000e5d00000, 0x00000000e5e00000|  0%| F|  |TAMS 0x00000000e5d00000, 0x00000000e5d00000| Untracked 
|  94|0x00000000e5e00000, 0x00000000e5e00000, 0x00000000e5f00000|  0%| F|  |TAMS 0x00000000e5e00000, 0x00000000e5e00000| Untracked 
|  95|0x00000000e5f00000, 0x00000000e5f00000, 0x00000000e6000000|  0%| F|  |TAMS 0x00000000e5f00000, 0x00000000e5f00000| Untracked 
|  96|0x00000000e6000000, 0x00000000e6000000, 0x00000000e6100000|  0%| F|  |TAMS 0x00000000e6000000, 0x00000000e6000000| Untracked 
|  97|0x00000000e6100000, 0x00000000e6100000, 0x00000000e6200000|  0%| F|  |TAMS 0x00000000e6100000, 0x00000000e6100000| Untracked 
|  98|0x00000000e6200000, 0x00000000e6200000, 0x00000000e6300000|  0%| F|  |TAMS 0x00000000e6200000, 0x00000000e6200000| Untracked 
|  99|0x00000000e6300000, 0x00000000e6300000, 0x00000000e6400000|  0%| F|  |TAMS 0x00000000e6300000, 0x00000000e6300000| Untracked 
| 100|0x00000000e6400000, 0x00000000e6400000, 0x00000000e6500000|  0%| F|  |TAMS 0x00000000e6400000, 0x00000000e6400000| Untracked 
| 101|0x00000000e6500000, 0x00000000e6500000, 0x00000000e6600000|  0%| F|  |TAMS 0x00000000e6500000, 0x00000000e6500000| Untracked 
| 102|0x00000000e6600000, 0x00000000e6600000, 0x00000000e6700000|  0%| F|  |TAMS 0x00000000e6600000, 0x00000000e6600000| Untracked 
| 103|0x00000000e6700000, 0x00000000e6700000, 0x00000000e6800000|  0%| F|  |TAMS 0x00000000e6700000, 0x00000000e6700000| Untracked 
| 104|0x00000000e6800000, 0x00000000e6800000, 0x00000000e6900000|  0%| F|  |TAMS 0x00000000e6800000, 0x00000000e6800000| Untracked 
| 105|0x00000000e6900000, 0x00000000e6900000, 0x00000000e6a00000|  0%| F|  |TAMS 0x00000000e6900000, 0x00000000e6900000| Untracked 
| 106|0x00000000e6a00000, 0x00000000e6a00000, 0x00000000e6b00000|  0%| F|  |TAMS 0x00000000e6a00000, 0x00000000e6a00000| Untracked 
| 107|0x00000000e6b00000, 0x00000000e6b00000, 0x00000000e6c00000|  0%| F|  |TAMS 0x00000000e6b00000, 0x00000000e6b00000| Untracked 
| 108|0x00000000e6c00000, 0x00000000e6c00000, 0x00000000e6d00000|  0%| F|  |TAMS 0x00000000e6c00000, 0x00000000e6c00000| Untracked 
| 109|0x00000000e6d00000, 0x00000000e6d00000, 0x00000000e6e00000|  0%| F|  |TAMS 0x00000000e6d00000, 0x00000000e6d00000| Untracked 
| 110|0x00000000e6e00000, 0x00000000e6e00000, 0x00000000e6f00000|  0%| F|  |TAMS 0x00000000e6e00000, 0x00000000e6e00000| Untracked 
| 111|0x00000000e6f00000, 0x00000000e6f00000, 0x00000000e7000000|  0%| F|  |TAMS 0x00000000e6f00000, 0x00000000e6f00000| Untracked 
| 112|0x00000000e7000000, 0x00000000e7000000, 0x00000000e7100000|  0%| F|  |TAMS 0x00000000e7000000, 0x00000000e7000000| Untracked 
| 113|0x00000000e7100000, 0x00000000e7100000, 0x00000000e7200000|  0%| F|  |TAMS 0x00000000e7100000, 0x00000000e7100000| Untracked 
| 114|0x00000000e7200000, 0x00000000e7200000, 0x00000000e7300000|  0%| F|  |TAMS 0x00000000e7200000, 0x00000000e7200000| Untracked 
| 115|0x00000000e7300000, 0x00000000e7300000, 0x00000000e7400000|  0%| F|  |TAMS 0x00000000e7300000, 0x00000000e7300000| Untracked 
| 116|0x00000000e7400000, 0x00000000e7400000, 0x00000000e7500000|  0%| F|  |TAMS 0x00000000e7400000, 0x00000000e7400000| Untracked 
| 117|0x00000000e7500000, 0x00000000e7500000, 0x00000000e7600000|  0%| F|  |TAMS 0x00000000e7500000, 0x00000000e7500000| Untracked 
| 118|0x00000000e7600000, 0x00000000e7600000, 0x00000000e7700000|  0%| F|  |TAMS 0x00000000e7600000, 0x00000000e7600000| Untracked 
| 119|0x00000000e7700000, 0x00000000e7700000, 0x00000000e7800000|  0%| F|  |TAMS 0x00000000e7700000, 0x00000000e7700000| Untracked 
| 120|0x00000000e7800000, 0x00000000e7800000, 0x00000000e7900000|  0%| F|  |TAMS 0x00000000e7800000, 0x00000000e7800000| Untracked 
| 121|0x00000000e7900000, 0x00000000e7900000, 0x00000000e7a00000|  0%| F|  |TAMS 0x00000000e7900000, 0x00000000e7900000| Untracked 
| 122|0x00000000e7a00000, 0x00000000e7a00000, 0x00000000e7b00000|  0%| F|  |TAMS 0x00000000e7a00000, 0x00000000e7a00000| Untracked 
| 123|0x00000000e7b00000, 0x00000000e7b00000, 0x00000000e7c00000|  0%| F|  |TAMS 0x00000000e7b00000, 0x00000000e7b00000| Untracked 
| 124|0x00000000e7c00000, 0x00000000e7c00000, 0x00000000e7d00000|  0%| F|  |TAMS 0x00000000e7c00000, 0x00000000e7c00000| Untracked 
| 125|0x00000000e7d00000, 0x00000000e7d00000, 0x00000000e7e00000|  0%| F|  |TAMS 0x00000000e7d00000, 0x00000000e7d00000| Untracked 
| 126|0x00000000e7e00000, 0x00000000e7e00000, 0x00000000e7f00000|  0%| F|  |TAMS 0x00000000e7e00000, 0x00000000e7e00000| Untracked 
| 127|0x00000000e7f00000, 0x00000000e7f00000, 0x00000000e8000000|  0%| F|  |TAMS 0x00000000e7f00000, 0x00000000e7f00000| Untracked 
| 128|0x00000000e8000000, 0x00000000e8000000, 0x00000000e8100000|  0%| F|  |TAMS 0x00000000e8000000, 0x00000000e8000000| Untracked 
| 129|0x00000000e8100000, 0x00000000e8100000, 0x00000000e8200000|  0%| F|  |TAMS 0x00000000e8100000, 0x00000000e8100000| Untracked 
| 130|0x00000000e8200000, 0x00000000e8200000, 0x00000000e8300000|  0%| F|  |TAMS 0x00000000e8200000, 0x00000000e8200000| Untracked 
| 131|0x00000000e8300000, 0x00000000e8300000, 0x00000000e8400000|  0%| F|  |TAMS 0x00000000e8300000, 0x00000000e8300000| Untracked 
| 132|0x00000000e8400000, 0x00000000e8400000, 0x00000000e8500000|  0%| F|  |TAMS 0x00000000e8400000, 0x00000000e8400000| Untracked 
| 133|0x00000000e8500000, 0x00000000e8500000, 0x00000000e8600000|  0%| F|  |TAMS 0x00000000e8500000, 0x00000000e8500000| Untracked 
| 134|0x00000000e8600000, 0x00000000e8600000, 0x00000000e8700000|  0%| F|  |TAMS 0x00000000e8600000, 0x00000000e8600000| Untracked 
| 135|0x00000000e8700000, 0x00000000e877b890, 0x00000000e8800000| 48%| S|CS|TAMS 0x00000000e8700000, 0x00000000e8700000| Complete 
| 136|0x00000000e8800000, 0x00000000e8900000, 0x00000000e8900000|100%| S|CS|TAMS 0x00000000e8800000, 0x00000000e8800000| Complete 
| 137|0x00000000e8900000, 0x00000000e8a00000, 0x00000000e8a00000|100%| S|CS|TAMS 0x00000000e8900000, 0x00000000e8900000| Complete 
| 138|0x00000000e8a00000, 0x00000000e8b00000, 0x00000000e8b00000|100%| S|CS|TAMS 0x00000000e8a00000, 0x00000000e8a00000| Complete 
| 139|0x00000000e8b00000, 0x00000000e8c00000, 0x00000000e8c00000|100%| S|CS|TAMS 0x00000000e8b00000, 0x00000000e8b00000| Complete 
| 140|0x00000000e8c00000, 0x00000000e8d00000, 0x00000000e8d00000|100%| S|CS|TAMS 0x00000000e8c00000, 0x00000000e8c00000| Complete 
| 141|0x00000000e8d00000, 0x00000000e8e00000, 0x00000000e8e00000|100%| S|CS|TAMS 0x00000000e8d00000, 0x00000000e8d00000| Complete 
| 142|0x00000000e8e00000, 0x00000000e8f00000, 0x00000000e8f00000|100%| S|CS|TAMS 0x00000000e8e00000, 0x00000000e8e00000| Complete 
| 143|0x00000000e8f00000, 0x00000000e9000000, 0x00000000e9000000|100%| S|CS|TAMS 0x00000000e8f00000, 0x00000000e8f00000| Complete 
| 144|0x00000000e9000000, 0x00000000e9100000, 0x00000000e9100000|100%| S|CS|TAMS 0x00000000e9000000, 0x00000000e9000000| Complete 
| 145|0x00000000e9100000, 0x00000000e9200000, 0x00000000e9200000|100%| S|CS|TAMS 0x00000000e9100000, 0x00000000e9100000| Complete 
| 146|0x00000000e9200000, 0x00000000e9300000, 0x00000000e9300000|100%| S|CS|TAMS 0x00000000e9200000, 0x00000000e9200000| Complete 
| 147|0x00000000e9300000, 0x00000000e9300000, 0x00000000e9400000|  0%| F|  |TAMS 0x00000000e9300000, 0x00000000e9300000| Untracked 
| 148|0x00000000e9400000, 0x00000000e9400000, 0x00000000e9500000|  0%| F|  |TAMS 0x00000000e9400000, 0x00000000e9400000| Untracked 
| 149|0x00000000e9500000, 0x00000000e9500000, 0x00000000e9600000|  0%| F|  |TAMS 0x00000000e9500000, 0x00000000e9500000| Untracked 
| 150|0x00000000e9600000, 0x00000000e9600000, 0x00000000e9700000|  0%| F|  |TAMS 0x00000000e9600000, 0x00000000e9600000| Untracked 
| 151|0x00000000e9700000, 0x00000000e9700000, 0x00000000e9800000|  0%| F|  |TAMS 0x00000000e9700000, 0x00000000e9700000| Untracked 
| 152|0x00000000e9800000, 0x00000000e9800000, 0x00000000e9900000|  0%| F|  |TAMS 0x00000000e9800000, 0x00000000e9800000| Untracked 
| 153|0x00000000e9900000, 0x00000000e9900000, 0x00000000e9a00000|  0%| F|  |TAMS 0x00000000e9900000, 0x00000000e9900000| Untracked 
| 154|0x00000000e9a00000, 0x00000000e9a00000, 0x00000000e9b00000|  0%| F|  |TAMS 0x00000000e9a00000, 0x00000000e9a00000| Untracked 
| 155|0x00000000e9b00000, 0x00000000e9c00000, 0x00000000e9c00000|100%| E|  |TAMS 0x00000000e9b00000, 0x00000000e9b00000| Complete 
| 156|0x00000000e9c00000, 0x00000000e9d00000, 0x00000000e9d00000|100%| E|CS|TAMS 0x00000000e9c00000, 0x00000000e9c00000| Complete 
| 157|0x00000000e9d00000, 0x00000000e9e00000, 0x00000000e9e00000|100%| E|CS|TAMS 0x00000000e9d00000, 0x00000000e9d00000| Complete 
| 158|0x00000000e9e00000, 0x00000000e9f00000, 0x00000000e9f00000|100%| E|CS|TAMS 0x00000000e9e00000, 0x00000000e9e00000| Complete 
| 159|0x00000000e9f00000, 0x00000000ea000000, 0x00000000ea000000|100%| E|CS|TAMS 0x00000000e9f00000, 0x00000000e9f00000| Complete 
| 160|0x00000000ea000000, 0x00000000ea100000, 0x00000000ea100000|100%| E|CS|TAMS 0x00000000ea000000, 0x00000000ea000000| Complete 
| 161|0x00000000ea100000, 0x00000000ea200000, 0x00000000ea200000|100%| E|CS|TAMS 0x00000000ea100000, 0x00000000ea100000| Complete 
| 162|0x00000000ea200000, 0x00000000ea300000, 0x00000000ea300000|100%| E|CS|TAMS 0x00000000ea200000, 0x00000000ea200000| Complete 
| 163|0x00000000ea300000, 0x00000000ea400000, 0x00000000ea400000|100%| E|CS|TAMS 0x00000000ea300000, 0x00000000ea300000| Complete 
| 164|0x00000000ea400000, 0x00000000ea500000, 0x00000000ea500000|100%| E|CS|TAMS 0x00000000ea400000, 0x00000000ea400000| Complete 
| 165|0x00000000ea500000, 0x00000000ea600000, 0x00000000ea600000|100%| E|CS|TAMS 0x00000000ea500000, 0x00000000ea500000| Complete 
| 166|0x00000000ea600000, 0x00000000ea700000, 0x00000000ea700000|100%| E|CS|TAMS 0x00000000ea600000, 0x00000000ea600000| Complete 
| 167|0x00000000ea700000, 0x00000000ea800000, 0x00000000ea800000|100%| E|CS|TAMS 0x00000000ea700000, 0x00000000ea700000| Complete 
| 168|0x00000000ea800000, 0x00000000ea900000, 0x00000000ea900000|100%| E|CS|TAMS 0x00000000ea800000, 0x00000000ea800000| Complete 
| 169|0x00000000ea900000, 0x00000000eaa00000, 0x00000000eaa00000|100%| E|CS|TAMS 0x00000000ea900000, 0x00000000ea900000| Complete 
| 170|0x00000000eaa00000, 0x00000000eab00000, 0x00000000eab00000|100%| E|CS|TAMS 0x00000000eaa00000, 0x00000000eaa00000| Complete 
| 171|0x00000000eab00000, 0x00000000eac00000, 0x00000000eac00000|100%| E|CS|TAMS 0x00000000eab00000, 0x00000000eab00000| Complete 
| 172|0x00000000eac00000, 0x00000000ead00000, 0x00000000ead00000|100%| E|CS|TAMS 0x00000000eac00000, 0x00000000eac00000| Complete 
| 173|0x00000000ead00000, 0x00000000eae00000, 0x00000000eae00000|100%| E|CS|TAMS 0x00000000ead00000, 0x00000000ead00000| Complete 
| 174|0x00000000eae00000, 0x00000000eaf00000, 0x00000000eaf00000|100%| E|CS|TAMS 0x00000000eae00000, 0x00000000eae00000| Complete 
| 175|0x00000000eaf00000, 0x00000000eb000000, 0x00000000eb000000|100%| E|CS|TAMS 0x00000000eaf00000, 0x00000000eaf00000| Complete 
| 176|0x00000000eb000000, 0x00000000eb100000, 0x00000000eb100000|100%| E|CS|TAMS 0x00000000eb000000, 0x00000000eb000000| Complete 
| 177|0x00000000eb100000, 0x00000000eb200000, 0x00000000eb200000|100%| E|CS|TAMS 0x00000000eb100000, 0x00000000eb100000| Complete 
| 178|0x00000000eb200000, 0x00000000eb300000, 0x00000000eb300000|100%| E|CS|TAMS 0x00000000eb200000, 0x00000000eb200000| Complete 
| 179|0x00000000eb300000, 0x00000000eb400000, 0x00000000eb400000|100%| E|CS|TAMS 0x00000000eb300000, 0x00000000eb300000| Complete 
| 180|0x00000000eb400000, 0x00000000eb500000, 0x00000000eb500000|100%| E|CS|TAMS 0x00000000eb400000, 0x00000000eb400000| Complete 
| 181|0x00000000eb500000, 0x00000000eb600000, 0x00000000eb600000|100%| E|CS|TAMS 0x00000000eb500000, 0x00000000eb500000| Complete 
| 182|0x00000000eb600000, 0x00000000eb700000, 0x00000000eb700000|100%| E|CS|TAMS 0x00000000eb600000, 0x00000000eb600000| Complete 
| 183|0x00000000eb700000, 0x00000000eb800000, 0x00000000eb800000|100%| E|CS|TAMS 0x00000000eb700000, 0x00000000eb700000| Complete 
| 184|0x00000000eb800000, 0x00000000eb900000, 0x00000000eb900000|100%| E|CS|TAMS 0x00000000eb800000, 0x00000000eb800000| Complete 
| 185|0x00000000eb900000, 0x00000000eba00000, 0x00000000eba00000|100%| E|CS|TAMS 0x00000000eb900000, 0x00000000eb900000| Complete 
| 186|0x00000000eba00000, 0x00000000ebb00000, 0x00000000ebb00000|100%| E|CS|TAMS 0x00000000eba00000, 0x00000000eba00000| Complete 
| 187|0x00000000ebb00000, 0x00000000ebc00000, 0x00000000ebc00000|100%| E|CS|TAMS 0x00000000ebb00000, 0x00000000ebb00000| Complete 
| 188|0x00000000ebc00000, 0x00000000ebd00000, 0x00000000ebd00000|100%| E|CS|TAMS 0x00000000ebc00000, 0x00000000ebc00000| Complete 
| 189|0x00000000ebd00000, 0x00000000ebe00000, 0x00000000ebe00000|100%| E|CS|TAMS 0x00000000ebd00000, 0x00000000ebd00000| Complete 
| 190|0x00000000ebe00000, 0x00000000ebf00000, 0x00000000ebf00000|100%| E|  |TAMS 0x00000000ebe00000, 0x00000000ebe00000| Complete 
| 191|0x00000000ebf00000, 0x00000000ec000000, 0x00000000ec000000|100%| E|CS|TAMS 0x00000000ebf00000, 0x00000000ebf00000| Complete 
| 192|0x00000000ec000000, 0x00000000ec100000, 0x00000000ec100000|100%| E|CS|TAMS 0x00000000ec000000, 0x00000000ec000000| Complete 
| 193|0x00000000ec100000, 0x00000000ec200000, 0x00000000ec200000|100%| E|CS|TAMS 0x00000000ec100000, 0x00000000ec100000| Complete 
| 194|0x00000000ec200000, 0x00000000ec300000, 0x00000000ec300000|100%| E|CS|TAMS 0x00000000ec200000, 0x00000000ec200000| Complete 
| 195|0x00000000ec300000, 0x00000000ec400000, 0x00000000ec400000|100%| E|CS|TAMS 0x00000000ec300000, 0x00000000ec300000| Complete 
| 196|0x00000000ec400000, 0x00000000ec500000, 0x00000000ec500000|100%| E|CS|TAMS 0x00000000ec400000, 0x00000000ec400000| Complete 
| 197|0x00000000ec500000, 0x00000000ec600000, 0x00000000ec600000|100%| E|CS|TAMS 0x00000000ec500000, 0x00000000ec500000| Complete 
| 198|0x00000000ec600000, 0x00000000ec700000, 0x00000000ec700000|100%| E|CS|TAMS 0x00000000ec600000, 0x00000000ec600000| Complete 
| 199|0x00000000ec700000, 0x00000000ec800000, 0x00000000ec800000|100%| E|CS|TAMS 0x00000000ec700000, 0x00000000ec700000| Complete 
| 200|0x00000000ec800000, 0x00000000ec900000, 0x00000000ec900000|100%| E|CS|TAMS 0x00000000ec800000, 0x00000000ec800000| Complete 
| 201|0x00000000ec900000, 0x00000000eca00000, 0x00000000eca00000|100%| E|CS|TAMS 0x00000000ec900000, 0x00000000ec900000| Complete 
| 202|0x00000000eca00000, 0x00000000ecb00000, 0x00000000ecb00000|100%| E|CS|TAMS 0x00000000eca00000, 0x00000000eca00000| Complete 
| 203|0x00000000ecb00000, 0x00000000ecc00000, 0x00000000ecc00000|100%| E|CS|TAMS 0x00000000ecb00000, 0x00000000ecb00000| Complete 
| 204|0x00000000ecc00000, 0x00000000ecd00000, 0x00000000ecd00000|100%| E|CS|TAMS 0x00000000ecc00000, 0x00000000ecc00000| Complete 
| 205|0x00000000ecd00000, 0x00000000ece00000, 0x00000000ece00000|100%| E|CS|TAMS 0x00000000ecd00000, 0x00000000ecd00000| Complete 
| 206|0x00000000ece00000, 0x00000000ecf00000, 0x00000000ecf00000|100%| E|CS|TAMS 0x00000000ece00000, 0x00000000ece00000| Complete 
| 207|0x00000000ecf00000, 0x00000000ed000000, 0x00000000ed000000|100%| E|CS|TAMS 0x00000000ecf00000, 0x00000000ecf00000| Complete 
| 208|0x00000000ed000000, 0x00000000ed100000, 0x00000000ed100000|100%| E|CS|TAMS 0x00000000ed000000, 0x00000000ed000000| Complete 
| 209|0x00000000ed100000, 0x00000000ed200000, 0x00000000ed200000|100%| E|CS|TAMS 0x00000000ed100000, 0x00000000ed100000| Complete 
| 210|0x00000000ed200000, 0x00000000ed300000, 0x00000000ed300000|100%| E|CS|TAMS 0x00000000ed200000, 0x00000000ed200000| Complete 
| 211|0x00000000ed300000, 0x00000000ed400000, 0x00000000ed400000|100%| E|CS|TAMS 0x00000000ed300000, 0x00000000ed300000| Complete 
| 212|0x00000000ed400000, 0x00000000ed500000, 0x00000000ed500000|100%| E|CS|TAMS 0x00000000ed400000, 0x00000000ed400000| Complete 
| 213|0x00000000ed500000, 0x00000000ed600000, 0x00000000ed600000|100%| E|CS|TAMS 0x00000000ed500000, 0x00000000ed500000| Complete 
| 214|0x00000000ed600000, 0x00000000ed700000, 0x00000000ed700000|100%| E|CS|TAMS 0x00000000ed600000, 0x00000000ed600000| Complete 
| 215|0x00000000ed700000, 0x00000000ed800000, 0x00000000ed800000|100%| E|CS|TAMS 0x00000000ed700000, 0x00000000ed700000| Complete 
| 216|0x00000000ed800000, 0x00000000ed900000, 0x00000000ed900000|100%| E|CS|TAMS 0x00000000ed800000, 0x00000000ed800000| Complete 
| 217|0x00000000ed900000, 0x00000000eda00000, 0x00000000eda00000|100%| E|CS|TAMS 0x00000000ed900000, 0x00000000ed900000| Complete 
| 218|0x00000000eda00000, 0x00000000edb00000, 0x00000000edb00000|100%| E|CS|TAMS 0x00000000eda00000, 0x00000000eda00000| Complete 
| 219|0x00000000edb00000, 0x00000000edc00000, 0x00000000edc00000|100%| E|CS|TAMS 0x00000000edb00000, 0x00000000edb00000| Complete 
| 220|0x00000000edc00000, 0x00000000edd00000, 0x00000000edd00000|100%| E|CS|TAMS 0x00000000edc00000, 0x00000000edc00000| Complete 
| 221|0x00000000edd00000, 0x00000000ede00000, 0x00000000ede00000|100%| E|CS|TAMS 0x00000000edd00000, 0x00000000edd00000| Complete 
| 222|0x00000000ede00000, 0x00000000edf00000, 0x00000000edf00000|100%| E|CS|TAMS 0x00000000ede00000, 0x00000000ede00000| Complete 
| 223|0x00000000edf00000, 0x00000000ee000000, 0x00000000ee000000|100%| E|CS|TAMS 0x00000000edf00000, 0x00000000edf00000| Complete 
| 224|0x00000000ee000000, 0x00000000ee100000, 0x00000000ee100000|100%| E|CS|TAMS 0x00000000ee000000, 0x00000000ee000000| Complete 
| 225|0x00000000ee100000, 0x00000000ee200000, 0x00000000ee200000|100%| E|CS|TAMS 0x00000000ee100000, 0x00000000ee100000| Complete 
| 226|0x00000000ee200000, 0x00000000ee300000, 0x00000000ee300000|100%| E|CS|TAMS 0x00000000ee200000, 0x00000000ee200000| Complete 
| 227|0x00000000ee300000, 0x00000000ee400000, 0x00000000ee400000|100%| E|CS|TAMS 0x00000000ee300000, 0x00000000ee300000| Complete 
| 228|0x00000000ee400000, 0x00000000ee500000, 0x00000000ee500000|100%| E|CS|TAMS 0x00000000ee400000, 0x00000000ee400000| Complete 
| 229|0x00000000ee500000, 0x00000000ee600000, 0x00000000ee600000|100%| E|CS|TAMS 0x00000000ee500000, 0x00000000ee500000| Complete 
| 230|0x00000000ee600000, 0x00000000ee700000, 0x00000000ee700000|100%| E|CS|TAMS 0x00000000ee600000, 0x00000000ee600000| Complete 
| 231|0x00000000ee700000, 0x00000000ee800000, 0x00000000ee800000|100%| E|CS|TAMS 0x00000000ee700000, 0x00000000ee700000| Complete 
| 232|0x00000000ee800000, 0x00000000ee900000, 0x00000000ee900000|100%| E|CS|TAMS 0x00000000ee800000, 0x00000000ee800000| Complete 
| 233|0x00000000ee900000, 0x00000000eea00000, 0x00000000eea00000|100%| E|CS|TAMS 0x00000000ee900000, 0x00000000ee900000| Complete 
| 234|0x00000000eea00000, 0x00000000eeb00000, 0x00000000eeb00000|100%| E|CS|TAMS 0x00000000eea00000, 0x00000000eea00000| Complete 
| 235|0x00000000eeb00000, 0x00000000eec00000, 0x00000000eec00000|100%| E|CS|TAMS 0x00000000eeb00000, 0x00000000eeb00000| Complete 
| 236|0x00000000eec00000, 0x00000000eed00000, 0x00000000eed00000|100%| E|CS|TAMS 0x00000000eec00000, 0x00000000eec00000| Complete 
| 237|0x00000000eed00000, 0x00000000eee00000, 0x00000000eee00000|100%| E|CS|TAMS 0x00000000eed00000, 0x00000000eed00000| Complete 
| 238|0x00000000eee00000, 0x00000000eef00000, 0x00000000eef00000|100%| E|CS|TAMS 0x00000000eee00000, 0x00000000eee00000| Complete 
| 239|0x00000000eef00000, 0x00000000ef000000, 0x00000000ef000000|100%| E|CS|TAMS 0x00000000eef00000, 0x00000000eef00000| Complete 
| 240|0x00000000ef000000, 0x00000000ef100000, 0x00000000ef100000|100%| E|CS|TAMS 0x00000000ef000000, 0x00000000ef000000| Complete 
| 241|0x00000000ef100000, 0x00000000ef200000, 0x00000000ef200000|100%| E|CS|TAMS 0x00000000ef100000, 0x00000000ef100000| Complete 
| 242|0x00000000ef200000, 0x00000000ef300000, 0x00000000ef300000|100%| E|CS|TAMS 0x00000000ef200000, 0x00000000ef200000| Complete 
| 243|0x00000000ef300000, 0x00000000ef400000, 0x00000000ef400000|100%| E|CS|TAMS 0x00000000ef300000, 0x00000000ef300000| Complete 
| 244|0x00000000ef400000, 0x00000000ef500000, 0x00000000ef500000|100%| E|CS|TAMS 0x00000000ef400000, 0x00000000ef400000| Complete 
| 245|0x00000000ef500000, 0x00000000ef600000, 0x00000000ef600000|100%| E|CS|TAMS 0x00000000ef500000, 0x00000000ef500000| Complete 
| 246|0x00000000ef600000, 0x00000000ef700000, 0x00000000ef700000|100%| E|CS|TAMS 0x00000000ef600000, 0x00000000ef600000| Complete 
| 247|0x00000000ef700000, 0x00000000ef800000, 0x00000000ef800000|100%| E|CS|TAMS 0x00000000ef700000, 0x00000000ef700000| Complete 
| 248|0x00000000ef800000, 0x00000000ef900000, 0x00000000ef900000|100%| E|CS|TAMS 0x00000000ef800000, 0x00000000ef800000| Complete 
| 249|0x00000000ef900000, 0x00000000efa00000, 0x00000000efa00000|100%| E|CS|TAMS 0x00000000ef900000, 0x00000000ef900000| Complete 
| 250|0x00000000efa00000, 0x00000000efb00000, 0x00000000efb00000|100%| E|CS|TAMS 0x00000000efa00000, 0x00000000efa00000| Complete 
| 251|0x00000000efb00000, 0x00000000efc00000, 0x00000000efc00000|100%| E|CS|TAMS 0x00000000efb00000, 0x00000000efb00000| Complete 
| 252|0x00000000efc00000, 0x00000000efd00000, 0x00000000efd00000|100%| E|CS|TAMS 0x00000000efc00000, 0x00000000efc00000| Complete 
| 253|0x00000000efd00000, 0x00000000efe00000, 0x00000000efe00000|100%| E|CS|TAMS 0x00000000efd00000, 0x00000000efd00000| Complete 
| 254|0x00000000efe00000, 0x00000000eff00000, 0x00000000eff00000|100%| E|CS|TAMS 0x00000000efe00000, 0x00000000efe00000| Complete 
| 255|0x00000000eff00000, 0x00000000f0000000, 0x00000000f0000000|100%| E|CS|TAMS 0x00000000eff00000, 0x00000000eff00000| Complete 

Card table byte_map: [0x00000204d55e0000,0x00000204d56e0000] _byte_map_base: 0x00000204d4ee0000

Marking Bits (Prev, Next): (CMBitMap*) 0x00000204be4ebed0, (CMBitMap*) 0x00000204be4ebe90
 Prev Bits: [0x00000204d5fe0000, 0x00000204d67e0000)
 Next Bits: [0x00000204d57e0000, 0x00000204d5fe0000)

Polling page: 0x00000204bc420000

Metaspace:

Usage:
  Non-class:     28.37 MB used.
      Class:      4.70 MB used.
       Both:     33.07 MB used.

Virtual space:
  Non-class space:       64.00 MB reserved,      28.56 MB ( 45%) committed,  1 nodes.
      Class space:      320.00 MB reserved,       4.88 MB (  2%) committed,  1 nodes.
             Both:      384.00 MB reserved,      33.44 MB (  9%) committed. 

Chunk freelists:
   Non-Class:  2.72 MB
       Class:  11.16 MB
        Both:  13.88 MB

MaxMetaspaceSize: 384.00 MB
CompressedClassSpaceSize: 320.00 MB
Initial GC threshold: 21.00 MB
Current GC threshold: 35.25 MB
CDS: on
MetaspaceReclaimPolicy: balanced
 - commit_granule_bytes: 65536.
 - commit_granule_words: 8192.
 - virtual_space_node_default_size: 8388608.
 - enlarge_chunks_in_place: 1.
 - new_chunks_are_fully_committed: 0.
 - uncommit_free_chunks: 1.
 - use_allocation_guard: 0.
 - handle_deallocations: 1.


Internal statistics:

num_allocs_failed_limit: 3.
num_arena_births: 402.
num_arena_deaths: 0.
num_vsnodes_births: 2.
num_vsnodes_deaths: 0.
num_space_committed: 535.
num_space_uncommitted: 0.
num_chunks_returned_to_freelist: 3.
num_chunks_taken_from_freelist: 1665.
num_chunk_merges: 3.
num_chunk_splits: 1097.
num_chunks_enlarged: 779.
num_inconsistent_stats: 0.

CodeHeap 'non-profiled nmethods': size=120000Kb used=2256Kb max_used=2256Kb free=117743Kb
 bounds [0x00000204cda60000, 0x00000204cdcd0000, 0x00000204d4f90000]
CodeHeap 'profiled nmethods': size=120000Kb used=8114Kb max_used=8114Kb free=111885Kb
 bounds [0x00000204c5f90000, 0x00000204c6780000, 0x00000204cd4c0000]
CodeHeap 'non-nmethods': size=5760Kb used=1599Kb max_used=1636Kb free=4160Kb
 bounds [0x00000204cd4c0000, 0x00000204cd730000, 0x00000204cda60000]
 total_blobs=4597 nmethods=3933 adapters=576
 compilation: enabled
              stopped_count=0, restarted_count=0
 full_count=0

Compilation events (20 events):
Event: 3.874 Thread 0x00000204d9459180 nmethod 3922 0x00000204c6777890 code [0x00000204c6777a40, 0x00000204c6777d08]
Event: 3.874 Thread 0x00000204d9459180 3925       3       java.beans.FeatureDescriptor::getWeakReference (17 bytes)
Event: 3.875 Thread 0x00000204d9459180 nmethod 3925 0x00000204c6777e10 code [0x00000204c6777fe0, 0x00000204c6778418]
Event: 3.875 Thread 0x00000204d9459180 3926       3       java.lang.reflect.Method::getGenericInfo (27 bytes)
Event: 3.875 Thread 0x00000204d9459180 nmethod 3926 0x00000204c6778590 code [0x00000204c6778800, 0x00000204c6779618]
Event: 3.875 Thread 0x00000204d9459180 3927       3       java.lang.reflect.Executable::getGenericExceptionTypes (27 bytes)
Event: 3.876 Thread 0x00000204d9459180 nmethod 3927 0x00000204c6779b10 code [0x00000204c6779d20, 0x00000204c677a4c8]
Event: 3.876 Thread 0x00000204d9459180 3929       1       java.util.TreeMap$Entry::getKey (5 bytes)
Event: 3.876 Thread 0x00000204d9459180 nmethod 3929 0x00000204cdc90590 code [0x00000204cdc90720, 0x00000204cdc907f8]
Event: 3.876 Thread 0x00000204d9459180 3930       3       com.sun.beans.TypeResolver::getActualType (24 bytes)
Event: 3.876 Thread 0x00000204d9459180 nmethod 3930 0x00000204c677a690 code [0x00000204c677a8a0, 0x00000204c677af88]
Event: 3.876 Thread 0x00000204d9459180 3931       3       sun.reflect.generics.reflectiveObjects.ParameterizedTypeImpl::<init> (35 bytes)
Event: 3.876 Thread 0x00000204d9459180 nmethod 3931 0x00000204c677b190 code [0x00000204c677b360, 0x00000204c677b698]
Event: 3.876 Thread 0x00000204d9459180 3932       3       java.lang.Class::getDeclaringClass (31 bytes)
Event: 3.876 Thread 0x00000204d9459180 nmethod 3932 0x00000204c677b810 code [0x00000204c677ba00, 0x00000204c677be08]
Event: 3.877 Thread 0x00000204d9459180 3933       3       com.sun.beans.introspect.PropertyInfo::get (22 bytes)
Event: 3.877 Thread 0x00000204d9459180 nmethod 3933 0x00000204c677bf90 code [0x00000204c677c140, 0x00000204c677c368]
Event: 3.877 Thread 0x00000204d9459180 3934       3       com.sun.beans.TypeResolver::resolve (37 bytes)
Event: 3.878 Thread 0x00000204d9459180 nmethod 3934 0x00000204c677c410 code [0x00000204c677c5e0, 0x00000204c677ca28]
Event: 3.878 Thread 0x00000204d9459180 3935  s!   3       java.beans.PropertyDescriptor::getReadMethod (149 bytes)

GC Heap History (8 events):
Event: 0.306 GC heap before
{Heap before GC invocations=0 (full 0):
 garbage-first heap   total 262144K, used 22528K [0x00000000e0000000, 0x0000000100000000)
  region size 1024K, 23 young (23552K), 0 survivors (0K)
 Metaspace       used 1073K, committed 1216K, reserved 393216K
  class space    used 73K, committed 128K, reserved 327680K
}
Event: 0.309 GC heap after
{Heap after GC invocations=1 (full 0):
 garbage-first heap   total 262144K, used 3819K [0x00000000e0000000, 0x0000000100000000)
  region size 1024K, 3 young (3072K), 3 survivors (3072K)
 Metaspace       used 1073K, committed 1216K, reserved 393216K
  class space    used 73K, committed 128K, reserved 327680K
}
Event: 0.748 GC heap before
{Heap before GC invocations=1 (full 0):
 garbage-first heap   total 262144K, used 40683K [0x00000000e0000000, 0x0000000100000000)
  region size 1024K, 36 young (36864K), 3 survivors (3072K)
 Metaspace       used 4331K, committed 4544K, reserved 393216K
  class space    used 542K, committed 640K, reserved 327680K
}
Event: 0.753 GC heap after
{Heap after GC invocations=2 (full 0):
 garbage-first heap   total 262144K, used 11220K [0x00000000e0000000, 0x0000000100000000)
  region size 1024K, 5 young (5120K), 5 survivors (5120K)
 Metaspace       used 4331K, committed 4544K, reserved 393216K
  class space    used 542K, committed 640K, reserved 327680K
}
Event: 1.083 GC heap before
{Heap before GC invocations=2 (full 0):
 garbage-first heap   total 262144K, used 60372K [0x00000000e0000000, 0x0000000100000000)
  region size 1024K, 51 young (52224K), 5 survivors (5120K)
 Metaspace       used 4863K, committed 4992K, reserved 393216K
  class space    used 629K, committed 704K, reserved 327680K
}
Event: 1.088 GC heap after
{Heap after GC invocations=3 (full 0):
 garbage-first heap   total 262144K, used 16735K [0x00000000e0000000, 0x0000000100000000)
  region size 1024K, 5 young (5120K), 5 survivors (5120K)
 Metaspace       used 4863K, committed 4992K, reserved 393216K
  class space    used 629K, committed 704K, reserved 327680K
}
Event: 2.685 GC heap before
{Heap before GC invocations=3 (full 0):
 garbage-first heap   total 262144K, used 122207K [0x00000000e0000000, 0x0000000100000000)
  region size 1024K, 109 young (111616K), 5 survivors (5120K)
 Metaspace       used 21212K, committed 21504K, reserved 393216K
  class space    used 3090K, committed 3264K, reserved 327680K
}
Event: 2.697 GC heap after
{Heap after GC invocations=4 (full 0):
 garbage-first heap   total 262144K, used 23845K [0x00000000e0000000, 0x0000000100000000)
  region size 1024K, 12 young (12288K), 12 survivors (12288K)
 Metaspace       used 21212K, committed 21504K, reserved 393216K
  class space    used 3090K, committed 3264K, reserved 327680K
}

Dll operation events (14 events):
Event: 0.007 Loaded shared library C:\Program Files\Eclipse Adoptium\jdk-17.0.7.7-hotspot\bin\java.dll
Event: 0.015 Loaded shared library C:\Program Files\Eclipse Adoptium\jdk-17.0.7.7-hotspot\bin\jsvml.dll
Event: 0.057 Loaded shared library C:\Program Files\Eclipse Adoptium\jdk-17.0.7.7-hotspot\bin\zip.dll
Event: 0.059 Loaded shared library C:\Program Files\Eclipse Adoptium\jdk-17.0.7.7-hotspot\bin\instrument.dll
Event: 0.063 Loaded shared library C:\Program Files\Eclipse Adoptium\jdk-17.0.7.7-hotspot\bin\net.dll
Event: 0.064 Loaded shared library C:\Program Files\Eclipse Adoptium\jdk-17.0.7.7-hotspot\bin\nio.dll
Event: 0.066 Loaded shared library C:\Program Files\Eclipse Adoptium\jdk-17.0.7.7-hotspot\bin\zip.dll
Event: 0.252 Loaded shared library C:\Program Files\Eclipse Adoptium\jdk-17.0.7.7-hotspot\bin\jimage.dll
Event: 0.349 Loaded shared library C:\Program Files\Eclipse Adoptium\jdk-17.0.7.7-hotspot\bin\verify.dll
Event: 0.453 Loaded shared library C:\Users\justl\.gradle\native\c067742578af261105cb4f569cf0c3c89f3d7b1fecec35dd04571415982c5e48\windows-amd64\native-platform.dll
Event: 0.457 Loaded shared library C:\Users\justl\.gradle\native\100fb08df4bc3b14c8652ba06237920a3bd2aa13389f12d3474272988ae205f9\windows-amd64\native-platform-file-events.dll
Event: 1.189 Loaded shared library C:\Program Files\Eclipse Adoptium\jdk-17.0.7.7-hotspot\bin\management.dll
Event: 1.191 Loaded shared library C:\Program Files\Eclipse Adoptium\jdk-17.0.7.7-hotspot\bin\management_ext.dll
Event: 1.560 Loaded shared library C:\Program Files\Eclipse Adoptium\jdk-17.0.7.7-hotspot\bin\sunmscapi.dll

Deoptimization events (20 events):
Event: 3.869 Thread 0x00000204df7599c0 Uncommon trap: trap_request=0xffffffde fr.pc=0x00000204cdc45308 relative=0x00000000000027a8
Event: 3.869 Thread 0x00000204df7599c0 Uncommon trap: reason=class_check action=maybe_recompile pc=0x00000204cdc45308 method=jdk.internal.loader.URLClassPath.getLoader(I)Ljdk/internal/loader/URLClassPath$Loader; @ 190 c2
Event: 3.869 Thread 0x00000204df7599c0 DEOPT PACKING pc=0x00000204cdc45308 sp=0x0000005b487f7fe0
Event: 3.869 Thread 0x00000204df7599c0 DEOPT UNPACKING pc=0x00000204cd5169a3 sp=0x0000005b487f7fd0 mode 2
Event: 3.869 Thread 0x00000204df7599c0 Uncommon trap: trap_request=0xffffffde fr.pc=0x00000204cdc8f8b8 relative=0x00000000000004b8
Event: 3.869 Thread 0x00000204df7599c0 Uncommon trap: reason=class_check action=maybe_recompile pc=0x00000204cdc8f8b8 method=jdk.internal.loader.URLClassPath.getResource(Ljava/lang/String;Z)Ljdk/internal/loader/Resource; @ 53 c2
Event: 3.869 Thread 0x00000204df7599c0 DEOPT PACKING pc=0x00000204cdc8f8b8 sp=0x0000005b487f80a0
Event: 3.869 Thread 0x00000204df7599c0 DEOPT UNPACKING pc=0x00000204cd5169a3 sp=0x0000005b487f8060 mode 2
Event: 3.869 Thread 0x00000204df7599c0 Uncommon trap: trap_request=0xffffff45 fr.pc=0x00000204cdb3e59c relative=0x00000000000005dc
Event: 3.869 Thread 0x00000204df7599c0 Uncommon trap: reason=unstable_if action=reinterpret pc=0x00000204cdb3e59c method=java.lang.String.regionMatches(ZILjava/lang/String;II)Z @ 36 c2
Event: 3.869 Thread 0x00000204df7599c0 DEOPT PACKING pc=0x00000204cdb3e59c sp=0x0000005b487f7dd0
Event: 3.869 Thread 0x00000204df7599c0 DEOPT UNPACKING pc=0x00000204cd5169a3 sp=0x0000005b487f7d48 mode 2
Event: 3.875 Thread 0x00000204df7599c0 Uncommon trap: trap_request=0xffffffde fr.pc=0x00000204cdc71230 relative=0x0000000000000450
Event: 3.875 Thread 0x00000204df7599c0 Uncommon trap: reason=class_check action=maybe_recompile pc=0x00000204cdc71230 method=java.util.regex.Pattern$Start.match(Ljava/util/regex/Matcher;ILjava/lang/CharSequence;)Z @ 44 c2
Event: 3.875 Thread 0x00000204df7599c0 DEOPT PACKING pc=0x00000204cdc71230 sp=0x0000005b487f87a0
Event: 3.875 Thread 0x00000204df7599c0 DEOPT UNPACKING pc=0x00000204cd5169a3 sp=0x0000005b487f8668 mode 2
Event: 3.876 Thread 0x00000204df7599c0 Uncommon trap: trap_request=0xffffffde fr.pc=0x00000204cdc71230 relative=0x0000000000000450
Event: 3.876 Thread 0x00000204df7599c0 Uncommon trap: reason=class_check action=maybe_recompile pc=0x00000204cdc71230 method=java.util.regex.Pattern$Start.match(Ljava/util/regex/Matcher;ILjava/lang/CharSequence;)Z @ 44 c2
Event: 3.876 Thread 0x00000204df7599c0 DEOPT PACKING pc=0x00000204cdc71230 sp=0x0000005b487f87a0
Event: 3.876 Thread 0x00000204df7599c0 DEOPT UNPACKING pc=0x00000204cd5169a3 sp=0x0000005b487f8668 mode 2

Classes unloaded (0 events):
No events

Classes redefined (0 events):
No events

Internal exceptions (20 events):
Event: 3.748 Thread 0x00000204df7599c0 Exception <a 'java/lang/NoSuchMethodError'{0x00000000ea4be090}: 'java.lang.Object java.lang.invoke.DirectMethodHandle$Holder.newInvokeSpecial(java.lang.Object, java.lang.Object, int, java.lang.Object)'> (0x00000000ea4be090) 
thrown [s\src\hotspot\share\interpreter\linkResolver.cpp, line 759]
Event: 3.748 Thread 0x00000204df7599c0 Exception <a 'java/lang/NoSuchMethodError'{0x00000000ea4c2a70}: 'java.lang.Object java.lang.invoke.DirectMethodHandle$Holder.invokeSpecial(java.lang.Object, java.lang.Object, java.lang.Object, int, java.lang.Object)'> (0x00000000ea4c2a70) 
thrown [s\src\hotspot\share\interpreter\linkResolver.cpp, line 759]
Event: 3.768 Thread 0x00000204df7599c0 Exception <a 'java/lang/IncompatibleClassChangeError'{0x00000000ea208638}: Found class java.lang.Object, but interface was expected> (0x00000000ea208638) 
thrown [s\src\hotspot\share\interpreter\linkResolver.cpp, line 826]
Event: 3.815 Thread 0x00000204df7599c0 Exception <a 'java/lang/NoSuchMethodError'{0x00000000ea076ff8}: 'java.lang.Object java.lang.invoke.DirectMethodHandle$Holder.invokeStaticInit(java.lang.Object, java.lang.Object, java.lang.Object, java.lang.Object, java.lang.Object, java.lang.Object, java.lang.Object)'> (0x00000000ea076ff8) 
thrown [s\src\hotspot\share\interpreter\linkResolver.cpp, line 759]
Event: 3.820 Thread 0x00000204df7599c0 Exception <a 'java/lang/NoSuchMethodError'{0x00000000ea09f748}: 'java.lang.Object java.lang.invoke.DirectMethodHandle$Holder.invokeSpecial(java.lang.Object, java.lang.Object, java.lang.Object, int, java.lang.Object, java.lang.Object)'> (0x00000000ea09f748) 
thrown [s\src\hotspot\share\interpreter\linkResolver.cpp, line 759]
Event: 3.858 Thread 0x00000204df7599c0 Exception <a 'java/lang/ClassNotFoundException'{0x00000000e9d1fa28}: groovy/lang/BindingBeanInfo> (0x00000000e9d1fa28) 
thrown [s\src\hotspot\share\classfile\systemDictionary.cpp, line 256]
Event: 3.859 Thread 0x00000204df7599c0 Exception <a 'java/lang/ClassNotFoundException'{0x00000000e9d36f48}: groovy/lang/BindingCustomizer> (0x00000000e9d36f48) 
thrown [s\src\hotspot\share\classfile\systemDictionary.cpp, line 256]
Event: 3.870 Thread 0x00000204df7599c0 Exception <a 'java/lang/ClassNotFoundException'{0x00000000e9c8e2b0}: settings_e6zelyoeggvucsrkzv9pnosvzBeanInfo> (0x00000000e9c8e2b0) 
thrown [s\src\hotspot\share\classfile\systemDictionary.cpp, line 256]
Event: 3.870 Thread 0x00000204df7599c0 Exception <a 'java/lang/ClassNotFoundException'{0x00000000e9c98de8}: org/gradle/initialization/SettingsScriptBeanInfo> (0x00000000e9c98de8) 
thrown [s\src\hotspot\share\classfile\systemDictionary.cpp, line 256]
Event: 3.871 Thread 0x00000204df7599c0 Exception <a 'java/lang/ClassNotFoundException'{0x00000000e9ca3d98}: org/gradle/plugin/use/internal/PluginsAwareScriptBeanInfo> (0x00000000e9ca3d98) 
thrown [s\src\hotspot\share\classfile\systemDictionary.cpp, line 256]
Event: 3.871 Thread 0x00000204df7599c0 Exception <a 'java/lang/ClassNotFoundException'{0x00000000e9caebc0}: org/gradle/groovy/scripts/DefaultScriptBeanInfo> (0x00000000e9caebc0) 
thrown [s\src\hotspot\share\classfile\systemDictionary.cpp, line 256]
Event: 3.871 Thread 0x00000204df7599c0 Exception <a 'java/lang/ClassNotFoundException'{0x00000000e9cb9910}: org/gradle/groovy/scripts/BasicScriptBeanInfo> (0x00000000e9cb9910) 
thrown [s\src\hotspot\share\classfile\systemDictionary.cpp, line 256]
Event: 3.871 Thread 0x00000204df7599c0 Exception <a 'java/lang/ClassNotFoundException'{0x00000000e9cc45f0}: org/gradle/groovy/scripts/ScriptBeanInfo> (0x00000000e9cc45f0) 
thrown [s\src\hotspot\share\classfile\systemDictionary.cpp, line 256]
Event: 3.872 Thread 0x00000204df7599c0 Exception <a 'java/lang/ClassNotFoundException'{0x00000000e9cdc868}: groovy/lang/ScriptBeanInfo> (0x00000000e9cdc868) 
thrown [s\src\hotspot\share\classfile\systemDictionary.cpp, line 256]
Event: 3.872 Thread 0x00000204df7599c0 Exception <a 'java/lang/ClassNotFoundException'{0x00000000e9cf4ad0}: groovy/lang/ScriptCustomizer> (0x00000000e9cf4ad0) 
thrown [s\src\hotspot\share\classfile\systemDictionary.cpp, line 256]
Event: 3.873 Thread 0x00000204df7599c0 Exception <a 'java/lang/ClassNotFoundException'{0x00000000e9b07998}: org/gradle/groovy/scripts/ScriptCustomizer> (0x00000000e9b07998) 
thrown [s\src\hotspot\share\classfile\systemDictionary.cpp, line 256]
Event: 3.874 Thread 0x00000204df7599c0 Exception <a 'java/lang/ClassNotFoundException'{0x00000000e9b19448}: org/gradle/groovy/scripts/BasicScriptCustomizer> (0x00000000e9b19448) 
thrown [s\src\hotspot\share\classfile\systemDictionary.cpp, line 256]
Event: 3.875 Thread 0x00000204df7599c0 Exception <a 'java/lang/ClassNotFoundException'{0x00000000e9b30b38}: org/gradle/groovy/scripts/DefaultScriptCustomizer> (0x00000000e9b30b38) 
thrown [s\src\hotspot\share\classfile\systemDictionary.cpp, line 256]
Event: 3.877 Thread 0x00000204df7599c0 Exception <a 'java/lang/ClassNotFoundException'{0x00000000e9b59300}: org/gradle/plugin/use/internal/PluginsAwareScriptCustomizer> (0x00000000e9b59300) 
thrown [s\src\hotspot\share\classfile\systemDictionary.cpp, line 256]
Event: 3.878 Thread 0x00000204df7599c0 Exception <a 'java/lang/ClassNotFoundException'{0x00000000e9b6c200}: org/gradle/initialization/SettingsScriptCustomizer> (0x00000000e9b6c200) 
thrown [s\src\hotspot\share\classfile\systemDictionary.cpp, line 256]

VM Operations (20 events):
Event: 3.361 Executing VM operation: HandshakeAllThreads
Event: 3.361 Executing VM operation: HandshakeAllThreads done
Event: 3.487 Executing VM operation: HandshakeAllThreads
Event: 3.487 Executing VM operation: HandshakeAllThreads done
Event: 3.487 Executing VM operation: HandshakeAllThreads
Event: 3.487 Executing VM operation: HandshakeAllThreads done
Event: 3.490 Executing VM operation: HandshakeAllThreads
Event: 3.490 Executing VM operation: HandshakeAllThreads done
Event: 3.493 Executing VM operation: HandshakeAllThreads
Event: 3.493 Executing VM operation: HandshakeAllThreads done
Event: 3.552 Executing VM operation: HandshakeAllThreads
Event: 3.552 Executing VM operation: HandshakeAllThreads done
Event: 3.625 Executing VM operation: ICBufferFull
Event: 3.626 Executing VM operation: ICBufferFull done
Event: 3.668 Executing VM operation: HandshakeAllThreads
Event: 3.668 Executing VM operation: HandshakeAllThreads done
Event: 3.687 Executing VM operation: HandshakeAllThreads
Event: 3.687 Executing VM operation: HandshakeAllThreads done
Event: 3.688 Executing VM operation: HandshakeAllThreads
Event: 3.688 Executing VM operation: HandshakeAllThreads done

Events (20 events):
Event: 3.653 loading class java/io/StringReader
Event: 3.653 loading class java/io/StringReader done
Event: 3.657 loading class java/math/MutableBigInteger
Event: 3.658 loading class java/math/MutableBigInteger done
Event: 3.696 loading class java/nio/charset/CharacterCodingException
Event: 3.696 loading class java/nio/charset/CharacterCodingException done
Event: 3.731 loading class java/util/stream/Streams$RangeIntSpliterator
Event: 3.732 loading class java/util/stream/Streams$RangeIntSpliterator done
Event: 3.749 Thread 0x00000204e19f37a0 Thread added: 0x00000204e19f37a0
Event: 3.782 Thread 0x00000204e19f2930 Thread added: 0x00000204e19f2930
Event: 3.792 loading class jdk/internal/loader/URLClassPath$FileLoader
Event: 3.792 loading class jdk/internal/loader/URLClassPath$FileLoader done
Event: 3.793 loading class jdk/internal/loader/URLClassPath$FileLoader$1
Event: 3.793 loading class jdk/internal/loader/URLClassPath$FileLoader$1 done
Event: 3.803 loading class java/util/stream/Nodes$FixedNodeBuilder
Event: 3.803 loading class java/util/stream/Nodes$ArrayNode
Event: 3.804 loading class java/util/stream/Nodes$ArrayNode done
Event: 3.804 loading class java/util/stream/Nodes$FixedNodeBuilder done
Event: 3.816 loading class java/lang/ProcessBuilder
Event: 3.816 loading class java/lang/ProcessBuilder done


Dynamic libraries:
0x00007ff67cd80000 - 0x00007ff67cd8e000 	C:\Program Files\Eclipse Adoptium\jdk-17.0.7.7-hotspot\bin\java.exe
0x00007ffc4c250000 - 0x00007ffc4c467000 	C:\windows\SYSTEM32\ntdll.dll
0x00007ffc4b470000 - 0x00007ffc4b534000 	C:\windows\System32\KERNEL32.DLL
0x00007ffc49900000 - 0x00007ffc49cb7000 	C:\windows\System32\KERNELBASE.dll
0x00007ffc49610000 - 0x00007ffc49721000 	C:\windows\System32\ucrtbase.dll
0x00007ffc159f0000 - 0x00007ffc15a07000 	C:\Program Files\Eclipse Adoptium\jdk-17.0.7.7-hotspot\bin\jli.dll
0x00007ffc159d0000 - 0x00007ffc159e9000 	C:\Program Files\Eclipse Adoptium\jdk-17.0.7.7-hotspot\bin\VCRUNTIME140.dll
0x00007ffc4b2a0000 - 0x00007ffc4b44f000 	C:\windows\System32\USER32.dll
0x00007ffc319f0000 - 0x00007ffc31c83000 	C:\windows\WinSxS\amd64_microsoft.windows.common-controls_6595b64144ccf1df_6.0.22621.3672_none_2713b9d173822955\COMCTL32.dll
0x00007ffc49560000 - 0x00007ffc49586000 	C:\windows\System32\win32u.dll
0x00007ffc4ba80000 - 0x00007ffc4bb27000 	C:\windows\System32\msvcrt.dll
0x00007ffc4c090000 - 0x00007ffc4c0b9000 	C:\windows\System32\GDI32.dll
0x00007ffc49e60000 - 0x00007ffc49f78000 	C:\windows\System32\gdi32full.dll
0x00007ffc49860000 - 0x00007ffc498fa000 	C:\windows\System32\msvcp_win.dll
0x00007ffc4c1d0000 - 0x00007ffc4c201000 	C:\windows\System32\IMM32.DLL
0x00007ffc2b020000 - 0x00007ffc2b02c000 	C:\Program Files\Eclipse Adoptium\jdk-17.0.7.7-hotspot\bin\vcruntime140_1.dll
0x00007ffc125f0000 - 0x00007ffc12681000 	C:\Program Files\Eclipse Adoptium\jdk-17.0.7.7-hotspot\bin\msvcp140.dll
0x00007ffba7d50000 - 0x00007ffba8998000 	C:\Program Files\Eclipse Adoptium\jdk-17.0.7.7-hotspot\bin\server\jvm.dll
0x00007ffc4a3c0000 - 0x00007ffc4a472000 	C:\windows\System32\ADVAPI32.dll
0x00007ffc4b9d0000 - 0x00007ffc4ba78000 	C:\windows\System32\sechost.dll
0x00007ffc49cc0000 - 0x00007ffc49ce8000 	C:\windows\System32\bcrypt.dll
0x00007ffc4a090000 - 0x00007ffc4a1a4000 	C:\windows\System32\RPCRT4.dll
0x00007ffc437a0000 - 0x00007ffc437d4000 	C:\windows\SYSTEM32\WINMM.dll
0x00007ffc40a40000 - 0x00007ffc40a4a000 	C:\windows\SYSTEM32\VERSION.dll
0x00007ffc2a570000 - 0x00007ffc2a579000 	C:\windows\SYSTEM32\WSOCK32.dll
0x00007ffc4c150000 - 0x00007ffc4c1c1000 	C:\windows\System32\WS2_32.dll
0x00007ffc48580000 - 0x00007ffc48598000 	C:\windows\SYSTEM32\kernel.appcore.dll
0x00007ffc2a4f0000 - 0x00007ffc2a4fa000 	C:\Program Files\Eclipse Adoptium\jdk-17.0.7.7-hotspot\bin\jimage.dll
0x00007ffc3fac0000 - 0x00007ffc3fcf2000 	C:\windows\SYSTEM32\DBGHELP.DLL
0x00007ffc4a540000 - 0x00007ffc4a8ce000 	C:\windows\System32\combase.dll
0x00007ffc4b8b0000 - 0x00007ffc4b987000 	C:\windows\System32\OLEAUT32.dll
0x00007ffc3c460000 - 0x00007ffc3c492000 	C:\windows\SYSTEM32\dbgcore.DLL
0x00007ffc49590000 - 0x00007ffc4960b000 	C:\windows\System32\bcryptPrimitives.dll
0x00007ffc258f0000 - 0x00007ffc258fe000 	C:\Program Files\Eclipse Adoptium\jdk-17.0.7.7-hotspot\bin\instrument.dll
0x00007ffc14e90000 - 0x00007ffc14eb5000 	C:\Program Files\Eclipse Adoptium\jdk-17.0.7.7-hotspot\bin\java.dll
0x00007ffc11b00000 - 0x00007ffc11bd6000 	C:\Program Files\Eclipse Adoptium\jdk-17.0.7.7-hotspot\bin\jsvml.dll
0x00007ffc4aa30000 - 0x00007ffc4b299000 	C:\windows\System32\SHELL32.dll
0x00007ffc47480000 - 0x00007ffc47d7f000 	C:\windows\SYSTEM32\windows.storage.dll
0x00007ffc47340000 - 0x00007ffc4747f000 	C:\windows\SYSTEM32\wintypes.dll
0x00007ffc4a2c0000 - 0x00007ffc4a3b9000 	C:\windows\System32\SHCORE.dll
0x00007ffc4a4e0000 - 0x00007ffc4a53e000 	C:\windows\System32\shlwapi.dll
0x00007ffc49490000 - 0x00007ffc494b7000 	C:\windows\SYSTEM32\profapi.dll
0x00007ffc13690000 - 0x00007ffc136a8000 	C:\Program Files\Eclipse Adoptium\jdk-17.0.7.7-hotspot\bin\zip.dll
0x00007ffc14e70000 - 0x00007ffc14e89000 	C:\Program Files\Eclipse Adoptium\jdk-17.0.7.7-hotspot\bin\net.dll
0x00007ffc45420000 - 0x00007ffc45556000 	C:\windows\SYSTEM32\WINHTTP.dll
0x00007ffc48a20000 - 0x00007ffc48a89000 	C:\windows\system32\mswsock.dll
0x00007ffc136b0000 - 0x00007ffc136c5000 	C:\Program Files\Eclipse Adoptium\jdk-17.0.7.7-hotspot\bin\nio.dll
0x00007ffc2a420000 - 0x00007ffc2a430000 	C:\Program Files\Eclipse Adoptium\jdk-17.0.7.7-hotspot\bin\verify.dll
0x00007ffc181f0000 - 0x00007ffc18217000 	C:\Users\justl\.gradle\native\c067742578af261105cb4f569cf0c3c89f3d7b1fecec35dd04571415982c5e48\windows-amd64\native-platform.dll
0x00007ffbe2ca0000 - 0x00007ffbe2de4000 	C:\Users\justl\.gradle\native\100fb08df4bc3b14c8652ba06237920a3bd2aa13389f12d3474272988ae205f9\windows-amd64\native-platform-file-events.dll
0x00007ffc25820000 - 0x00007ffc25829000 	C:\Program Files\Eclipse Adoptium\jdk-17.0.7.7-hotspot\bin\management.dll
0x00007ffc221e0000 - 0x00007ffc221eb000 	C:\Program Files\Eclipse Adoptium\jdk-17.0.7.7-hotspot\bin\management_ext.dll
0x00007ffc4bb30000 - 0x00007ffc4bb38000 	C:\windows\System32\PSAPI.DLL
0x00007ffc48c70000 - 0x00007ffc48c8b000 	C:\windows\SYSTEM32\CRYPTSP.dll
0x00007ffc484e0000 - 0x00007ffc48515000 	C:\windows\system32\rsaenh.dll
0x00007ffc48b10000 - 0x00007ffc48b38000 	C:\windows\SYSTEM32\USERENV.dll
0x00007ffc48c90000 - 0x00007ffc48c9c000 	C:\windows\SYSTEM32\CRYPTBASE.dll
0x00007ffc47fe0000 - 0x00007ffc4800d000 	C:\windows\SYSTEM32\IPHLPAPI.DLL
0x00007ffc4b450000 - 0x00007ffc4b459000 	C:\windows\System32\NSI.dll
0x00007ffc45030000 - 0x00007ffc45049000 	C:\windows\SYSTEM32\dhcpcsvc6.DLL
0x00007ffc45010000 - 0x00007ffc4502f000 	C:\windows\SYSTEM32\dhcpcsvc.DLL
0x00007ffc48010000 - 0x00007ffc48112000 	C:\windows\SYSTEM32\DNSAPI.dll
0x00007ffc1d220000 - 0x00007ffc1d22e000 	C:\Program Files\Eclipse Adoptium\jdk-17.0.7.7-hotspot\bin\sunmscapi.dll
0x00007ffc49cf0000 - 0x00007ffc49e56000 	C:\windows\System32\CRYPT32.dll
0x00007ffc48e10000 - 0x00007ffc48e3d000 	C:\windows\SYSTEM32\ncrypt.dll
0x00007ffc48dd0000 - 0x00007ffc48e07000 	C:\windows\SYSTEM32\NTASN1.dll
0x00007ffc2f300000 - 0x00007ffc2f308000 	C:\windows\system32\wshunix.dll

dbghelp: loaded successfully - version: 4.0.5 - missing functions: none
symbol engine: initialized successfully - sym options: 0x614 - pdb path: .;C:\Program Files\Eclipse Adoptium\jdk-17.0.7.7-hotspot\bin;C:\windows\SYSTEM32;C:\windows\WinSxS\amd64_microsoft.windows.common-controls_6595b64144ccf1df_6.0.22621.3672_none_2713b9d173822955;C:\Program Files\Eclipse Adoptium\jdk-17.0.7.7-hotspot\bin\server;C:\Users\justl\.gradle\native\c067742578af261105cb4f569cf0c3c89f3d7b1fecec35dd04571415982c5e48\windows-amd64;C:\Users\justl\.gradle\native\100fb08df4bc3b14c8652ba06237920a3bd2aa13389f12d3474272988ae205f9\windows-amd64

VM Arguments:
jvm_args: --add-opens=java.base/java.lang=ALL-UNNAMED --add-opens=java.base/java.lang.invoke=ALL-UNNAMED --add-opens=java.base/java.util=ALL-UNNAMED --add-opens=java.prefs/java.util.prefs=ALL-UNNAMED --add-exports=jdk.compiler/com.sun.tools.javac.api=ALL-UNNAMED --add-exports=jdk.compiler/com.sun.tools.javac.util=ALL-UNNAMED --add-opens=java.base/java.util=ALL-UNNAMED --add-opens=java.prefs/java.util.prefs=ALL-UNNAMED --add-opens=java.base/java.nio.charset=ALL-UNNAMED --add-opens=java.base/java.net=ALL-UNNAMED --add-opens=java.base/java.util.concurrent.atomic=ALL-UNNAMED --add-opens=java.xml/javax.xml.namespace=ALL-UNNAMED -XX:MaxMetaspaceSize=384m -XX:+HeapDumpOnOutOfMemoryError -Xms256m -Xmx512m -Dfile.encoding=windows-1252 -Duser.country=IN -Duser.language=en -Duser.variant -javaagent:C:\Users\justl\.gradle\wrapper\dists\gradle-8.11.1-bin\bpt9gzteqjrbo1mjrsomdt32c\gradle-8.11.1\lib\agents\gradle-instrumentation-agent-8.11.1.jar 
java_command: org.gradle.launcher.daemon.bootstrap.GradleDaemon 8.11.1
java_class_path (initial): C:\Users\justl\.gradle\wrapper\dists\gradle-8.11.1-bin\bpt9gzteqjrbo1mjrsomdt32c\gradle-8.11.1\lib\gradle-daemon-main-8.11.1.jar
Launcher Type: SUN_STANDARD

[Global flags]
     intx CICompilerCount                          = 4                                         {product} {ergonomic}
   size_t CompressedClassSpaceSize                 = 335544320                                 {product} {ergonomic}
     uint ConcGCThreads                            = 3                                         {product} {ergonomic}
     uint G1ConcRefinementThreads                  = 10                                        {product} {ergonomic}
   size_t G1HeapRegionSize                         = 1048576                                   {product} {ergonomic}
    uintx GCDrainStackTargetSize                   = 64                                        {product} {ergonomic}
     bool HeapDumpOnOutOfMemoryError               = true                                   {manageable} {command line}
   size_t InitialHeapSize                          = 268435456                                 {product} {command line}
   size_t MarkStackSize                            = 4194304                                   {product} {ergonomic}
   size_t MaxHeapSize                              = 536870912                                 {product} {command line}
   size_t MaxMetaspaceSize                         = 402653184                                 {product} {command line}
   size_t MaxNewSize                               = 321912832                                 {product} {ergonomic}
   size_t MinHeapDeltaBytes                        = 1048576                                   {product} {ergonomic}
   size_t MinHeapSize                              = 268435456                                 {product} {command line}
    uintx NonNMethodCodeHeapSize                   = 5839372                                {pd product} {ergonomic}
    uintx NonProfiledCodeHeapSize                  = 122909434                              {pd product} {ergonomic}
    uintx ProfiledCodeHeapSize                     = 122909434                              {pd product} {ergonomic}
    uintx ReservedCodeCacheSize                    = 251658240                              {pd product} {ergonomic}
     bool SegmentedCodeCache                       = true                                      {product} {ergonomic}
   size_t SoftMaxHeapSize                          = 536870912                              {manageable} {ergonomic}
     bool UseCompressedClassPointers               = true                           {product lp64_product} {ergonomic}
     bool UseCompressedOops                        = true                           {product lp64_product} {ergonomic}
     bool UseG1GC                                  = true                                      {product} {ergonomic}
     bool UseLargePagesIndividualAllocation        = false                                  {pd product} {ergonomic}

Logging:
Log output configuration:
 #0: stdout all=warning uptime,level,tags
 #1: stderr all=off uptime,level,tags

Environment Variables:
JAVA_HOME=C:\Program Files\Eclipse Adoptium\jdk-17.0.7.7-hotspot\
CLASSPATH=C:\Lucky\Github\springboot_boilerplate\\gradle\wrapper\gradle-wrapper.jar
PATH=C:\Program Files\Eclipse Adoptium\jdk-21.0.3.9-hotspot\bin;C:\Program Files (x86)\VMware\VMware Player\bin\;C:\Program Files (x86)\Common Files\Intel\Shared Libraries\redist\intel64\compiler;C:\Program Files\Eclipse Adoptium\jdk-17.0.7.7-hotspot\bin;C:\windows\system32;C:\windows;C:\windows\System32\Wbem;C:\windows\System32\WindowsPowerShell\v1.0\;C:\windows\System32\OpenSSH\;C:\Program Files (x86)\NVIDIA Corporation\PhysX\Common;C:\Program Files\NVIDIA Corporation\NVIDIA NvDLISR;C:\msys64\mingw64\bin;C:\Users\justl\Downloads\python-3.11.1-amd64.exe;C:\Program Files\PuTTY\;C:\Program Files\dotnet\;C:\ProgramData\chocolatey\bin;C:\Program Files\nodejs\;C:\Program Files\HP\HP One Agent;C:\Program Files\Git\cmd;C:\Program Files (x86)\Windows Kits\10\Windows Performance Toolkit\;C:\Program Files\Cloudflare\Cloudflare WARP\;C:\Users\justl\AppData\Local\Programs\Python\Python313\Scripts\;C:\Users\justl\AppData\Local\Programs\Python\Python313\;C:\Users\justl\AppData\Local\Programs\Python\Python39\Scripts\;C:\Users\justl\AppData\Local\Programs\Python\Python39\;C:\Users\justl\.pyenv\pyenv-win\bin;C:\Users\justl\.pyenv\pyenv-win\shims;C:\Users\justl\AppData\Local\Programs\Python\Launcher\;C:\Users\justl\anaconda3;C:\Users\justl\anaconda3\Library\mingw-w64\bin;C:\Users\justl\anaconda3\Library\usr\bin;C:\Users\justl\anaconda3\Library\bin;C:\Users\justl\anaconda3\Scripts;C:\Users\justl\AppData\Local\Programs\Python\Python312\Scripts\;C:\Users\justl\AppData\Local\Programs\Python\Python312\;C:\Users\justl\AppData\Local\Microsoft\WindowsApps;C:\Users\justl\AppData\Local\Programs\Microsoft VS Code\bin;C:\Users\justl\.dotnet\tools;C:\Users\justl\AppData\Roaming\npm;C:\xampp\php;C:\Program Files\JetBrains\IntelliJ IDEA 2024.2.0.1\bin;C:\Users\justl\AppData\Local\GitHubDesktop\bin
USERNAME=justl
LANG=en_US.UTF-8
OS=Windows_NT
PROCESSOR_IDENTIFIER=AMD64 Family 25 Model 80 Stepping 0, AuthenticAMD
TMP=C:\Users\justl\AppData\Local\Temp
TEMP=C:\Users\justl\AppData\Local\Temp



---------------  S Y S T E M  ---------------

OS:
 Windows 11 , 64 bit Build 22621 (10.0.22621.3958)
OS uptime: 1 days 0:23 hours
Hyper-V role detected

CPU: total 12 (initial active 12) (12 cores per cpu, 2 threads per core) family 25 model 80 stepping 0 microcode 0x0, cx8, cmov, fxsr, ht, mmx, 3dnowpref, sse, sse2, sse3, ssse3, sse4a, sse4.1, sse4.2, popcnt, lzcnt, tsc, tscinvbit, avx, avx2, aes, erms, clmul, bmi1, bmi2, adx, sha, fma, vzeroupper, clflush, clflushopt, hv

Memory: 4k page, system-wide physical 7518M (337M free)
TotalPageFile size 15682M (AvailPageFile size 7M)
current process WorkingSet (physical memory assigned to process): 288M, peak: 291M
current process commit charge ("private bytes"): 461M, peak: 464M

vm_info: OpenJDK 64-Bit Server VM (17.0.7+7) for windows-amd64 JRE (17.0.7+7), built on Apr 18 2023 22:10:42 by "temurin" with MS VC++ 16.7 (VS2019)

END.
